
=================================================================
  EMBARCADERO SEQUENCER - ABLATION STUDY
=================================================================

Config: 4 brokers, 2 producers, 30s, 10% L5, 5 runs, std::sort, validate=yes, scatter_gather=8 shards, scatter_gather_only=yes, pbr_entries=262144

=================================================================
  ABLATION: Single-Thread vs Scatter-Gather
=================================================================
  Shards    Throughput   Speedup Efficiency
-----------------------------------------------------------------
  Warmup... done
  Running...[PROFILE] merge=1216 partition=609 l0=55886 l5=3878 hold=4971 μs/epoch (avg over 100 epochs)
 done
[PROFILE] merge=1588 partition=1676 l0=182697 l5=13223 hold=25860 μs/epoch (avg over 100 epochs)
  Validating... PASSED
  [COMPLETENESS WARN] large in-flight at t1: 1563225 (injected=47471602, accounted=45908377)
  [SANITY FAIL] P99 latency 1372.05 ms is unreasonable; system is backlogged.
  [SANITY FAIL] Drop rate 2.47% is too high for a log system.
       1       1493306    1.00×         7.3%
  Warmup... done
  Running...
=================================================================
  EMBARCADERO SEQUENCER - ABLATION STUDY
=================================================================

Config: 4 brokers, 2 producers, 30s, 10% L5, 5 runs, std::sort, validate=yes, scatter_gather=8 shards, scatter_gather_only=yes, pbr_entries=262144

=================================================================
  ABLATION: Single-Thread vs Scatter-Gather
=================================================================
  Shards    Throughput   Speedup Efficiency
-----------------------------------------------------------------
  Warmup... done
[PROFILE] merge=207 partition=181 l0=7777 l5=1244 hold=341 μs/epoch (avg over 100 epochs)
[PROFILE] merge=0 partition=0 l0=0 l5=0 hold=0 μs/epoch (avg over 100 epochs)
[PROFILE] merge=0 partition=0 l0=0 l5=0 hold=0 μs/epoch (avg over 100 epochs)
  Running...[PROFILE] merge=0 partition=0 l0=0 l5=0 hold=0 μs/epoch (avg over 100 epochs)
[PROFILE] merge=1885 partition=1592 l0=124930 l5=10653 hold=15511 μs/epoch (avg over 100 epochs)
 done
  Validating... PASSED
  [COMPLETENESS WARN] large in-flight at t1: 1622024 (injected=45708449, accounted=44086425)
  [SANITY FAIL] P99 latency 1378.64 ms is unreasonable; system is backlogged.
  [SANITY FAIL] Drop rate 2.03% is too high for a log system.
       1       1440330    1.00×         7.0%
  Warmup... done
  Running...