
=================================================================
  EMBARCADERO SEQUENCER - ABLATION STUDY
=================================================================

Config: 4 brokers, 8 producers, 10s, 10% L5, 5 runs, std::sort, validate=yes

=================================================================
  ABLATION 1: Per-Batch vs Per-Epoch (paired, 5 runs)
=================================================================
  (Per-epoch: atomics = epochs with non-empty output; when sequencer is bottleneck,
   epochs << duration/τ, so atomics << 10000 for 5s @ 500μs.)
  Warmup... done
  Running... done
  Validating... PASSED
  WARNING: PBR_full=877427 (4.1% of attempts). Run may be saturation-bound; consider larger pbr_entries or fewer producers for interpretable throughput.
  Warmup... done
  Running... done
  Validating... PASSED
  WARNING: PBR_full=880067 (4.2% of attempts). Run may be saturation-bound; consider larger pbr_entries or fewer producers for interpretable throughput.
  Warmup... done
  Running... done
  Validating... PASSED
  WARNING: PBR_full=871348 (4.4% of attempts). Run may be saturation-bound; consider larger pbr_entries or fewer producers for interpretable throughput.
  Warmup... done
  Running... done
  Validating... PASSED
  WARNING: PBR_full=892275 (4.4% of attempts). Run may be saturation-bound; consider larger pbr_entries or fewer producers for interpretable throughput.
  Warmup... done
  Running... done
  Validating... PASSED
  WARNING: PBR_full=915284 (5.1% of attempts). Run may be saturation-bound; consider larger pbr_entries or fewer producers for interpretable throughput.
  Warmup... done
  Running... done
  Validating... PASSED
  WARNING: PBR_full=920676 (4.7% of attempts). Run may be saturation-bound; consider larger pbr_entries or fewer producers for interpretable throughput.
  Warmup... done
  Running... done
  Validating... PASSED
  WARNING: PBR_full=876691 (4.2% of attempts). Run may be saturation-bound; consider larger pbr_entries or fewer producers for interpretable throughput.
  Warmup... done
  Running... done
  Validating... PASSED
  WARNING: PBR_full=929623 (4.3% of attempts). Run may be saturation-bound; consider larger pbr_entries or fewer producers for interpretable throughput.
  Warmup... done
  Running... done
  Validating... PASSED
  WARNING: PBR_full=926697 (4.2% of attempts). Run may be saturation-bound; consider larger pbr_entries or fewer producers for interpretable throughput.
  Warmup... done
  Running... done
  Validating... PASSED
  WARNING: PBR_full=920942 (4.3% of attempts). Run may be saturation-bound; consider larger pbr_entries or fewer producers for interpretable throughput.
  Warmup... done
  Running... done
  Validating... PASSED
  WARNING: PBR_full=929474 (4.3% of attempts). Run may be saturation-bound; consider larger pbr_entries or fewer producers for interpretable throughput.
  Warmup... done
  Running... done
  Validating... PASSED
  WARNING: PBR_full=945506 (4.5% of attempts). Run may be saturation-bound; consider larger pbr_entries or fewer producers for interpretable throughput.
-----------------------------------------------------------------
  Per-Batch Atomic (Baseline) (5 runs)
-----------------------------------------------------------------
  Throughput: 1.98 M/s [1.68, 2.08] ±0.15 M/s (7.3% of median)
  P99 Latency: 1.15 μs [1.02, 2.09]
  Atomics: 18858996  Epochs: 28  Gaps: 0  PBR_full: 903898
  Efficiency: 9.7% of theoretical max (21 GB/s)
-----------------------------------------------------------------
  Per-Epoch Atomic (Optimized) (5 runs)
-----------------------------------------------------------------
  Throughput: 2.01 M/s [1.86, 2.05] ±0.08 M/s (3.8% of median)
  P99 Latency: 1.11 μs [1.08, 2.39]
  Atomics: 25  Epochs: 28  Gaps: 0  PBR_full: 921804
  Efficiency: 9.8% of theoretical max (21 GB/s)

  >>> SPEEDUP: 1.01× [0.97, 1.11] (±0.05)
  >>> ATOMIC REDUCTION: 754360×

=================================================================
  Level 0 (Total Order)
=================================================================
  Warmup... done
  Running... done
  Validating... PASSED
  WARNING: PBR_full=906436 (4.1% of attempts). Run may be saturation-bound; consider larger pbr_entries or fewer producers for interpretable throughput.
  Warmup... done
  Running... done
  Validating... PASSED
  WARNING: PBR_full=944785 (4.4% of attempts). Run may be saturation-bound; consider larger pbr_entries or fewer producers for interpretable throughput.
  Warmup... done
  Running... done
  Validating... PASSED
  WARNING: PBR_full=931143 (4.3% of attempts). Run may be saturation-bound; consider larger pbr_entries or fewer producers for interpretable throughput.
  Warmup... done
  Running... done
  Validating... PASSED
  WARNING: PBR_full=933797 (4.2% of attempts). Run may be saturation-bound; consider larger pbr_entries or fewer producers for interpretable throughput.
  Warmup... done
  Running... done
  Validating... PASSED
  WARNING: PBR_full=900589 (4.1% of attempts). Run may be saturation-bound; consider larger pbr_entries or fewer producers for interpretable throughput.
  Warmup... done
  Running... done
  Validating... PASSED
  WARNING: PBR_full=920605 (4.2% of attempts). Run may be saturation-bound; consider larger pbr_entries or fewer producers for interpretable throughput.
-----------------------------------------------------------------
  Level 0 (Total Order) (5 runs)
-----------------------------------------------------------------
  Throughput: 2.07 M/s [2.04, 2.09] ±0.02 M/s (0.8% of median)
  P99 Latency: 1.04 μs [1.01, 2.41]
  Atomics: 26  Epochs: 29  Gaps: 0  PBR_full: 926183
  Efficiency: 10.1% of theoretical max (21 GB/s)

=================================================================
  Mixed 10% L5
=================================================================
  Warmup... done
  Running... done
  Validating... FAILED
  Validation reason: per-client order violation client_id=1 global_seq 8159168 client_seq 6460 then global_seq 9602312 client_seq 4602
  WARNING: PBR_full=926147 (5.0% of attempts). Run may be saturation-bound; consider larger pbr_entries or fewer producers for interpretable throughput.
  Warmup... done
  Running... done
  Validating... FAILED
  Validation reason: per-client order violation client_id=1 global_seq 2545190 client_seq 2188 then global_seq 2683396 client_seq 128
  WARNING: PBR_full=857508 (4.7% of attempts). Run may be saturation-bound; consider larger pbr_entries or fewer producers for interpretable throughput.
  Warmup... done
  Running... done
  Validating... FAILED
  Validation reason: per-client order violation client_id=3 global_seq 1561187 client_seq 2779 then global_seq 2964146 client_seq 763
  WARNING: PBR_full=931294 (5.1% of attempts). Run may be saturation-bound; consider larger pbr_entries or fewer producers for interpretable throughput.
  Warmup... done
  Running... done
  Validating... FAILED
  Validation reason: per-client order violation client_id=1 global_seq 4813629 client_seq 3170 then global_seq 6301490 client_seq 2622
  WARNING: PBR_full=942877 (4.8% of attempts). Run may be saturation-bound; consider larger pbr_entries or fewer producers for interpretable throughput.
  Warmup... done
  Running... done
  Validating... FAILED
  Validation reason: per-client order violation client_id=3 global_seq 1206487 client_seq 2467 then global_seq 2558474 client_seq 691
  WARNING: PBR_full=947448 (5.7% of attempts). Run may be saturation-bound; consider larger pbr_entries or fewer producers for interpretable throughput.
  Warmup... done
  Running... done
  Validating... FAILED
  Validation reason: per-client order violation client_id=1 global_seq 5444991 client_seq 3730 then global_seq 7058129 client_seq 2647
  WARNING: PBR_full=921505 (4.9% of attempts). Run may be saturation-bound; consider larger pbr_entries or fewer producers for interpretable throughput.
-----------------------------------------------------------------
  Mixed 10% L5 (5 runs)
-----------------------------------------------------------------
  Throughput: 1.73 M/s [1.57, 1.84] ±0.09 M/s (5.3% of median)
  P99 Latency: 1.16 μs [1.05, 2.30]
  Atomics: 23  Epochs: 23  Gaps: 661102  Dropped: 860882  PBR_full: 920126
  Efficiency: 8.4% of theoretical max (21 GB/s)

=================================================================
  Stress Test (100% L5)
=================================================================
  Warmup... done
  Running... done
  Validating... PASSED
  WARNING: PBR_full=1065919 (90.0% of attempts). Run may be saturation-bound; consider larger pbr_entries or fewer producers for interpretable throughput.
  Warmup... done
  Running... done
  Validating... PASSED
  WARNING: PBR_full=1044333 (86.1% of attempts). Run may be saturation-bound; consider larger pbr_entries or fewer producers for interpretable throughput.
  Warmup... done
  Running... done
  Validating... PASSED
  WARNING: PBR_full=1077046 (95.6% of attempts). Run may be saturation-bound; consider larger pbr_entries or fewer producers for interpretable throughput.
  Warmup... done
  Running... done
  Validating... PASSED
  WARNING: PBR_full=1064252 (89.1% of attempts). Run may be saturation-bound; consider larger pbr_entries or fewer producers for interpretable throughput.
  Warmup... done
  Running... done
  Validating... PASSED
  WARNING: PBR_full=1085279 (86.9% of attempts). Run may be saturation-bound; consider larger pbr_entries or fewer producers for interpretable throughput.
  Warmup... done
  Running... done
  Validating... PASSED
  WARNING: PBR_full=1075989 (87.4% of attempts). Run may be saturation-bound; consider larger pbr_entries or fewer producers for interpretable throughput.
-----------------------------------------------------------------
  Stress Test (100% L5) (5 runs)
-----------------------------------------------------------------
  Throughput: 0.02 M/s [0.00, 0.02] ±0.00 M/s (28.3% of median)
  P99 Latency: 2.87 μs [0.00, 2.95]
  Atomics: 2  Epochs: 2  Gaps: 105  Dropped: 1868754  PBR_full: 1069379
  Efficiency: 0.1% of theoretical max (21 GB/s)

=================================================================
  SCALABILITY: Threads (median of 5 runs)
=================================================================
 Threads     Batches/s  [min, max]      MB/s   P99 μs
-----------------------------------------------------------------
  Warmup... done
  Running... done
  Validating... FAILED
  Validation reason: per-client order violation client_id=1 global_seq 3258972 client_seq 3304 then global_seq 6297613 client_seq 3182
  Warmup... done
  Running... done
  Validating... FAILED
  Validation reason: per-client order violation client_id=2 global_seq 6279916 client_seq 3523 then global_seq 6655121 client_seq 3289
  Warmup... done
  Running... done
  Validating... FAILED
  Validation reason: per-client order violation client_id=2 global_seq 4980785 client_seq 3257 then global_seq 5183704 client_seq 2610
  Warmup... done
  Running... done
  Validating... FAILED
  Validation reason: per-client order violation client_id=1 global_seq 3665535 client_seq 2693 then global_seq 3744332 client_seq 1193
  Warmup... done
  Running... done
  Validating... FAILED
  Validation reason: per-client order violation client_id=1 global_seq 2887977 client_seq 2492 then global_seq 3783369 client_seq 615
  Warmup... done
  Running... done
  Validating... FAILED
  Validation reason: per-client order violation client_id=1 global_seq 7642077 client_seq 6001 then global_seq 8466232 client_seq 3851
       1       1748792 [1559998, 1850053]   1790.76 MB/s 0.6 μs
  Warmup... done
  Running... done
  Validating... FAILED
  Validation reason: per-client order violation client_id=2 global_seq 7814782 client_seq 5739 then global_seq 8660822 client_seq 3634
  WARNING: PBR_full=89845 (1.0% of attempts). Run may be saturation-bound; consider larger pbr_entries or fewer producers for interpretable throughput.
  Warmup... done
  Running... done
  Validating... FAILED
  Validation reason: per-client order violation client_id=1 global_seq 5169648 client_seq 3068 then global_seq 5821498 client_seq 2079
  WARNING: PBR_full=93267 (1.3% of attempts). Run may be saturation-bound; consider larger pbr_entries or fewer producers for interpretable throughput.
  Warmup... done
  Running... done
  Validating... FAILED
  Validation reason: per-client order violation client_id=1 global_seq 3188905 client_seq 2476 then global_seq 4361814 client_seq 1272
  Warmup... done
  Running... done
  Validating... FAILED
  Validation reason: per-client order violation client_id=3 global_seq 3302597 client_seq 3000 then global_seq 5317013 client_seq 2597
  WARNING: PBR_full=94437 (1.2% of attempts). Run may be saturation-bound; consider larger pbr_entries or fewer producers for interpretable throughput.
  Warmup... done
  Running... done
  Validating... FAILED
  Validation reason: per-client order violation client_id=1 global_seq 2989703 client_seq 1639 then global_seq 3632192 client_seq 88
  WARNING: PBR_full=91796 (1.0% of attempts). Run may be saturation-bound; consider larger pbr_entries or fewer producers for interpretable throughput.
  Warmup... done
  Running... done
  Validating... FAILED
  Validation reason: per-client order violation client_id=1 global_seq 2718369 client_seq 2511 then global_seq 3256681 client_seq 166
       2       1733520 [1396487, 2035374]   1775.12 MB/s 0.7 μs
  Warmup... done
  Running... done
  Validating... FAILED
  Validation reason: per-client order violation client_id=1 global_seq 5163016 client_seq 3304 then global_seq 5246850 client_seq 2304
  WARNING: PBR_full=233617 (2.9% of attempts). Run may be saturation-bound; consider larger pbr_entries or fewer producers for interpretable throughput.
  Warmup... done
  Running... done
  Validating... FAILED
  Validation reason: per-client order violation client_id=1 global_seq 4082306 client_seq 2848 then global_seq 4317236 client_seq 1935
  WARNING: PBR_full=222470 (2.1% of attempts). Run may be saturation-bound; consider larger pbr_entries or fewer producers for interpretable throughput.
  Warmup... done
  Running... done
  Validating... FAILED
  Validation reason: per-client order violation client_id=1 global_seq 3973351 client_seq 2634 then global_seq 4202775 client_seq 2027
  WARNING: PBR_full=219517 (2.1% of attempts). Run may be saturation-bound; consider larger pbr_entries or fewer producers for interpretable throughput.
  Warmup... done
  Running... done
  Validating... FAILED
  Validation reason: per-client order violation client_id=3 global_seq 2444695 client_seq 716 then global_seq 2521746 client_seq 37
  WARNING: PBR_full=221016 (2.2% of attempts). Run may be saturation-bound; consider larger pbr_entries or fewer producers for interpretable throughput.
  Warmup... done
  Running... done
  Validating... FAILED
  Validation reason: per-client order violation client_id=1 global_seq 3992474 client_seq 2861 then global_seq 4216603 client_seq 1750
  WARNING: PBR_full=226226 (2.2% of attempts). Run may be saturation-bound; consider larger pbr_entries or fewer producers for interpretable throughput.
  Warmup... done
  Running... done
  Validating... FAILED
  Validation reason: per-client order violation client_id=1 global_seq 4009928 client_seq 2871 then global_seq 4234298 client_seq 1746
  WARNING: PBR_full=218495 (2.1% of attempts). Run may be saturation-bound; consider larger pbr_entries or fewer producers for interpretable throughput.
       4       2005459 [1961697, 2015388]   2053.59 MB/s 0.7 μs
  Warmup... done
  Running... done
  Validating... FAILED
  Validation reason: per-client order violation client_id=1 global_seq 4770431 client_seq 3160 then global_seq 6269442 client_seq 2535
  WARNING: PBR_full=445695 (4.3% of attempts). Run may be saturation-bound; consider larger pbr_entries or fewer producers for interpretable throughput.
  Warmup... done
  Running... done
  Validating... FAILED
  Validation reason: per-client order violation client_id=1 global_seq 4847805 client_seq 2940 then global_seq 5668523 client_seq 2371
  WARNING: PBR_full=447713 (3.9% of attempts). Run may be saturation-bound; consider larger pbr_entries or fewer producers for interpretable throughput.
  Warmup... done
  Running... done
  Validating... FAILED
  Validation reason: per-client order violation client_id=1 global_seq 2487213 client_seq 2079 then global_seq 2630723 client_seq 332
  WARNING: PBR_full=458757 (4.4% of attempts). Run may be saturation-bound; consider larger pbr_entries or fewer producers for interpretable throughput.
  Warmup... done
  Running... done
  Validating... FAILED
  Validation reason: per-client order violation client_id=1 global_seq 5522006 client_seq 4418 then global_seq 6940653 client_seq 2528
  WARNING: PBR_full=467687 (4.9% of attempts). Run may be saturation-bound; consider larger pbr_entries or fewer producers for interpretable throughput.
  Warmup... done
  Running... done
  Validating... FAILED
  Validation reason: per-client order violation client_id=1 global_seq 4130636 client_seq 2495 then global_seq 4196453 client_seq 1693
  WARNING: PBR_full=475062 (4.9% of attempts). Run may be saturation-bound; consider larger pbr_entries or fewer producers for interpretable throughput.
  Warmup... done
  Running... done
  Validating... FAILED
  Validation reason: per-client order violation client_id=2 global_seq 7829246 client_seq 5488 then global_seq 8366268 client_seq 3322
  WARNING: PBR_full=456886 (4.3% of attempts). Run may be saturation-bound; consider larger pbr_entries or fewer producers for interpretable throughput.
       8       1944380 [1783815, 2172647]   1991.04 MB/s 1.2 μs
  Warmup... done
  Running... done
  Validating... FAILED
  Validation reason: per-client order violation client_id=1 global_seq 6809882 client_seq 3072 then global_seq 7497645 client_seq 1979
  WARNING: PBR_full=946829 (8.0% of attempts). Run may be saturation-bound; consider larger pbr_entries or fewer producers for interpretable throughput.
  Warmup... done
  Running... done
  Validating... FAILED
  Validation reason: per-client order violation client_id=8 global_seq 1921423 client_seq 2613 then global_seq 2857193 client_seq 1201
  WARNING: PBR_full=817357 (31.7% of attempts). Run may be saturation-bound; consider larger pbr_entries or fewer producers for interpretable throughput.
  Warmup... done
  Running... done
  Validating... FAILED
  Validation reason: per-client order violation client_id=1 global_seq 3160114 client_seq 978 then global_seq 3272553 client_seq 389
  WARNING: PBR_full=991124 (10.7% of attempts). Run may be saturation-bound; consider larger pbr_entries or fewer producers for interpretable throughput.
  Warmup... done
  Running... done
  Validating... FAILED
  Validation reason: per-client order violation client_id=2 global_seq 4948863 client_seq 2966 then global_seq 5037537 client_seq 2347
  WARNING: PBR_full=970886 (10.8% of attempts). Run may be saturation-bound; consider larger pbr_entries or fewer producers for interpretable throughput.
  Warmup... done
  Running... done
  Validating... FAILED
  Validation reason: per-client order violation client_id=2 global_seq 6460055 client_seq 2846 then global_seq 7400763 client_seq 1474
  WARNING: PBR_full=985868 (9.9% of attempts). Run may be saturation-bound; consider larger pbr_entries or fewer producers for interpretable throughput.
  Warmup... done
  Running... done
  Validating... FAILED
  Validation reason: per-client order violation client_id=1 global_seq 2934956 client_seq 1674 then global_seq 3167782 client_seq 431
  WARNING: PBR_full=981278 (11.0% of attempts). Run may be saturation-bound; consider larger pbr_entries or fewer producers for interpretable throughput.
      16       1577638 [351990, 1768927]   1615.50 MB/s 2.7 μs

=================================================================
  EPOCH IMPACT (Seq = CPU time to process one epoch)
=================================================================
Epoch(μs)     Batches/s Epoch CPU (μs)
-----------------------------------------------------------------
  Warmup... done
  Running... done
  Validating... FAILED
  Validation reason: per-client order violation client_id=2 global_seq 5372963 client_seq 3548 then global_seq 6981886 client_seq 2426
  WARNING: PBR_full=456845 (4.8% of attempts). Run may be saturation-bound; consider larger pbr_entries or fewer producers for interpretable throughput.
       100       1802417        473811.5
  Warmup... done
  Running... done
  Validating... FAILED
  Validation reason: per-client order violation client_id=1 global_seq 6723448 client_seq 4526 then global_seq 7570888 client_seq 2424
  WARNING: PBR_full=467979 (4.3% of attempts). Run may be saturation-bound; consider larger pbr_entries or fewer producers for interpretable throughput.
       250       2077892        521204.6
  Warmup... done
  Running... done
  Validating... FAILED
  Validation reason: per-client order violation client_id=1 global_seq 6094103 client_seq 4159 then global_seq 6907766 client_seq 2613
  WARNING: PBR_full=467945 (4.5% of attempts). Run may be saturation-bound; consider larger pbr_entries or fewer producers for interpretable throughput.
       500       1943259        624624.4
  Warmup... done
  Running... done
  Validating... FAILED
  Validation reason: per-client order violation client_id=2 global_seq 7606077 client_seq 5216 then global_seq 9119560 client_seq 3708
  WARNING: PBR_full=429088 (3.9% of attempts). Run may be saturation-bound; consider larger pbr_entries or fewer producers for interpretable throughput.
      1000       2053776        511568.0
  Warmup... done
  Running... done
  Validating... FAILED
  Validation reason: per-client order violation client_id=1 global_seq 1084399 client_seq 2184 then global_seq 2525478 client_seq 545
  WARNING: PBR_full=463002 (4.2% of attempts). Run may be saturation-bound; consider larger pbr_entries or fewer producers for interpretable throughput.
      2000       2078357        471320.7

=================================================================
  BROKER SCALABILITY
=================================================================
   Brokers     Batches/s      MB/s
-----------------------------------------------------------------
  Warmup... done
  Running... done
  Validating... FAILED
  Validation reason: per-client order violation client_id=1 global_seq 1080634 client_seq 1225 then global_seq 1385827 client_seq 664
  WARNING: PBR_full=329711 (3.3% of attempts). Run may be saturation-bound; consider larger pbr_entries or fewer producers for interpretable throughput.
         1       1874240   1919.22
  Warmup... done
  Running... done
  Validating... FAILED
  Validation reason: per-client order violation client_id=2 global_seq 2339831 client_seq 1905 then global_seq 2608909 client_seq 532
  WARNING: PBR_full=418937 (4.4% of attempts). Run may be saturation-bound; consider larger pbr_entries or fewer producers for interpretable throughput.
         2       1803343   1846.62
  Warmup... done
  Running... done
  Validating... FAILED
  Validation reason: per-client order violation client_id=2 global_seq 1058721 client_seq 2231 then global_seq 2461169 client_seq 115
  WARNING: PBR_full=462265 (4.4% of attempts). Run may be saturation-bound; consider larger pbr_entries or fewer producers for interpretable throughput.
         4       1990105   2037.87
  Warmup... done
  Running... done
  Validating... FAILED
  Validation reason: per-client order violation client_id=3 global_seq 1576227 client_seq 4368 then global_seq 4966144 client_seq 425
  WARNING: PBR_full=522792 (6.7% of attempts). Run may be saturation-bound; consider larger pbr_entries or fewer producers for interpretable throughput.
         8       1442009   1476.62
  Warmup... done
  Running... done
  Validating... PASSED
  WARNING: PBR_full=527365 (5.1% of attempts). Run may be saturation-bound; consider larger pbr_entries or fewer producers for interpretable throughput.
        16       1942509   1989.13

=================================================================
  ABLATION: Single-Thread vs Scatter-Gather
=================================================================
  Shards    Throughput   Speedup Efficiency
-----------------------------------------------------------------
  Warmup... done
  Running... done
  Validating... FAILED
  Validation reason: per-client order violation client_id=2 global_seq 5396448 client_seq 3408 then global_seq 6988357 client_seq 2633
  WARNING: PBR_full=936725 (4.9% of attempts). Run may be saturation-bound; consider larger pbr_entries or fewer producers for interpretable throughput.
       1       1804570    1.00×         8.8%
  Warmup... done
  Running... done
  Validating... PASSED
  WARNING: Zero throughput. PBR_full=1099753 (if high: PBR saturated - try larger pbr_entries or fewer producers).
  WARNING: PBR_full=1099753 (100.0% of attempts). Run may be saturation-bound; consider larger pbr_entries or fewer producers for interpretable throughput.
       2             0      0.00×         0.0%
  Warmup... done
  Running... done
  Validating... PASSED
  WARNING: Zero throughput. PBR_full=1085337 (if high: PBR saturated - try larger pbr_entries or fewer producers).
  WARNING: PBR_full=1085337 (100.0% of attempts). Run may be saturation-bound; consider larger pbr_entries or fewer producers for interpretable throughput.
       4             0      0.00×         0.0%
  Warmup... done
  Running... done
  Validating... PASSED
  WARNING: Zero throughput. PBR_full=1060387 (if high: PBR saturated - try larger pbr_entries or fewer producers).
  WARNING: PBR_full=1060387 (100.0% of attempts). Run may be saturation-bound; consider larger pbr_entries or fewer producers for interpretable throughput.
       8             0      0.00×         0.0%
  Warmup... done
  Running... done
  Validating... PASSED
  WARNING: Zero throughput. PBR_full=1077129 (if high: PBR saturated - try larger pbr_entries or fewer producers).
  WARNING: PBR_full=1077129 (100.0% of attempts). Run may be saturation-bound; consider larger pbr_entries or fewer producers for interpretable throughput.
      16             0      0.00×         0.0%

=================================================================
  Complete
=================================================================

