Cleaning up stale brokers and ports...
Running trial 1 with message size 1024
Started head broker with PID 1655656
Waiting for broker to signal readiness (timeout: 60s, PID: 1655656)...
Broker ready! Found ready file: /tmp/embarlet_1655656_ready (PID: 1655656) after 8s
Started follower brokers with PIDs: 1656183 1656184 1656185
Waiting for 3 broker(s) to signal readiness (timeout: 20s, PIDs: 1656183 1656184 1656185)...
All 3 broker(s) ready after 0s
All brokers ready, cluster formed
I20260203 18:13:53.518278 1656568 main.cc:68] Using threads_per_broker from command line: 3
I20260203 18:13:54.059702 1656568 test_utils.cc:51] 

===== Publish Throughput Test =====
	  Message size: 1024 bytes
	  Total message size: 8589934592 bytes
	  Threads per broker: 3
	  ACK level: 1
	  Order level: 5
	  Sequencer: EMBARCADERO
I20260203 18:13:54.060614 1656614 publisher.cc:1385] SubscribeToCluster: Creating gRPC reader for cluster status subscription...
I20260203 18:13:54.062229 1656614 publisher.cc:1406] SubscribeToCluster: Received cluster status update with 4 brokers (using broker_info)
I20260203 18:13:54.062291 1656614 publisher.cc:1429] SubscribeToCluster: Added broker 2 (accepts_publishes=true)
I20260203 18:13:54.062307 1656614 publisher.cc:1429] SubscribeToCluster: Added broker 0 (accepts_publishes=true)
I20260203 18:13:54.062320 1656614 publisher.cc:1429] SubscribeToCluster: Added broker 3 (accepts_publishes=true)
I20260203 18:13:54.062333 1656614 publisher.cc:1429] SubscribeToCluster: Added broker 1 (accepts_publishes=true)
I20260203 18:13:54.062347 1656614 publisher.cc:1486] SubscribeToCluster: Adding publisher threads for broker 0
I20260203 18:13:54.063253 1656614 common.cc:274] Hugepages: 13312 free × 2048 kB = 26624 MB free; need 24579 MB (OK)
I20260203 18:13:58.593410 1656614 publisher.cc:1486] SubscribeToCluster: Adding publisher threads for broker 1
I20260203 18:13:58.593454 1656631 publisher.cc:1005] PublishThread: Handshake sent successfully to broker 0 (client_id=11579, topic=TestTopic)
I20260203 18:13:58.593533 1656633 publisher.cc:1005] PublishThread: Handshake sent successfully to broker 0 (client_id=11579, topic=TestTopic)
I20260203 18:13:58.593832 1656614 publisher.cc:1486] SubscribeToCluster: Adding publisher threads for broker 2
I20260203 18:13:58.593582 1656632 publisher.cc:1005] PublishThread: Handshake sent successfully to broker 0 (client_id=11579, topic=TestTopic)
I20260203 18:13:58.594000 1656634 publisher.cc:1005] PublishThread: Handshake sent successfully to broker 1 (client_id=11579, topic=TestTopic)
I20260203 18:13:58.594018 1656635 publisher.cc:1005] PublishThread: Handshake sent successfully to broker 1 (client_id=11579, topic=TestTopic)
I20260203 18:13:58.594028 1656636 publisher.cc:1005] PublishThread: Handshake sent successfully to broker 1 (client_id=11579, topic=TestTopic)
I20260203 18:13:58.594237 1656637 publisher.cc:1005] PublishThread: Handshake sent successfully to broker 2 (client_id=11579, topic=TestTopic)
I20260203 18:13:58.594208 1656638 publisher.cc:1005] PublishThread: Handshake sent successfully to broker 2 (client_id=11579, topic=TestTopic)
I20260203 18:13:58.594588 1656640 publisher.cc:1005] PublishThread: Handshake sent successfully to broker 2 (client_id=11579, topic=TestTopic)
I20260203 18:13:58.594369 1656614 publisher.cc:1486] SubscribeToCluster: Adding publisher threads for broker 3
I20260203 18:13:58.594635 1656613 publisher.cc:754] AckThread: Received Broker ID 0 from fd=36
I20260203 18:13:58.595161 1656614 publisher.cc:1502] SubscribeToCluster: Connection established successfully. connected_=true
I20260203 18:13:58.595203 1656643 publisher.cc:1005] PublishThread: Handshake sent successfully to broker 3 (client_id=11579, topic=TestTopic)
I20260203 18:13:58.595237 1656613 publisher.cc:754] AckThread: Received Broker ID 1 from fd=39
I20260203 18:13:58.595355 1656613 publisher.cc:754] AckThread: Received Broker ID 2 from fd=41
I20260203 18:13:58.595379 1656644 publisher.cc:1005] PublishThread: Handshake sent successfully to broker 3 (client_id=11579, topic=TestTopic)
I20260203 18:13:58.595468 1656645 publisher.cc:1005] PublishThread: Handshake sent successfully to broker 3 (client_id=11579, topic=TestTopic)
I20260203 18:13:58.596158 1656613 publisher.cc:754] AckThread: Received Broker ID 3 from fd=57
I20260203 18:13:58.645800 1656568 publisher.cc:217] Publisher::Init() All 4 broker ACK connections established
I20260203 18:14:00.413602 1656568 publisher.cc:392] Waiting for acknowledgments, received 479823 out of 8388608 (elapsed: 1s, timeout: 120s) [B0=173430 B1=231240 B2=63591 B3=11562 B4=0 B5=0 B6=0 B7=0 B8=0 B9=0 B10=0 B11=0 B12=0 B13=0 B14=0 B15=0 B16=0 B17=0 B18=0 B19=0 B20=0 B21=0 B22=0 B23=0 B24=0 B25=0 B26=0 B27=0 B28=0 B29=0 B30=0 B31=0]
I20260203 18:14:01.413925 1656568 publisher.cc:392] Waiting for acknowledgments, received 479823 out of 8388608 (elapsed: 2s, timeout: 120s) [B0=173430 B1=231240 B2=63591 B3=11562 B4=0 B5=0 B6=0 B7=0 B8=0 B9=0 B10=0 B11=0 B12=0 B13=0 B14=0 B15=0 B16=0 B17=0 B18=0 B19=0 B20=0 B21=0 B22=0 B23=0 B24=0 B25=0 B26=0 B27=0 B28=0 B29=0 B30=0 B31=0]
I20260203 18:14:02.414191 1656568 publisher.cc:392] Waiting for acknowledgments, received 479823 out of 8388608 (elapsed: 3s, timeout: 120s) [B0=173430 B1=231240 B2=63591 B3=11562 B4=0 B5=0 B6=0 B7=0 B8=0 B9=0 B10=0 B11=0 B12=0 B13=0 B14=0 B15=0 B16=0 B17=0 B18=0 B19=0 B20=0 B21=0 B22=0 B23=0 B24=0 B25=0 B26=0 B27=0 B28=0 B29=0 B30=0 B31=0]
I20260203 18:14:03.414393 1656568 publisher.cc:392] Waiting for acknowledgments, received 479823 out of 8388608 (elapsed: 4s, timeout: 120s) [B0=173430 B1=231240 B2=63591 B3=11562 B4=0 B5=0 B6=0 B7=0 B8=0 B9=0 B10=0 B11=0 B12=0 B13=0 B14=0 B15=0 B16=0 B17=0 B18=0 B19=0 B20=0 B21=0 B22=0 B23=0 B24=0 B25=0 B26=0 B27=0 B28=0 B29=0 B30=0 B31=0]
I20260203 18:14:04.414628 1656568 publisher.cc:392] Waiting for acknowledgments, received 479823 out of 8388608 (elapsed: 5s, timeout: 120s) [B0=173430 B1=231240 B2=63591 B3=11562 B4=0 B5=0 B6=0 B7=0 B8=0 B9=0 B10=0 B11=0 B12=0 B13=0 B14=0 B15=0 B16=0 B17=0 B18=0 B19=0 B20=0 B21=0 B22=0 B23=0 B24=0 B25=0 B26=0 B27=0 B28=0 B29=0 B30=0 B31=0]
I20260203 18:14:05.414849 1656568 publisher.cc:392] Waiting for acknowledgments, received 479823 out of 8388608 (elapsed: 6s, timeout: 120s) [B0=173430 B1=231240 B2=63591 B3=11562 B4=0 B5=0 B6=0 B7=0 B8=0 B9=0 B10=0 B11=0 B12=0 B13=0 B14=0 B15=0 B16=0 B17=0 B18=0 B19=0 B20=0 B21=0 B22=0 B23=0 B24=0 B25=0 B26=0 B27=0 B28=0 B29=0 B30=0 B31=0]
I20260203 18:14:06.415115 1656568 publisher.cc:392] Waiting for acknowledgments, received 479823 out of 8388608 (elapsed: 7s, timeout: 120s) [B0=173430 B1=231240 B2=63591 B3=11562 B4=0 B5=0 B6=0 B7=0 B8=0 B9=0 B10=0 B11=0 B12=0 B13=0 B14=0 B15=0 B16=0 B17=0 B18=0 B19=0 B20=0 B21=0 B22=0 B23=0 B24=0 B25=0 B26=0 B27=0 B28=0 B29=0 B30=0 B31=0]
I20260203 18:14:07.415556 1656568 publisher.cc:392] Waiting for acknowledgments, received 479823 out of 8388608 (elapsed: 8s, timeout: 120s) [B0=173430 B1=231240 B2=63591 B3=11562 B4=0 B5=0 B6=0 B7=0 B8=0 B9=0 B10=0 B11=0 B12=0 B13=0 B14=0 B15=0 B16=0 B17=0 B18=0 B19=0 B20=0 B21=0 B22=0 B23=0 B24=0 B25=0 B26=0 B27=0 B28=0 B29=0 B30=0 B31=0]
I20260203 18:14:08.415802 1656568 publisher.cc:392] Waiting for acknowledgments, received 479823 out of 8388608 (elapsed: 9s, timeout: 120s) [B0=173430 B1=231240 B2=63591 B3=11562 B4=0 B5=0 B6=0 B7=0 B8=0 B9=0 B10=0 B11=0 B12=0 B13=0 B14=0 B15=0 B16=0 B17=0 B18=0 B19=0 B20=0 B21=0 B22=0 B23=0 B24=0 B25=0 B26=0 B27=0 B28=0 B29=0 B30=0 B31=0]
I20260203 18:14:09.415994 1656568 publisher.cc:392] Waiting for acknowledgments, received 479823 out of 8388608 (elapsed: 10s, timeout: 120s) [B0=173430 B1=231240 B2=63591 B3=11562 B4=0 B5=0 B6=0 B7=0 B8=0 B9=0 B10=0 B11=0 B12=0 B13=0 B14=0 B15=0 B16=0 B17=0 B18=0 B19=0 B20=0 B21=0 B22=0 B23=0 B24=0 B25=0 B26=0 B27=0 B28=0 B29=0 B30=0 B31=0]
I20260203 18:14:10.416255 1656568 publisher.cc:392] Waiting for acknowledgments, received 479823 out of 8388608 (elapsed: 11s, timeout: 120s) [B0=173430 B1=231240 B2=63591 B3=11562 B4=0 B5=0 B6=0 B7=0 B8=0 B9=0 B10=0 B11=0 B12=0 B13=0 B14=0 B15=0 B16=0 B17=0 B18=0 B19=0 B20=0 B21=0 B22=0 B23=0 B24=0 B25=0 B26=0 B27=0 B28=0 B29=0 B30=0 B31=0]
I20260203 18:14:11.416448 1656568 publisher.cc:392] Waiting for acknowledgments, received 479823 out of 8388608 (elapsed: 12s, timeout: 120s) [B0=173430 B1=231240 B2=63591 B3=11562 B4=0 B5=0 B6=0 B7=0 B8=0 B9=0 B10=0 B11=0 B12=0 B13=0 B14=0 B15=0 B16=0 B17=0 B18=0 B19=0 B20=0 B21=0 B22=0 B23=0 B24=0 B25=0 B26=0 B27=0 B28=0 B29=0 B30=0 B31=0]
I20260203 18:14:12.416471 1656568 publisher.cc:392] Waiting for acknowledgments, received 479823 out of 8388608 (elapsed: 13s, timeout: 120s) [B0=173430 B1=231240 B2=63591 B3=11562 B4=0 B5=0 B6=0 B7=0 B8=0 B9=0 B10=0 B11=0 B12=0 B13=0 B14=0 B15=0 B16=0 B17=0 B18=0 B19=0 B20=0 B21=0 B22=0 B23=0 B24=0 B25=0 B26=0 B27=0 B28=0 B29=0 B30=0 B31=0]
I20260203 18:14:13.416735 1656568 publisher.cc:392] Waiting for acknowledgments, received 479823 out of 8388608 (elapsed: 14s, timeout: 120s) [B0=173430 B1=231240 B2=63591 B3=11562 B4=0 B5=0 B6=0 B7=0 B8=0 B9=0 B10=0 B11=0 B12=0 B13=0 B14=0 B15=0 B16=0 B17=0 B18=0 B19=0 B20=0 B21=0 B22=0 B23=0 B24=0 B25=0 B26=0 B27=0 B28=0 B29=0 B30=0 B31=0]
I20260203 18:14:14.417146 1656568 publisher.cc:392] Waiting for acknowledgments, received 479823 out of 8388608 (elapsed: 15s, timeout: 120s) [B0=173430 B1=231240 B2=63591 B3=11562 B4=0 B5=0 B6=0 B7=0 B8=0 B9=0 B10=0 B11=0 B12=0 B13=0 B14=0 B15=0 B16=0 B17=0 B18=0 B19=0 B20=0 B21=0 B22=0 B23=0 B24=0 B25=0 B26=0 B27=0 B28=0 B29=0 B30=0 B31=0]
I20260203 18:14:15.417569 1656568 publisher.cc:392] Waiting for acknowledgments, received 479823 out of 8388608 (elapsed: 16s, timeout: 120s) [B0=173430 B1=231240 B2=63591 B3=11562 B4=0 B5=0 B6=0 B7=0 B8=0 B9=0 B10=0 B11=0 B12=0 B13=0 B14=0 B15=0 B16=0 B17=0 B18=0 B19=0 B20=0 B21=0 B22=0 B23=0 B24=0 B25=0 B26=0 B27=0 B28=0 B29=0 B30=0 B31=0]
I20260203 18:14:16.417937 1656568 publisher.cc:392] Waiting for acknowledgments, received 479823 out of 8388608 (elapsed: 17s, timeout: 120s) [B0=173430 B1=231240 B2=63591 B3=11562 B4=0 B5=0 B6=0 B7=0 B8=0 B9=0 B10=0 B11=0 B12=0 B13=0 B14=0 B15=0 B16=0 B17=0 B18=0 B19=0 B20=0 B21=0 B22=0 B23=0 B24=0 B25=0 B26=0 B27=0 B28=0 B29=0 B30=0 B31=0]
I20260203 18:14:17.418267 1656568 publisher.cc:392] Waiting for acknowledgments, received 2202561 out of 8388608 (elapsed: 18s, timeout: 120s) [B0=173430 B1=231240 B2=63591 B3=1734300 B4=0 B5=0 B6=0 B7=0 B8=0 B9=0 B10=0 B11=0 B12=0 B13=0 B14=0 B15=0 B16=0 B17=0 B18=0 B19=0 B20=0 B21=0 B22=0 B23=0 B24=0 B25=0 B26=0 B27=0 B28=0 B29=0 B30=0 B31=0]
I20260203 18:14:18.418645 1656568 publisher.cc:392] Waiting for acknowledgments, received 2202561 out of 8388608 (elapsed: 19s, timeout: 120s) [B0=173430 B1=231240 B2=63591 B3=1734300 B4=0 B5=0 B6=0 B7=0 B8=0 B9=0 B10=0 B11=0 B12=0 B13=0 B14=0 B15=0 B16=0 B17=0 B18=0 B19=0 B20=0 B21=0 B22=0 B23=0 B24=0 B25=0 B26=0 B27=0 B28=0 B29=0 B30=0 B31=0]
I20260203 18:14:19.419034 1656568 publisher.cc:392] Waiting for acknowledgments, received 2202561 out of 8388608 (elapsed: 20s, timeout: 120s) [B0=173430 B1=231240 B2=63591 B3=1734300 B4=0 B5=0 B6=0 B7=0 B8=0 B9=0 B10=0 B11=0 B12=0 B13=0 B14=0 B15=0 B16=0 B17=0 B18=0 B19=0 B20=0 B21=0 B22=0 B23=0 B24=0 B25=0 B26=0 B27=0 B28=0 B29=0 B30=0 B31=0]
I20260203 18:14:20.419385 1656568 publisher.cc:392] Waiting for acknowledgments, received 2341305 out of 8388608 (elapsed: 21s, timeout: 120s) [B0=173430 B1=231240 B2=63591 B3=1873044 B4=0 B5=0 B6=0 B7=0 B8=0 B9=0 B10=0 B11=0 B12=0 B13=0 B14=0 B15=0 B16=0 B17=0 B18=0 B19=0 B20=0 B21=0 B22=0 B23=0 B24=0 B25=0 B26=0 B27=0 B28=0 B29=0 B30=0 B31=0]
I20260203 18:14:21.419684 1656568 publisher.cc:392] Waiting for acknowledgments, received 2341305 out of 8388608 (elapsed: 22s, timeout: 120s) [B0=173430 B1=231240 B2=63591 B3=1873044 B4=0 B5=0 B6=0 B7=0 B8=0 B9=0 B10=0 B11=0 B12=0 B13=0 B14=0 B15=0 B16=0 B17=0 B18=0 B19=0 B20=0 B21=0 B22=0 B23=0 B24=0 B25=0 B26=0 B27=0 B28=0 B29=0 B30=0 B31=0]
I20260203 18:14:22.419760 1656568 publisher.cc:392] Waiting for acknowledgments, received 2341305 out of 8388608 (elapsed: 23s, timeout: 120s) [B0=173430 B1=231240 B2=63591 B3=1873044 B4=0 B5=0 B6=0 B7=0 B8=0 B9=0 B10=0 B11=0 B12=0 B13=0 B14=0 B15=0 B16=0 B17=0 B18=0 B19=0 B20=0 B21=0 B22=0 B23=0 B24=0 B25=0 B26=0 B27=0 B28=0 B29=0 B30=0 B31=0]
I20260203 18:14:23.420046 1656568 publisher.cc:392] Waiting for acknowledgments, received 2341305 out of 8388608 (elapsed: 24s, timeout: 120s) [B0=173430 B1=231240 B2=63591 B3=1873044 B4=0 B5=0 B6=0 B7=0 B8=0 B9=0 B10=0 B11=0 B12=0 B13=0 B14=0 B15=0 B16=0 B17=0 B18=0 B19=0 B20=0 B21=0 B22=0 B23=0 B24=0 B25=0 B26=0 B27=0 B28=0 B29=0 B30=0 B31=0]
I20260203 18:14:24.420102 1656568 publisher.cc:392] Waiting for acknowledgments, received 2341305 out of 8388608 (elapsed: 25s, timeout: 120s) [B0=173430 B1=231240 B2=63591 B3=1873044 B4=0 B5=0 B6=0 B7=0 B8=0 B9=0 B10=0 B11=0 B12=0 B13=0 B14=0 B15=0 B16=0 B17=0 B18=0 B19=0 B20=0 B21=0 B22=0 B23=0 B24=0 B25=0 B26=0 B27=0 B28=0 B29=0 B30=0 B31=0]
I20260203 18:14:25.420567 1656568 publisher.cc:392] Waiting for acknowledgments, received 2341305 out of 8388608 (elapsed: 26s, timeout: 120s) [B0=173430 B1=231240 B2=63591 B3=1873044 B4=0 B5=0 B6=0 B7=0 B8=0 B9=0 B10=0 B11=0 B12=0 B13=0 B14=0 B15=0 B16=0 B17=0 B18=0 B19=0 B20=0 B21=0 B22=0 B23=0 B24=0 B25=0 B26=0 B27=0 B28=0 B29=0 B30=0 B31=0]
I20260203 18:14:26.420872 1656568 publisher.cc:392] Waiting for acknowledgments, received 2341305 out of 8388608 (elapsed: 27s, timeout: 120s) [B0=173430 B1=231240 B2=63591 B3=1873044 B4=0 B5=0 B6=0 B7=0 B8=0 B9=0 B10=0 B11=0 B12=0 B13=0 B14=0 B15=0 B16=0 B17=0 B18=0 B19=0 B20=0 B21=0 B22=0 B23=0 B24=0 B25=0 B26=0 B27=0 B28=0 B29=0 B30=0 B31=0]
I20260203 18:14:27.421085 1656568 publisher.cc:392] Waiting for acknowledgments, received 2341305 out of 8388608 (elapsed: 28s, timeout: 120s) [B0=173430 B1=231240 B2=63591 B3=1873044 B4=0 B5=0 B6=0 B7=0 B8=0 B9=0 B10=0 B11=0 B12=0 B13=0 B14=0 B15=0 B16=0 B17=0 B18=0 B19=0 B20=0 B21=0 B22=0 B23=0 B24=0 B25=0 B26=0 B27=0 B28=0 B29=0 B30=0 B31=0]
I20260203 18:14:28.421304 1656568 publisher.cc:392] Waiting for acknowledgments, received 2341305 out of 8388608 (elapsed: 29s, timeout: 120s) [B0=173430 B1=231240 B2=63591 B3=1873044 B4=0 B5=0 B6=0 B7=0 B8=0 B9=0 B10=0 B11=0 B12=0 B13=0 B14=0 B15=0 B16=0 B17=0 B18=0 B19=0 B20=0 B21=0 B22=0 B23=0 B24=0 B25=0 B26=0 B27=0 B28=0 B29=0 B30=0 B31=0]
I20260203 18:14:29.421448 1656568 publisher.cc:392] Waiting for acknowledgments, received 2341305 out of 8388608 (elapsed: 30s, timeout: 120s) [B0=173430 B1=231240 B2=63591 B3=1873044 B4=0 B5=0 B6=0 B7=0 B8=0 B9=0 B10=0 B11=0 B12=0 B13=0 B14=0 B15=0 B16=0 B17=0 B18=0 B19=0 B20=0 B21=0 B22=0 B23=0 B24=0 B25=0 B26=0 B27=0 B28=0 B29=0 B30=0 B31=0]
I20260203 18:14:30.421701 1656568 publisher.cc:392] Waiting for acknowledgments, received 2341305 out of 8388608 (elapsed: 31s, timeout: 120s) [B0=173430 B1=231240 B2=63591 B3=1873044 B4=0 B5=0 B6=0 B7=0 B8=0 B9=0 B10=0 B11=0 B12=0 B13=0 B14=0 B15=0 B16=0 B17=0 B18=0 B19=0 B20=0 B21=0 B22=0 B23=0 B24=0 B25=0 B26=0 B27=0 B28=0 B29=0 B30=0 B31=0]
I20260203 18:14:31.422129 1656568 publisher.cc:392] Waiting for acknowledgments, received 2341305 out of 8388608 (elapsed: 32s, timeout: 120s) [B0=173430 B1=231240 B2=63591 B3=1873044 B4=0 B5=0 B6=0 B7=0 B8=0 B9=0 B10=0 B11=0 B12=0 B13=0 B14=0 B15=0 B16=0 B17=0 B18=0 B19=0 B20=0 B21=0 B22=0 B23=0 B24=0 B25=0 B26=0 B27=0 B28=0 B29=0 B30=0 B31=0]
I20260203 18:14:32.422251 1656568 publisher.cc:392] Waiting for acknowledgments, received 2341305 out of 8388608 (elapsed: 33s, timeout: 120s) [B0=173430 B1=231240 B2=63591 B3=1873044 B4=0 B5=0 B6=0 B7=0 B8=0 B9=0 B10=0 B11=0 B12=0 B13=0 B14=0 B15=0 B16=0 B17=0 B18=0 B19=0 B20=0 B21=0 B22=0 B23=0 B24=0 B25=0 B26=0 B27=0 B28=0 B29=0 B30=0 B31=0]
I20260203 18:14:33.422626 1656568 publisher.cc:392] Waiting for acknowledgments, received 2341305 out of 8388608 (elapsed: 34s, timeout: 120s) [B0=173430 B1=231240 B2=63591 B3=1873044 B4=0 B5=0 B6=0 B7=0 B8=0 B9=0 B10=0 B11=0 B12=0 B13=0 B14=0 B15=0 B16=0 B17=0 B18=0 B19=0 B20=0 B21=0 B22=0 B23=0 B24=0 B25=0 B26=0 B27=0 B28=0 B29=0 B30=0 B31=0]
I20260203 18:14:34.422942 1656568 publisher.cc:392] Waiting for acknowledgments, received 2341305 out of 8388608 (elapsed: 35s, timeout: 120s) [B0=173430 B1=231240 B2=63591 B3=1873044 B4=0 B5=0 B6=0 B7=0 B8=0 B9=0 B10=0 B11=0 B12=0 B13=0 B14=0 B15=0 B16=0 B17=0 B18=0 B19=0 B20=0 B21=0 B22=0 B23=0 B24=0 B25=0 B26=0 B27=0 B28=0 B29=0 B30=0 B31=0]
I20260203 18:14:35.423296 1656568 publisher.cc:392] Waiting for acknowledgments, received 2341305 out of 8388608 (elapsed: 36s, timeout: 120s) [B0=173430 B1=231240 B2=63591 B3=1873044 B4=0 B5=0 B6=0 B7=0 B8=0 B9=0 B10=0 B11=0 B12=0 B13=0 B14=0 B15=0 B16=0 B17=0 B18=0 B19=0 B20=0 B21=0 B22=0 B23=0 B24=0 B25=0 B26=0 B27=0 B28=0 B29=0 B30=0 B31=0]
I20260203 18:14:36.423727 1656568 publisher.cc:392] Waiting for acknowledgments, received 2341305 out of 8388608 (elapsed: 37s, timeout: 120s) [B0=173430 B1=231240 B2=63591 B3=1873044 B4=0 B5=0 B6=0 B7=0 B8=0 B9=0 B10=0 B11=0 B12=0 B13=0 B14=0 B15=0 B16=0 B17=0 B18=0 B19=0 B20=0 B21=0 B22=0 B23=0 B24=0 B25=0 B26=0 B27=0 B28=0 B29=0 B30=0 B31=0]
I20260203 18:14:37.424062 1656568 publisher.cc:392] Waiting for acknowledgments, received 2341305 out of 8388608 (elapsed: 38s, timeout: 120s) [B0=173430 B1=231240 B2=63591 B3=1873044 B4=0 B5=0 B6=0 B7=0 B8=0 B9=0 B10=0 B11=0 B12=0 B13=0 B14=0 B15=0 B16=0 B17=0 B18=0 B19=0 B20=0 B21=0 B22=0 B23=0 B24=0 B25=0 B26=0 B27=0 B28=0 B29=0 B30=0 B31=0]
I20260203 18:14:38.424338 1656568 publisher.cc:392] Waiting for acknowledgments, received 2341305 out of 8388608 (elapsed: 39s, timeout: 120s) [B0=173430 B1=231240 B2=63591 B3=1873044 B4=0 B5=0 B6=0 B7=0 B8=0 B9=0 B10=0 B11=0 B12=0 B13=0 B14=0 B15=0 B16=0 B17=0 B18=0 B19=0 B20=0 B21=0 B22=0 B23=0 B24=0 B25=0 B26=0 B27=0 B28=0 B29=0 B30=0 B31=0]
I20260203 18:14:39.424669 1656568 publisher.cc:392] Waiting for acknowledgments, received 2341305 out of 8388608 (elapsed: 40s, timeout: 120s) [B0=173430 B1=231240 B2=63591 B3=1873044 B4=0 B5=0 B6=0 B7=0 B8=0 B9=0 B10=0 B11=0 B12=0 B13=0 B14=0 B15=0 B16=0 B17=0 B18=0 B19=0 B20=0 B21=0 B22=0 B23=0 B24=0 B25=0 B26=0 B27=0 B28=0 B29=0 B30=0 B31=0]
I20260203 18:14:40.424979 1656568 publisher.cc:392] Waiting for acknowledgments, received 2341305 out of 8388608 (elapsed: 41s, timeout: 120s) [B0=173430 B1=231240 B2=63591 B3=1873044 B4=0 B5=0 B6=0 B7=0 B8=0 B9=0 B10=0 B11=0 B12=0 B13=0 B14=0 B15=0 B16=0 B17=0 B18=0 B19=0 B20=0 B21=0 B22=0 B23=0 B24=0 B25=0 B26=0 B27=0 B28=0 B29=0 B30=0 B31=0]
I20260203 18:14:41.425261 1656568 publisher.cc:392] Waiting for acknowledgments, received 2341305 out of 8388608 (elapsed: 42s, timeout: 120s) [B0=173430 B1=231240 B2=63591 B3=1873044 B4=0 B5=0 B6=0 B7=0 B8=0 B9=0 B10=0 B11=0 B12=0 B13=0 B14=0 B15=0 B16=0 B17=0 B18=0 B19=0 B20=0 B21=0 B22=0 B23=0 B24=0 B25=0 B26=0 B27=0 B28=0 B29=0 B30=0 B31=0]
I20260203 18:14:42.425599 1656568 publisher.cc:392] Waiting for acknowledgments, received 2341305 out of 8388608 (elapsed: 43s, timeout: 120s) [B0=173430 B1=231240 B2=63591 B3=1873044 B4=0 B5=0 B6=0 B7=0 B8=0 B9=0 B10=0 B11=0 B12=0 B13=0 B14=0 B15=0 B16=0 B17=0 B18=0 B19=0 B20=0 B21=0 B22=0 B23=0 B24=0 B25=0 B26=0 B27=0 B28=0 B29=0 B30=0 B31=0]
I20260203 18:14:43.425851 1656568 publisher.cc:392] Waiting for acknowledgments, received 2341305 out of 8388608 (elapsed: 44s, timeout: 120s) [B0=173430 B1=231240 B2=63591 B3=1873044 B4=0 B5=0 B6=0 B7=0 B8=0 B9=0 B10=0 B11=0 B12=0 B13=0 B14=0 B15=0 B16=0 B17=0 B18=0 B19=0 B20=0 B21=0 B22=0 B23=0 B24=0 B25=0 B26=0 B27=0 B28=0 B29=0 B30=0 B31=0]
I20260203 18:14:44.426182 1656568 publisher.cc:392] Waiting for acknowledgments, received 2341305 out of 8388608 (elapsed: 45s, timeout: 120s) [B0=173430 B1=231240 B2=63591 B3=1873044 B4=0 B5=0 B6=0 B7=0 B8=0 B9=0 B10=0 B11=0 B12=0 B13=0 B14=0 B15=0 B16=0 B17=0 B18=0 B19=0 B20=0 B21=0 B22=0 B23=0 B24=0 B25=0 B26=0 B27=0 B28=0 B29=0 B30=0 B31=0]
I20260203 18:14:45.426406 1656568 publisher.cc:392] Waiting for acknowledgments, received 2341305 out of 8388608 (elapsed: 46s, timeout: 120s) [B0=173430 B1=231240 B2=63591 B3=1873044 B4=0 B5=0 B6=0 B7=0 B8=0 B9=0 B10=0 B11=0 B12=0 B13=0 B14=0 B15=0 B16=0 B17=0 B18=0 B19=0 B20=0 B21=0 B22=0 B23=0 B24=0 B25=0 B26=0 B27=0 B28=0 B29=0 B30=0 B31=0]
I20260203 18:14:46.426679 1656568 publisher.cc:392] Waiting for acknowledgments, received 2341305 out of 8388608 (elapsed: 47s, timeout: 120s) [B0=173430 B1=231240 B2=63591 B3=1873044 B4=0 B5=0 B6=0 B7=0 B8=0 B9=0 B10=0 B11=0 B12=0 B13=0 B14=0 B15=0 B16=0 B17=0 B18=0 B19=0 B20=0 B21=0 B22=0 B23=0 B24=0 B25=0 B26=0 B27=0 B28=0 B29=0 B30=0 B31=0]
I20260203 18:14:47.427121 1656568 publisher.cc:392] Waiting for acknowledgments, received 2341305 out of 8388608 (elapsed: 48s, timeout: 120s) [B0=173430 B1=231240 B2=63591 B3=1873044 B4=0 B5=0 B6=0 B7=0 B8=0 B9=0 B10=0 B11=0 B12=0 B13=0 B14=0 B15=0 B16=0 B17=0 B18=0 B19=0 B20=0 B21=0 B22=0 B23=0 B24=0 B25=0 B26=0 B27=0 B28=0 B29=0 B30=0 B31=0]
I20260203 18:14:48.427451 1656568 publisher.cc:392] Waiting for acknowledgments, received 2341305 out of 8388608 (elapsed: 49s, timeout: 120s) [B0=173430 B1=231240 B2=63591 B3=1873044 B4=0 B5=0 B6=0 B7=0 B8=0 B9=0 B10=0 B11=0 B12=0 B13=0 B14=0 B15=0 B16=0 B17=0 B18=0 B19=0 B20=0 B21=0 B22=0 B23=0 B24=0 B25=0 B26=0 B27=0 B28=0 B29=0 B30=0 B31=0]
I20260203 18:14:49.427661 1656568 publisher.cc:392] Waiting for acknowledgments, received 2341305 out of 8388608 (elapsed: 50s, timeout: 120s) [B0=173430 B1=231240 B2=63591 B3=1873044 B4=0 B5=0 B6=0 B7=0 B8=0 B9=0 B10=0 B11=0 B12=0 B13=0 B14=0 B15=0 B16=0 B17=0 B18=0 B19=0 B20=0 B21=0 B22=0 B23=0 B24=0 B25=0 B26=0 B27=0 B28=0 B29=0 B30=0 B31=0]
I20260203 18:14:50.427940 1656568 publisher.cc:392] Waiting for acknowledgments, received 2341305 out of 8388608 (elapsed: 51s, timeout: 120s) [B0=173430 B1=231240 B2=63591 B3=1873044 B4=0 B5=0 B6=0 B7=0 B8=0 B9=0 B10=0 B11=0 B12=0 B13=0 B14=0 B15=0 B16=0 B17=0 B18=0 B19=0 B20=0 B21=0 B22=0 B23=0 B24=0 B25=0 B26=0 B27=0 B28=0 B29=0 B30=0 B31=0]
I20260203 18:14:51.428108 1656568 publisher.cc:392] Waiting for acknowledgments, received 2341305 out of 8388608 (elapsed: 52s, timeout: 120s) [B0=173430 B1=231240 B2=63591 B3=1873044 B4=0 B5=0 B6=0 B7=0 B8=0 B9=0 B10=0 B11=0 B12=0 B13=0 B14=0 B15=0 B16=0 B17=0 B18=0 B19=0 B20=0 B21=0 B22=0 B23=0 B24=0 B25=0 B26=0 B27=0 B28=0 B29=0 B30=0 B31=0]
I20260203 18:14:52.428393 1656568 publisher.cc:392] Waiting for acknowledgments, received 2341305 out of 8388608 (elapsed: 53s, timeout: 120s) [B0=173430 B1=231240 B2=63591 B3=1873044 B4=0 B5=0 B6=0 B7=0 B8=0 B9=0 B10=0 B11=0 B12=0 B13=0 B14=0 B15=0 B16=0 B17=0 B18=0 B19=0 B20=0 B21=0 B22=0 B23=0 B24=0 B25=0 B26=0 B27=0 B28=0 B29=0 B30=0 B31=0]
I20260203 18:14:53.428632 1656568 publisher.cc:392] Waiting for acknowledgments, received 2341305 out of 8388608 (elapsed: 54s, timeout: 120s) [B0=173430 B1=231240 B2=63591 B3=1873044 B4=0 B5=0 B6=0 B7=0 B8=0 B9=0 B10=0 B11=0 B12=0 B13=0 B14=0 B15=0 B16=0 B17=0 B18=0 B19=0 B20=0 B21=0 B22=0 B23=0 B24=0 B25=0 B26=0 B27=0 B28=0 B29=0 B30=0 B31=0]
I20260203 18:14:54.428838 1656568 publisher.cc:392] Waiting for acknowledgments, received 2341305 out of 8388608 (elapsed: 55s, timeout: 120s) [B0=173430 B1=231240 B2=63591 B3=1873044 B4=0 B5=0 B6=0 B7=0 B8=0 B9=0 B10=0 B11=0 B12=0 B13=0 B14=0 B15=0 B16=0 B17=0 B18=0 B19=0 B20=0 B21=0 B22=0 B23=0 B24=0 B25=0 B26=0 B27=0 B28=0 B29=0 B30=0 B31=0]
I20260203 18:14:55.429103 1656568 publisher.cc:392] Waiting for acknowledgments, received 2341305 out of 8388608 (elapsed: 56s, timeout: 120s) [B0=173430 B1=231240 B2=63591 B3=1873044 B4=0 B5=0 B6=0 B7=0 B8=0 B9=0 B10=0 B11=0 B12=0 B13=0 B14=0 B15=0 B16=0 B17=0 B18=0 B19=0 B20=0 B21=0 B22=0 B23=0 B24=0 B25=0 B26=0 B27=0 B28=0 B29=0 B30=0 B31=0]
I20260203 18:14:56.429350 1656568 publisher.cc:392] Waiting for acknowledgments, received 2341305 out of 8388608 (elapsed: 57s, timeout: 120s) [B0=173430 B1=231240 B2=63591 B3=1873044 B4=0 B5=0 B6=0 B7=0 B8=0 B9=0 B10=0 B11=0 B12=0 B13=0 B14=0 B15=0 B16=0 B17=0 B18=0 B19=0 B20=0 B21=0 B22=0 B23=0 B24=0 B25=0 B26=0 B27=0 B28=0 B29=0 B30=0 B31=0]
I20260203 18:14:57.429575 1656568 publisher.cc:392] Waiting for acknowledgments, received 2341305 out of 8388608 (elapsed: 58s, timeout: 120s) [B0=173430 B1=231240 B2=63591 B3=1873044 B4=0 B5=0 B6=0 B7=0 B8=0 B9=0 B10=0 B11=0 B12=0 B13=0 B14=0 B15=0 B16=0 B17=0 B18=0 B19=0 B20=0 B21=0 B22=0 B23=0 B24=0 B25=0 B26=0 B27=0 B28=0 B29=0 B30=0 B31=0]
I20260203 18:14:58.430014 1656568 publisher.cc:392] Waiting for acknowledgments, received 2341305 out of 8388608 (elapsed: 59s, timeout: 120s) [B0=173430 B1=231240 B2=63591 B3=1873044 B4=0 B5=0 B6=0 B7=0 B8=0 B9=0 B10=0 B11=0 B12=0 B13=0 B14=0 B15=0 B16=0 B17=0 B18=0 B19=0 B20=0 B21=0 B22=0 B23=0 B24=0 B25=0 B26=0 B27=0 B28=0 B29=0 B30=0 B31=0]
I20260203 18:14:59.430305 1656568 publisher.cc:392] Waiting for acknowledgments, received 2341305 out of 8388608 (elapsed: 60s, timeout: 120s) [B0=173430 B1=231240 B2=63591 B3=1873044 B4=0 B5=0 B6=0 B7=0 B8=0 B9=0 B10=0 B11=0 B12=0 B13=0 B14=0 B15=0 B16=0 B17=0 B18=0 B19=0 B20=0 B21=0 B22=0 B23=0 B24=0 B25=0 B26=0 B27=0 B28=0 B29=0 B30=0 B31=0]
I20260203 18:15:00.430703 1656568 publisher.cc:392] Waiting for acknowledgments, received 2341305 out of 8388608 (elapsed: 61s, timeout: 120s) [B0=173430 B1=231240 B2=63591 B3=1873044 B4=0 B5=0 B6=0 B7=0 B8=0 B9=0 B10=0 B11=0 B12=0 B13=0 B14=0 B15=0 B16=0 B17=0 B18=0 B19=0 B20=0 B21=0 B22=0 B23=0 B24=0 B25=0 B26=0 B27=0 B28=0 B29=0 B30=0 B31=0]
I20260203 18:15:01.430999 1656568 publisher.cc:392] Waiting for acknowledgments, received 2341305 out of 8388608 (elapsed: 62s, timeout: 120s) [B0=173430 B1=231240 B2=63591 B3=1873044 B4=0 B5=0 B6=0 B7=0 B8=0 B9=0 B10=0 B11=0 B12=0 B13=0 B14=0 B15=0 B16=0 B17=0 B18=0 B19=0 B20=0 B21=0 B22=0 B23=0 B24=0 B25=0 B26=0 B27=0 B28=0 B29=0 B30=0 B31=0]
I20260203 18:15:02.431357 1656568 publisher.cc:392] Waiting for acknowledgments, received 2341305 out of 8388608 (elapsed: 63s, timeout: 120s) [B0=173430 B1=231240 B2=63591 B3=1873044 B4=0 B5=0 B6=0 B7=0 B8=0 B9=0 B10=0 B11=0 B12=0 B13=0 B14=0 B15=0 B16=0 B17=0 B18=0 B19=0 B20=0 B21=0 B22=0 B23=0 B24=0 B25=0 B26=0 B27=0 B28=0 B29=0 B30=0 B31=0]
I20260203 18:15:03.431664 1656568 publisher.cc:392] Waiting for acknowledgments, received 2341305 out of 8388608 (elapsed: 64s, timeout: 120s) [B0=173430 B1=231240 B2=63591 B3=1873044 B4=0 B5=0 B6=0 B7=0 B8=0 B9=0 B10=0 B11=0 B12=0 B13=0 B14=0 B15=0 B16=0 B17=0 B18=0 B19=0 B20=0 B21=0 B22=0 B23=0 B24=0 B25=0 B26=0 B27=0 B28=0 B29=0 B30=0 B31=0]
I20260203 18:15:04.431988 1656568 publisher.cc:392] Waiting for acknowledgments, received 2341305 out of 8388608 (elapsed: 65s, timeout: 120s) [B0=173430 B1=231240 B2=63591 B3=1873044 B4=0 B5=0 B6=0 B7=0 B8=0 B9=0 B10=0 B11=0 B12=0 B13=0 B14=0 B15=0 B16=0 B17=0 B18=0 B19=0 B20=0 B21=0 B22=0 B23=0 B24=0 B25=0 B26=0 B27=0 B28=0 B29=0 B30=0 B31=0]
I20260203 18:15:05.432281 1656568 publisher.cc:392] Waiting for acknowledgments, received 2341305 out of 8388608 (elapsed: 66s, timeout: 120s) [B0=173430 B1=231240 B2=63591 B3=1873044 B4=0 B5=0 B6=0 B7=0 B8=0 B9=0 B10=0 B11=0 B12=0 B13=0 B14=0 B15=0 B16=0 B17=0 B18=0 B19=0 B20=0 B21=0 B22=0 B23=0 B24=0 B25=0 B26=0 B27=0 B28=0 B29=0 B30=0 B31=0]
I20260203 18:15:06.432619 1656568 publisher.cc:392] Waiting for acknowledgments, received 2341305 out of 8388608 (elapsed: 67s, timeout: 120s) [B0=173430 B1=231240 B2=63591 B3=1873044 B4=0 B5=0 B6=0 B7=0 B8=0 B9=0 B10=0 B11=0 B12=0 B13=0 B14=0 B15=0 B16=0 B17=0 B18=0 B19=0 B20=0 B21=0 B22=0 B23=0 B24=0 B25=0 B26=0 B27=0 B28=0 B29=0 B30=0 B31=0]
I20260203 18:15:07.432868 1656568 publisher.cc:392] Waiting for acknowledgments, received 2341305 out of 8388608 (elapsed: 68s, timeout: 120s) [B0=173430 B1=231240 B2=63591 B3=1873044 B4=0 B5=0 B6=0 B7=0 B8=0 B9=0 B10=0 B11=0 B12=0 B13=0 B14=0 B15=0 B16=0 B17=0 B18=0 B19=0 B20=0 B21=0 B22=0 B23=0 B24=0 B25=0 B26=0 B27=0 B28=0 B29=0 B30=0 B31=0]
I20260203 18:15:08.433153 1656568 publisher.cc:392] Waiting for acknowledgments, received 2341305 out of 8388608 (elapsed: 69s, timeout: 120s) [B0=173430 B1=231240 B2=63591 B3=1873044 B4=0 B5=0 B6=0 B7=0 B8=0 B9=0 B10=0 B11=0 B12=0 B13=0 B14=0 B15=0 B16=0 B17=0 B18=0 B19=0 B20=0 B21=0 B22=0 B23=0 B24=0 B25=0 B26=0 B27=0 B28=0 B29=0 B30=0 B31=0]
I20260203 18:15:09.433415 1656568 publisher.cc:392] Waiting for acknowledgments, received 2341305 out of 8388608 (elapsed: 70s, timeout: 120s) [B0=173430 B1=231240 B2=63591 B3=1873044 B4=0 B5=0 B6=0 B7=0 B8=0 B9=0 B10=0 B11=0 B12=0 B13=0 B14=0 B15=0 B16=0 B17=0 B18=0 B19=0 B20=0 B21=0 B22=0 B23=0 B24=0 B25=0 B26=0 B27=0 B28=0 B29=0 B30=0 B31=0]
I20260203 18:15:10.433732 1656568 publisher.cc:392] Waiting for acknowledgments, received 2341305 out of 8388608 (elapsed: 71s, timeout: 120s) [B0=173430 B1=231240 B2=63591 B3=1873044 B4=0 B5=0 B6=0 B7=0 B8=0 B9=0 B10=0 B11=0 B12=0 B13=0 B14=0 B15=0 B16=0 B17=0 B18=0 B19=0 B20=0 B21=0 B22=0 B23=0 B24=0 B25=0 B26=0 B27=0 B28=0 B29=0 B30=0 B31=0]
I20260203 18:15:11.434034 1656568 publisher.cc:392] Waiting for acknowledgments, received 2341305 out of 8388608 (elapsed: 72s, timeout: 120s) [B0=173430 B1=231240 B2=63591 B3=1873044 B4=0 B5=0 B6=0 B7=0 B8=0 B9=0 B10=0 B11=0 B12=0 B13=0 B14=0 B15=0 B16=0 B17=0 B18=0 B19=0 B20=0 B21=0 B22=0 B23=0 B24=0 B25=0 B26=0 B27=0 B28=0 B29=0 B30=0 B31=0]
I20260203 18:15:12.434403 1656568 publisher.cc:392] Waiting for acknowledgments, received 2341305 out of 8388608 (elapsed: 73s, timeout: 120s) [B0=173430 B1=231240 B2=63591 B3=1873044 B4=0 B5=0 B6=0 B7=0 B8=0 B9=0 B10=0 B11=0 B12=0 B13=0 B14=0 B15=0 B16=0 B17=0 B18=0 B19=0 B20=0 B21=0 B22=0 B23=0 B24=0 B25=0 B26=0 B27=0 B28=0 B29=0 B30=0 B31=0]
I20260203 18:15:13.434712 1656568 publisher.cc:392] Waiting for acknowledgments, received 2341305 out of 8388608 (elapsed: 74s, timeout: 120s) [B0=173430 B1=231240 B2=63591 B3=1873044 B4=0 B5=0 B6=0 B7=0 B8=0 B9=0 B10=0 B11=0 B12=0 B13=0 B14=0 B15=0 B16=0 B17=0 B18=0 B19=0 B20=0 B21=0 B22=0 B23=0 B24=0 B25=0 B26=0 B27=0 B28=0 B29=0 B30=0 B31=0]
I20260203 18:15:14.434969 1656568 publisher.cc:392] Waiting for acknowledgments, received 2341305 out of 8388608 (elapsed: 75s, timeout: 120s) [B0=173430 B1=231240 B2=63591 B3=1873044 B4=0 B5=0 B6=0 B7=0 B8=0 B9=0 B10=0 B11=0 B12=0 B13=0 B14=0 B15=0 B16=0 B17=0 B18=0 B19=0 B20=0 B21=0 B22=0 B23=0 B24=0 B25=0 B26=0 B27=0 B28=0 B29=0 B30=0 B31=0]
I20260203 18:15:15.435011 1656568 publisher.cc:392] Waiting for acknowledgments, received 2341305 out of 8388608 (elapsed: 76s, timeout: 120s) [B0=173430 B1=231240 B2=63591 B3=1873044 B4=0 B5=0 B6=0 B7=0 B8=0 B9=0 B10=0 B11=0 B12=0 B13=0 B14=0 B15=0 B16=0 B17=0 B18=0 B19=0 B20=0 B21=0 B22=0 B23=0 B24=0 B25=0 B26=0 B27=0 B28=0 B29=0 B30=0 B31=0]
I20260203 18:15:16.435323 1656568 publisher.cc:392] Waiting for acknowledgments, received 2341305 out of 8388608 (elapsed: 77s, timeout: 120s) [B0=173430 B1=231240 B2=63591 B3=1873044 B4=0 B5=0 B6=0 B7=0 B8=0 B9=0 B10=0 B11=0 B12=0 B13=0 B14=0 B15=0 B16=0 B17=0 B18=0 B19=0 B20=0 B21=0 B22=0 B23=0 B24=0 B25=0 B26=0 B27=0 B28=0 B29=0 B30=0 B31=0]
I20260203 18:15:17.435645 1656568 publisher.cc:392] Waiting for acknowledgments, received 2341305 out of 8388608 (elapsed: 78s, timeout: 120s) [B0=173430 B1=231240 B2=63591 B3=1873044 B4=0 B5=0 B6=0 B7=0 B8=0 B9=0 B10=0 B11=0 B12=0 B13=0 B14=0 B15=0 B16=0 B17=0 B18=0 B19=0 B20=0 B21=0 B22=0 B23=0 B24=0 B25=0 B26=0 B27=0 B28=0 B29=0 B30=0 B31=0]
I20260203 18:15:18.435894 1656568 publisher.cc:392] Waiting for acknowledgments, received 2341305 out of 8388608 (elapsed: 79s, timeout: 120s) [B0=173430 B1=231240 B2=63591 B3=1873044 B4=0 B5=0 B6=0 B7=0 B8=0 B9=0 B10=0 B11=0 B12=0 B13=0 B14=0 B15=0 B16=0 B17=0 B18=0 B19=0 B20=0 B21=0 B22=0 B23=0 B24=0 B25=0 B26=0 B27=0 B28=0 B29=0 B30=0 B31=0]
I20260203 18:15:19.436182 1656568 publisher.cc:392] Waiting for acknowledgments, received 2341305 out of 8388608 (elapsed: 80s, timeout: 120s) [B0=173430 B1=231240 B2=63591 B3=1873044 B4=0 B5=0 B6=0 B7=0 B8=0 B9=0 B10=0 B11=0 B12=0 B13=0 B14=0 B15=0 B16=0 B17=0 B18=0 B19=0 B20=0 B21=0 B22=0 B23=0 B24=0 B25=0 B26=0 B27=0 B28=0 B29=0 B30=0 B31=0]
I20260203 18:15:20.436499 1656568 publisher.cc:392] Waiting for acknowledgments, received 2341305 out of 8388608 (elapsed: 81s, timeout: 120s) [B0=173430 B1=231240 B2=63591 B3=1873044 B4=0 B5=0 B6=0 B7=0 B8=0 B9=0 B10=0 B11=0 B12=0 B13=0 B14=0 B15=0 B16=0 B17=0 B18=0 B19=0 B20=0 B21=0 B22=0 B23=0 B24=0 B25=0 B26=0 B27=0 B28=0 B29=0 B30=0 B31=0]
I20260203 18:15:21.436790 1656568 publisher.cc:392] Waiting for acknowledgments, received 2341305 out of 8388608 (elapsed: 82s, timeout: 120s) [B0=173430 B1=231240 B2=63591 B3=1873044 B4=0 B5=0 B6=0 B7=0 B8=0 B9=0 B10=0 B11=0 B12=0 B13=0 B14=0 B15=0 B16=0 B17=0 B18=0 B19=0 B20=0 B21=0 B22=0 B23=0 B24=0 B25=0 B26=0 B27=0 B28=0 B29=0 B30=0 B31=0]
I20260203 18:15:22.437165 1656568 publisher.cc:392] Waiting for acknowledgments, received 2341305 out of 8388608 (elapsed: 83s, timeout: 120s) [B0=173430 B1=231240 B2=63591 B3=1873044 B4=0 B5=0 B6=0 B7=0 B8=0 B9=0 B10=0 B11=0 B12=0 B13=0 B14=0 B15=0 B16=0 B17=0 B18=0 B19=0 B20=0 B21=0 B22=0 B23=0 B24=0 B25=0 B26=0 B27=0 B28=0 B29=0 B30=0 B31=0]
I20260203 18:15:23.437569 1656568 publisher.cc:392] Waiting for acknowledgments, received 2341305 out of 8388608 (elapsed: 84s, timeout: 120s) [B0=173430 B1=231240 B2=63591 B3=1873044 B4=0 B5=0 B6=0 B7=0 B8=0 B9=0 B10=0 B11=0 B12=0 B13=0 B14=0 B15=0 B16=0 B17=0 B18=0 B19=0 B20=0 B21=0 B22=0 B23=0 B24=0 B25=0 B26=0 B27=0 B28=0 B29=0 B30=0 B31=0]
I20260203 18:15:24.437657 1656568 publisher.cc:392] Waiting for acknowledgments, received 2341305 out of 8388608 (elapsed: 85s, timeout: 120s) [B0=173430 B1=231240 B2=63591 B3=1873044 B4=0 B5=0 B6=0 B7=0 B8=0 B9=0 B10=0 B11=0 B12=0 B13=0 B14=0 B15=0 B16=0 B17=0 B18=0 B19=0 B20=0 B21=0 B22=0 B23=0 B24=0 B25=0 B26=0 B27=0 B28=0 B29=0 B30=0 B31=0]
I20260203 18:15:25.437672 1656568 publisher.cc:392] Waiting for acknowledgments, received 2341305 out of 8388608 (elapsed: 86s, timeout: 120s) [B0=173430 B1=231240 B2=63591 B3=1873044 B4=0 B5=0 B6=0 B7=0 B8=0 B9=0 B10=0 B11=0 B12=0 B13=0 B14=0 B15=0 B16=0 B17=0 B18=0 B19=0 B20=0 B21=0 B22=0 B23=0 B24=0 B25=0 B26=0 B27=0 B28=0 B29=0 B30=0 B31=0]
I20260203 18:15:26.437703 1656568 publisher.cc:392] Waiting for acknowledgments, received 2341305 out of 8388608 (elapsed: 87s, timeout: 120s) [B0=173430 B1=231240 B2=63591 B3=1873044 B4=0 B5=0 B6=0 B7=0 B8=0 B9=0 B10=0 B11=0 B12=0 B13=0 B14=0 B15=0 B16=0 B17=0 B18=0 B19=0 B20=0 B21=0 B22=0 B23=0 B24=0 B25=0 B26=0 B27=0 B28=0 B29=0 B30=0 B31=0]
I20260203 18:15:27.437856 1656568 publisher.cc:392] Waiting for acknowledgments, received 2341305 out of 8388608 (elapsed: 88s, timeout: 120s) [B0=173430 B1=231240 B2=63591 B3=1873044 B4=0 B5=0 B6=0 B7=0 B8=0 B9=0 B10=0 B11=0 B12=0 B13=0 B14=0 B15=0 B16=0 B17=0 B18=0 B19=0 B20=0 B21=0 B22=0 B23=0 B24=0 B25=0 B26=0 B27=0 B28=0 B29=0 B30=0 B31=0]
I20260203 18:15:28.437897 1656568 publisher.cc:392] Waiting for acknowledgments, received 2341305 out of 8388608 (elapsed: 89s, timeout: 120s) [B0=173430 B1=231240 B2=63591 B3=1873044 B4=0 B5=0 B6=0 B7=0 B8=0 B9=0 B10=0 B11=0 B12=0 B13=0 B14=0 B15=0 B16=0 B17=0 B18=0 B19=0 B20=0 B21=0 B22=0 B23=0 B24=0 B25=0 B26=0 B27=0 B28=0 B29=0 B30=0 B31=0]
I20260203 18:15:29.437909 1656568 publisher.cc:392] Waiting for acknowledgments, received 2341305 out of 8388608 (elapsed: 90s, timeout: 120s) [B0=173430 B1=231240 B2=63591 B3=1873044 B4=0 B5=0 B6=0 B7=0 B8=0 B9=0 B10=0 B11=0 B12=0 B13=0 B14=0 B15=0 B16=0 B17=0 B18=0 B19=0 B20=0 B21=0 B22=0 B23=0 B24=0 B25=0 B26=0 B27=0 B28=0 B29=0 B30=0 B31=0]
I20260203 18:15:30.438041 1656568 publisher.cc:392] Waiting for acknowledgments, received 2341305 out of 8388608 (elapsed: 91s, timeout: 120s) [B0=173430 B1=231240 B2=63591 B3=1873044 B4=0 B5=0 B6=0 B7=0 B8=0 B9=0 B10=0 B11=0 B12=0 B13=0 B14=0 B15=0 B16=0 B17=0 B18=0 B19=0 B20=0 B21=0 B22=0 B23=0 B24=0 B25=0 B26=0 B27=0 B28=0 B29=0 B30=0 B31=0]
I20260203 18:15:31.438160 1656568 publisher.cc:392] Waiting for acknowledgments, received 2341305 out of 8388608 (elapsed: 92s, timeout: 120s) [B0=173430 B1=231240 B2=63591 B3=1873044 B4=0 B5=0 B6=0 B7=0 B8=0 B9=0 B10=0 B11=0 B12=0 B13=0 B14=0 B15=0 B16=0 B17=0 B18=0 B19=0 B20=0 B21=0 B22=0 B23=0 B24=0 B25=0 B26=0 B27=0 B28=0 B29=0 B30=0 B31=0]
I20260203 18:15:32.438262 1656568 publisher.cc:392] Waiting for acknowledgments, received 2341305 out of 8388608 (elapsed: 93s, timeout: 120s) [B0=173430 B1=231240 B2=63591 B3=1873044 B4=0 B5=0 B6=0 B7=0 B8=0 B9=0 B10=0 B11=0 B12=0 B13=0 B14=0 B15=0 B16=0 B17=0 B18=0 B19=0 B20=0 B21=0 B22=0 B23=0 B24=0 B25=0 B26=0 B27=0 B28=0 B29=0 B30=0 B31=0]
I20260203 18:15:33.438421 1656568 publisher.cc:392] Waiting for acknowledgments, received 2341305 out of 8388608 (elapsed: 94s, timeout: 120s) [B0=173430 B1=231240 B2=63591 B3=1873044 B4=0 B5=0 B6=0 B7=0 B8=0 B9=0 B10=0 B11=0 B12=0 B13=0 B14=0 B15=0 B16=0 B17=0 B18=0 B19=0 B20=0 B21=0 B22=0 B23=0 B24=0 B25=0 B26=0 B27=0 B28=0 B29=0 B30=0 B31=0]
I20260203 18:15:34.438645 1656568 publisher.cc:392] Waiting for acknowledgments, received 2341305 out of 8388608 (elapsed: 95s, timeout: 120s) [B0=173430 B1=231240 B2=63591 B3=1873044 B4=0 B5=0 B6=0 B7=0 B8=0 B9=0 B10=0 B11=0 B12=0 B13=0 B14=0 B15=0 B16=0 B17=0 B18=0 B19=0 B20=0 B21=0 B22=0 B23=0 B24=0 B25=0 B26=0 B27=0 B28=0 B29=0 B30=0 B31=0]
I20260203 18:15:35.438861 1656568 publisher.cc:392] Waiting for acknowledgments, received 2341305 out of 8388608 (elapsed: 96s, timeout: 120s) [B0=173430 B1=231240 B2=63591 B3=1873044 B4=0 B5=0 B6=0 B7=0 B8=0 B9=0 B10=0 B11=0 B12=0 B13=0 B14=0 B15=0 B16=0 B17=0 B18=0 B19=0 B20=0 B21=0 B22=0 B23=0 B24=0 B25=0 B26=0 B27=0 B28=0 B29=0 B30=0 B31=0]
I20260203 18:15:36.439167 1656568 publisher.cc:392] Waiting for acknowledgments, received 2341305 out of 8388608 (elapsed: 97s, timeout: 120s) [B0=173430 B1=231240 B2=63591 B3=1873044 B4=0 B5=0 B6=0 B7=0 B8=0 B9=0 B10=0 B11=0 B12=0 B13=0 B14=0 B15=0 B16=0 B17=0 B18=0 B19=0 B20=0 B21=0 B22=0 B23=0 B24=0 B25=0 B26=0 B27=0 B28=0 B29=0 B30=0 B31=0]
I20260203 18:15:37.439357 1656568 publisher.cc:392] Waiting for acknowledgments, received 2341305 out of 8388608 (elapsed: 98s, timeout: 120s) [B0=173430 B1=231240 B2=63591 B3=1873044 B4=0 B5=0 B6=0 B7=0 B8=0 B9=0 B10=0 B11=0 B12=0 B13=0 B14=0 B15=0 B16=0 B17=0 B18=0 B19=0 B20=0 B21=0 B22=0 B23=0 B24=0 B25=0 B26=0 B27=0 B28=0 B29=0 B30=0 B31=0]
I20260203 18:15:38.439735 1656568 publisher.cc:392] Waiting for acknowledgments, received 2347086 out of 8388608 (elapsed: 99s, timeout: 120s) [B0=173430 B1=231240 B2=69372 B3=1873044 B4=0 B5=0 B6=0 B7=0 B8=0 B9=0 B10=0 B11=0 B12=0 B13=0 B14=0 B15=0 B16=0 B17=0 B18=0 B19=0 B20=0 B21=0 B22=0 B23=0 B24=0 B25=0 B26=0 B27=0 B28=0 B29=0 B30=0 B31=0]
I20260203 18:15:39.439908 1656568 publisher.cc:392] Waiting for acknowledgments, received 2347086 out of 8388608 (elapsed: 100s, timeout: 120s) [B0=173430 B1=231240 B2=69372 B3=1873044 B4=0 B5=0 B6=0 B7=0 B8=0 B9=0 B10=0 B11=0 B12=0 B13=0 B14=0 B15=0 B16=0 B17=0 B18=0 B19=0 B20=0 B21=0 B22=0 B23=0 B24=0 B25=0 B26=0 B27=0 B28=0 B29=0 B30=0 B31=0]
I20260203 18:15:40.440217 1656568 publisher.cc:392] Waiting for acknowledgments, received 2347086 out of 8388608 (elapsed: 101s, timeout: 120s) [B0=173430 B1=231240 B2=69372 B3=1873044 B4=0 B5=0 B6=0 B7=0 B8=0 B9=0 B10=0 B11=0 B12=0 B13=0 B14=0 B15=0 B16=0 B17=0 B18=0 B19=0 B20=0 B21=0 B22=0 B23=0 B24=0 B25=0 B26=0 B27=0 B28=0 B29=0 B30=0 B31=0]
I20260203 18:15:41.440418 1656568 publisher.cc:392] Waiting for acknowledgments, received 2347086 out of 8388608 (elapsed: 102s, timeout: 120s) [B0=173430 B1=231240 B2=69372 B3=1873044 B4=0 B5=0 B6=0 B7=0 B8=0 B9=0 B10=0 B11=0 B12=0 B13=0 B14=0 B15=0 B16=0 B17=0 B18=0 B19=0 B20=0 B21=0 B22=0 B23=0 B24=0 B25=0 B26=0 B27=0 B28=0 B29=0 B30=0 B31=0]
I20260203 18:15:42.440655 1656568 publisher.cc:392] Waiting for acknowledgments, received 2347086 out of 8388608 (elapsed: 103s, timeout: 120s) [B0=173430 B1=231240 B2=69372 B3=1873044 B4=0 B5=0 B6=0 B7=0 B8=0 B9=0 B10=0 B11=0 B12=0 B13=0 B14=0 B15=0 B16=0 B17=0 B18=0 B19=0 B20=0 B21=0 B22=0 B23=0 B24=0 B25=0 B26=0 B27=0 B28=0 B29=0 B30=0 B31=0]
I20260203 18:15:43.440858 1656568 publisher.cc:392] Waiting for acknowledgments, received 2347086 out of 8388608 (elapsed: 104s, timeout: 120s) [B0=173430 B1=231240 B2=69372 B3=1873044 B4=0 B5=0 B6=0 B7=0 B8=0 B9=0 B10=0 B11=0 B12=0 B13=0 B14=0 B15=0 B16=0 B17=0 B18=0 B19=0 B20=0 B21=0 B22=0 B23=0 B24=0 B25=0 B26=0 B27=0 B28=0 B29=0 B30=0 B31=0]
I20260203 18:15:44.441272 1656568 publisher.cc:392] Waiting for acknowledgments, received 2347086 out of 8388608 (elapsed: 105s, timeout: 120s) [B0=173430 B1=231240 B2=69372 B3=1873044 B4=0 B5=0 B6=0 B7=0 B8=0 B9=0 B10=0 B11=0 B12=0 B13=0 B14=0 B15=0 B16=0 B17=0 B18=0 B19=0 B20=0 B21=0 B22=0 B23=0 B24=0 B25=0 B26=0 B27=0 B28=0 B29=0 B30=0 B31=0]
I20260203 18:15:45.441593 1656568 publisher.cc:392] Waiting for acknowledgments, received 2347086 out of 8388608 (elapsed: 106s, timeout: 120s) [B0=173430 B1=231240 B2=69372 B3=1873044 B4=0 B5=0 B6=0 B7=0 B8=0 B9=0 B10=0 B11=0 B12=0 B13=0 B14=0 B15=0 B16=0 B17=0 B18=0 B19=0 B20=0 B21=0 B22=0 B23=0 B24=0 B25=0 B26=0 B27=0 B28=0 B29=0 B30=0 B31=0]
I20260203 18:15:46.441881 1656568 publisher.cc:392] Waiting for acknowledgments, received 2347086 out of 8388608 (elapsed: 107s, timeout: 120s) [B0=173430 B1=231240 B2=69372 B3=1873044 B4=0 B5=0 B6=0 B7=0 B8=0 B9=0 B10=0 B11=0 B12=0 B13=0 B14=0 B15=0 B16=0 B17=0 B18=0 B19=0 B20=0 B21=0 B22=0 B23=0 B24=0 B25=0 B26=0 B27=0 B28=0 B29=0 B30=0 B31=0]
I20260203 18:15:47.442159 1656568 publisher.cc:392] Waiting for acknowledgments, received 2347086 out of 8388608 (elapsed: 108s, timeout: 120s) [B0=173430 B1=231240 B2=69372 B3=1873044 B4=0 B5=0 B6=0 B7=0 B8=0 B9=0 B10=0 B11=0 B12=0 B13=0 B14=0 B15=0 B16=0 B17=0 B18=0 B19=0 B20=0 B21=0 B22=0 B23=0 B24=0 B25=0 B26=0 B27=0 B28=0 B29=0 B30=0 B31=0]
I20260203 18:15:48.442540 1656568 publisher.cc:392] Waiting for acknowledgments, received 2347086 out of 8388608 (elapsed: 109s, timeout: 120s) [B0=173430 B1=231240 B2=69372 B3=1873044 B4=0 B5=0 B6=0 B7=0 B8=0 B9=0 B10=0 B11=0 B12=0 B13=0 B14=0 B15=0 B16=0 B17=0 B18=0 B19=0 B20=0 B21=0 B22=0 B23=0 B24=0 B25=0 B26=0 B27=0 B28=0 B29=0 B30=0 B31=0]
I20260203 18:15:49.442925 1656568 publisher.cc:392] Waiting for acknowledgments, received 2347086 out of 8388608 (elapsed: 110s, timeout: 120s) [B0=173430 B1=231240 B2=69372 B3=1873044 B4=0 B5=0 B6=0 B7=0 B8=0 B9=0 B10=0 B11=0 B12=0 B13=0 B14=0 B15=0 B16=0 B17=0 B18=0 B19=0 B20=0 B21=0 B22=0 B23=0 B24=0 B25=0 B26=0 B27=0 B28=0 B29=0 B30=0 B31=0]
I20260203 18:15:50.443338 1656568 publisher.cc:392] Waiting for acknowledgments, received 2347086 out of 8388608 (elapsed: 111s, timeout: 120s) [B0=173430 B1=231240 B2=69372 B3=1873044 B4=0 B5=0 B6=0 B7=0 B8=0 B9=0 B10=0 B11=0 B12=0 B13=0 B14=0 B15=0 B16=0 B17=0 B18=0 B19=0 B20=0 B21=0 B22=0 B23=0 B24=0 B25=0 B26=0 B27=0 B28=0 B29=0 B30=0 B31=0]
I20260203 18:15:51.443425 1656568 publisher.cc:392] Waiting for acknowledgments, received 2347086 out of 8388608 (elapsed: 112s, timeout: 120s) [B0=173430 B1=231240 B2=69372 B3=1873044 B4=0 B5=0 B6=0 B7=0 B8=0 B9=0 B10=0 B11=0 B12=0 B13=0 B14=0 B15=0 B16=0 B17=0 B18=0 B19=0 B20=0 B21=0 B22=0 B23=0 B24=0 B25=0 B26=0 B27=0 B28=0 B29=0 B30=0 B31=0]
I20260203 18:15:52.443841 1656568 publisher.cc:392] Waiting for acknowledgments, received 2347086 out of 8388608 (elapsed: 113s, timeout: 120s) [B0=173430 B1=231240 B2=69372 B3=1873044 B4=0 B5=0 B6=0 B7=0 B8=0 B9=0 B10=0 B11=0 B12=0 B13=0 B14=0 B15=0 B16=0 B17=0 B18=0 B19=0 B20=0 B21=0 B22=0 B23=0 B24=0 B25=0 B26=0 B27=0 B28=0 B29=0 B30=0 B31=0]
I20260203 18:15:53.444160 1656568 publisher.cc:392] Waiting for acknowledgments, received 2347086 out of 8388608 (elapsed: 114s, timeout: 120s) [B0=173430 B1=231240 B2=69372 B3=1873044 B4=0 B5=0 B6=0 B7=0 B8=0 B9=0 B10=0 B11=0 B12=0 B13=0 B14=0 B15=0 B16=0 B17=0 B18=0 B19=0 B20=0 B21=0 B22=0 B23=0 B24=0 B25=0 B26=0 B27=0 B28=0 B29=0 B30=0 B31=0]
I20260203 18:15:54.444648 1656568 publisher.cc:392] Waiting for acknowledgments, received 2347086 out of 8388608 (elapsed: 115s, timeout: 120s) [B0=173430 B1=231240 B2=69372 B3=1873044 B4=0 B5=0 B6=0 B7=0 B8=0 B9=0 B10=0 B11=0 B12=0 B13=0 B14=0 B15=0 B16=0 B17=0 B18=0 B19=0 B20=0 B21=0 B22=0 B23=0 B24=0 B25=0 B26=0 B27=0 B28=0 B29=0 B30=0 B31=0]
I20260203 18:15:55.445043 1656568 publisher.cc:392] Waiting for acknowledgments, received 2347086 out of 8388608 (elapsed: 116s, timeout: 120s) [B0=173430 B1=231240 B2=69372 B3=1873044 B4=0 B5=0 B6=0 B7=0 B8=0 B9=0 B10=0 B11=0 B12=0 B13=0 B14=0 B15=0 B16=0 B17=0 B18=0 B19=0 B20=0 B21=0 B22=0 B23=0 B24=0 B25=0 B26=0 B27=0 B28=0 B29=0 B30=0 B31=0]
I20260203 18:15:56.445380 1656568 publisher.cc:392] Waiting for acknowledgments, received 2347086 out of 8388608 (elapsed: 117s, timeout: 120s) [B0=173430 B1=231240 B2=69372 B3=1873044 B4=0 B5=0 B6=0 B7=0 B8=0 B9=0 B10=0 B11=0 B12=0 B13=0 B14=0 B15=0 B16=0 B17=0 B18=0 B19=0 B20=0 B21=0 B22=0 B23=0 B24=0 B25=0 B26=0 B27=0 B28=0 B29=0 B30=0 B31=0]
I20260203 18:15:57.445722 1656568 publisher.cc:392] Waiting for acknowledgments, received 2347086 out of 8388608 (elapsed: 118s, timeout: 120s) [B0=173430 B1=231240 B2=69372 B3=1873044 B4=0 B5=0 B6=0 B7=0 B8=0 B9=0 B10=0 B11=0 B12=0 B13=0 B14=0 B15=0 B16=0 B17=0 B18=0 B19=0 B20=0 B21=0 B22=0 B23=0 B24=0 B25=0 B26=0 B27=0 B28=0 B29=0 B30=0 B31=0]
I20260203 18:15:58.446099 1656568 publisher.cc:392] Waiting for acknowledgments, received 2347086 out of 8388608 (elapsed: 119s, timeout: 120s) [B0=173430 B1=231240 B2=69372 B3=1873044 B4=0 B5=0 B6=0 B7=0 B8=0 B9=0 B10=0 B11=0 B12=0 B13=0 B14=0 B15=0 B16=0 B17=0 B18=0 B19=0 B20=0 B21=0 B22=0 B23=0 B24=0 B25=0 B26=0 B27=0 B28=0 B29=0 B30=0 B31=0]
E20260203 18:15:59.413450 1656568 publisher.cc:360] [Publisher ACK Timeout]: Waited 120 seconds for ACKs, received 2347086 out of 8388608 (timeout=120s)
E20260203 18:15:59.413497 1656568 publisher.cc:363] [Publisher ACK Diagnostics]: ack_level=1, last_ack_received=2347086, client_order=8388608
E20260203 18:15:59.413503 1656568 publisher.cc:365] [Publisher Batch Stats]: total_batches_sent=4353 attempted=0 failed=0 (sent_all=yes)
E20260203 18:15:59.413516 1656568 publisher.cc:375] [Publisher ACK Per-Broker]: B0=173430 B1=231240 B2=69372 B3=1873044 B4=0 B5=0 B6=0 B7=0 B8=0 B9=0 B10=0 B11=0 B12=0 B13=0 B14=0 B15=0 B16=0 B17=0 B18=0 B19=0 B20=0 B21=0 B22=0 B23=0 B24=0 B25=0 B26=0 B27=0 B28=0 B29=0 B30=0 B31=0
E20260203 18:15:59.413522 1656568 test_utils.cc:261] Publish test failed: ACK wait timed out
I20260203 18:15:59.421801 1656568 result_writer.cc:193] Publish bandwidth: 0.00 MB/s
Test completed, cleaning up broker processes...
Terminated broker process with PID 1655656
Terminated broker process with PID 1656183
Terminated broker process with PID 1656184
Terminated broker process with PID 1656185
All processes have finished for trial 1 with message size 1024
Cleaning up stale brokers and ports...
