Cleaning up stale brokers and ports...
Running trial 1 with message size 1024
Started head broker with PID 1620096
Waiting for broker to signal readiness (timeout: 60s, PID: 1620096)...
Broker ready! Found ready file: /tmp/embarlet_1620096_ready (PID: 1620096) after 8s
Started follower brokers with PIDs: 1620613 1620614 1620615
Waiting for 3 broker(s) to signal readiness (timeout: 20s, PIDs: 1620613 1620614 1620615)...
All 3 broker(s) ready after 0s
All brokers ready, cluster formed
I20260203 17:02:46.549451 1621002 main.cc:68] Using threads_per_broker from command line: 3
I20260203 17:02:47.090268 1621002 test_utils.cc:51] 

===== Publish Throughput Test =====
	  Message size: 1024 bytes
	  Total message size: 8589934592 bytes
	  Threads per broker: 3
	  ACK level: 1
	  Order level: 2
	  Sequencer: EMBARCADERO
I20260203 17:02:47.091352 1621044 publisher.cc:1399] SubscribeToCluster: Creating gRPC reader for cluster status subscription...
I20260203 17:02:47.093010 1621044 publisher.cc:1420] SubscribeToCluster: Received cluster status update with 4 brokers (using broker_info)
I20260203 17:02:47.093070 1621044 publisher.cc:1443] SubscribeToCluster: Added broker 3 (accepts_publishes=true)
I20260203 17:02:47.093086 1621044 publisher.cc:1443] SubscribeToCluster: Added broker 1 (accepts_publishes=true)
I20260203 17:02:47.093097 1621044 publisher.cc:1443] SubscribeToCluster: Added broker 2 (accepts_publishes=true)
I20260203 17:02:47.093108 1621044 publisher.cc:1443] SubscribeToCluster: Added broker 0 (accepts_publishes=true)
I20260203 17:02:47.093120 1621044 publisher.cc:1505] SubscribeToCluster: Adding publisher threads for broker 0
I20260203 17:02:47.093855 1621044 common.cc:274] Hugepages: 13312 free × 2048 kB = 26624 MB free; need 24579 MB (OK)
W20260203 17:02:52.091219 1621002 publisher.cc:170] Publisher::Init() waiting for cluster connection... (5s elapsed)
I20260203 17:02:52.093139 1621044 publisher.cc:1505] SubscribeToCluster: Adding publisher threads for broker 1
I20260203 17:02:52.093210 1621063 publisher.cc:1019] PublishThread: Handshake sent successfully to broker 0 (client_id=402586, topic=TestTopic)
I20260203 17:02:52.093349 1621064 publisher.cc:1019] PublishThread: Handshake sent successfully to broker 0 (client_id=402586, topic=TestTopic)
I20260203 17:02:52.093511 1621044 publisher.cc:1505] SubscribeToCluster: Adding publisher threads for broker 2
I20260203 17:02:52.093598 1621065 publisher.cc:1019] PublishThread: Handshake sent successfully to broker 0 (client_id=402586, topic=TestTopic)
I20260203 17:02:52.093735 1621067 publisher.cc:1019] PublishThread: Handshake sent successfully to broker 1 (client_id=402586, topic=TestTopic)
I20260203 17:02:52.093600 1621066 publisher.cc:1019] PublishThread: Handshake sent successfully to broker 1 (client_id=402586, topic=TestTopic)
I20260203 17:02:52.093842 1621068 publisher.cc:1019] PublishThread: Handshake sent successfully to broker 1 (client_id=402586, topic=TestTopic)
I20260203 17:02:52.093999 1621069 publisher.cc:1019] PublishThread: Handshake sent successfully to broker 2 (client_id=402586, topic=TestTopic)
I20260203 17:02:52.094064 1621070 publisher.cc:1019] PublishThread: Handshake sent successfully to broker 2 (client_id=402586, topic=TestTopic)
I20260203 17:02:52.094498 1621043 publisher.cc:768] AckThread: Received Broker ID 0 from fd=26
I20260203 17:02:52.093816 1621044 publisher.cc:1505] SubscribeToCluster: Adding publisher threads for broker 3
I20260203 17:02:52.094177 1621071 publisher.cc:1019] PublishThread: Handshake sent successfully to broker 2 (client_id=402586, topic=TestTopic)
I20260203 17:02:52.094631 1621043 publisher.cc:768] AckThread: Received Broker ID 1 from fd=36
I20260203 17:02:52.094907 1621044 publisher.cc:1521] SubscribeToCluster: Connection established successfully. connected_=true
I20260203 17:02:52.094915 1621074 publisher.cc:1019] PublishThread: Handshake sent successfully to broker 3 (client_id=402586, topic=TestTopic)
I20260203 17:02:52.095057 1621075 publisher.cc:1019] PublishThread: Handshake sent successfully to broker 3 (client_id=402586, topic=TestTopic)
I20260203 17:02:52.095170 1621077 publisher.cc:1019] PublishThread: Handshake sent successfully to broker 3 (client_id=402586, topic=TestTopic)
I20260203 17:02:52.095197 1621043 publisher.cc:768] AckThread: Received Broker ID 2 from fd=41
I20260203 17:02:52.095604 1621043 publisher.cc:768] AckThread: Received Broker ID 3 from fd=57
I20260203 17:02:52.145390 1621002 publisher.cc:219] Publisher::Init() All 4 broker ACK connections established
I20260203 17:02:54.005576 1621002 publisher.cc:406] Waiting for acknowledgments, received 0 out of 8388608 (elapsed: 1s, timeout: 30s) [B0=0 B1=0 B2=0 B3=0 B4=0 B5=0 B6=0 B7=0 B8=0 B9=0 B10=0 B11=0 B12=0 B13=0 B14=0 B15=0 B16=0 B17=0 B18=0 B19=0 B20=0 B21=0 B22=0 B23=0 B24=0 B25=0 B26=0 B27=0 B28=0 B29=0 B30=0 B31=0]
I20260203 17:02:55.005822 1621002 publisher.cc:406] Waiting for acknowledgments, received 0 out of 8388608 (elapsed: 2s, timeout: 30s) [B0=0 B1=0 B2=0 B3=0 B4=0 B5=0 B6=0 B7=0 B8=0 B9=0 B10=0 B11=0 B12=0 B13=0 B14=0 B15=0 B16=0 B17=0 B18=0 B19=0 B20=0 B21=0 B22=0 B23=0 B24=0 B25=0 B26=0 B27=0 B28=0 B29=0 B30=0 B31=0]
I20260203 17:02:56.005923 1621002 publisher.cc:406] Waiting for acknowledgments, received 0 out of 8388608 (elapsed: 3s, timeout: 30s) [B0=0 B1=0 B2=0 B3=0 B4=0 B5=0 B6=0 B7=0 B8=0 B9=0 B10=0 B11=0 B12=0 B13=0 B14=0 B15=0 B16=0 B17=0 B18=0 B19=0 B20=0 B21=0 B22=0 B23=0 B24=0 B25=0 B26=0 B27=0 B28=0 B29=0 B30=0 B31=0]
I20260203 17:02:57.006049 1621002 publisher.cc:406] Waiting for acknowledgments, received 0 out of 8388608 (elapsed: 4s, timeout: 30s) [B0=0 B1=0 B2=0 B3=0 B4=0 B5=0 B6=0 B7=0 B8=0 B9=0 B10=0 B11=0 B12=0 B13=0 B14=0 B15=0 B16=0 B17=0 B18=0 B19=0 B20=0 B21=0 B22=0 B23=0 B24=0 B25=0 B26=0 B27=0 B28=0 B29=0 B30=0 B31=0]
I20260203 17:02:58.006127 1621002 publisher.cc:406] Waiting for acknowledgments, received 0 out of 8388608 (elapsed: 5s, timeout: 30s) [B0=0 B1=0 B2=0 B3=0 B4=0 B5=0 B6=0 B7=0 B8=0 B9=0 B10=0 B11=0 B12=0 B13=0 B14=0 B15=0 B16=0 B17=0 B18=0 B19=0 B20=0 B21=0 B22=0 B23=0 B24=0 B25=0 B26=0 B27=0 B28=0 B29=0 B30=0 B31=0]
I20260203 17:02:59.006228 1621002 publisher.cc:406] Waiting for acknowledgments, received 0 out of 8388608 (elapsed: 6s, timeout: 30s) [B0=0 B1=0 B2=0 B3=0 B4=0 B5=0 B6=0 B7=0 B8=0 B9=0 B10=0 B11=0 B12=0 B13=0 B14=0 B15=0 B16=0 B17=0 B18=0 B19=0 B20=0 B21=0 B22=0 B23=0 B24=0 B25=0 B26=0 B27=0 B28=0 B29=0 B30=0 B31=0]
I20260203 17:03:00.006336 1621002 publisher.cc:406] Waiting for acknowledgments, received 0 out of 8388608 (elapsed: 7s, timeout: 30s) [B0=0 B1=0 B2=0 B3=0 B4=0 B5=0 B6=0 B7=0 B8=0 B9=0 B10=0 B11=0 B12=0 B13=0 B14=0 B15=0 B16=0 B17=0 B18=0 B19=0 B20=0 B21=0 B22=0 B23=0 B24=0 B25=0 B26=0 B27=0 B28=0 B29=0 B30=0 B31=0]
I20260203 17:03:01.006470 1621002 publisher.cc:406] Waiting for acknowledgments, received 0 out of 8388608 (elapsed: 8s, timeout: 30s) [B0=0 B1=0 B2=0 B3=0 B4=0 B5=0 B6=0 B7=0 B8=0 B9=0 B10=0 B11=0 B12=0 B13=0 B14=0 B15=0 B16=0 B17=0 B18=0 B19=0 B20=0 B21=0 B22=0 B23=0 B24=0 B25=0 B26=0 B27=0 B28=0 B29=0 B30=0 B31=0]
I20260203 17:03:02.006661 1621002 publisher.cc:406] Waiting for acknowledgments, received 0 out of 8388608 (elapsed: 9s, timeout: 30s) [B0=0 B1=0 B2=0 B3=0 B4=0 B5=0 B6=0 B7=0 B8=0 B9=0 B10=0 B11=0 B12=0 B13=0 B14=0 B15=0 B16=0 B17=0 B18=0 B19=0 B20=0 B21=0 B22=0 B23=0 B24=0 B25=0 B26=0 B27=0 B28=0 B29=0 B30=0 B31=0]
I20260203 17:03:03.006832 1621002 publisher.cc:406] Waiting for acknowledgments, received 0 out of 8388608 (elapsed: 10s, timeout: 30s) [B0=0 B1=0 B2=0 B3=0 B4=0 B5=0 B6=0 B7=0 B8=0 B9=0 B10=0 B11=0 B12=0 B13=0 B14=0 B15=0 B16=0 B17=0 B18=0 B19=0 B20=0 B21=0 B22=0 B23=0 B24=0 B25=0 B26=0 B27=0 B28=0 B29=0 B30=0 B31=0]
I20260203 17:03:04.006963 1621002 publisher.cc:406] Waiting for acknowledgments, received 0 out of 8388608 (elapsed: 11s, timeout: 30s) [B0=0 B1=0 B2=0 B3=0 B4=0 B5=0 B6=0 B7=0 B8=0 B9=0 B10=0 B11=0 B12=0 B13=0 B14=0 B15=0 B16=0 B17=0 B18=0 B19=0 B20=0 B21=0 B22=0 B23=0 B24=0 B25=0 B26=0 B27=0 B28=0 B29=0 B30=0 B31=0]
I20260203 17:03:05.007045 1621002 publisher.cc:406] Waiting for acknowledgments, received 0 out of 8388608 (elapsed: 12s, timeout: 30s) [B0=0 B1=0 B2=0 B3=0 B4=0 B5=0 B6=0 B7=0 B8=0 B9=0 B10=0 B11=0 B12=0 B13=0 B14=0 B15=0 B16=0 B17=0 B18=0 B19=0 B20=0 B21=0 B22=0 B23=0 B24=0 B25=0 B26=0 B27=0 B28=0 B29=0 B30=0 B31=0]
I20260203 17:03:06.007144 1621002 publisher.cc:406] Waiting for acknowledgments, received 0 out of 8388608 (elapsed: 13s, timeout: 30s) [B0=0 B1=0 B2=0 B3=0 B4=0 B5=0 B6=0 B7=0 B8=0 B9=0 B10=0 B11=0 B12=0 B13=0 B14=0 B15=0 B16=0 B17=0 B18=0 B19=0 B20=0 B21=0 B22=0 B23=0 B24=0 B25=0 B26=0 B27=0 B28=0 B29=0 B30=0 B31=0]
I20260203 17:03:07.007340 1621002 publisher.cc:406] Waiting for acknowledgments, received 0 out of 8388608 (elapsed: 14s, timeout: 30s) [B0=0 B1=0 B2=0 B3=0 B4=0 B5=0 B6=0 B7=0 B8=0 B9=0 B10=0 B11=0 B12=0 B13=0 B14=0 B15=0 B16=0 B17=0 B18=0 B19=0 B20=0 B21=0 B22=0 B23=0 B24=0 B25=0 B26=0 B27=0 B28=0 B29=0 B30=0 B31=0]
I20260203 17:03:08.007472 1621002 publisher.cc:406] Waiting for acknowledgments, received 0 out of 8388608 (elapsed: 15s, timeout: 30s) [B0=0 B1=0 B2=0 B3=0 B4=0 B5=0 B6=0 B7=0 B8=0 B9=0 B10=0 B11=0 B12=0 B13=0 B14=0 B15=0 B16=0 B17=0 B18=0 B19=0 B20=0 B21=0 B22=0 B23=0 B24=0 B25=0 B26=0 B27=0 B28=0 B29=0 B30=0 B31=0]
I20260203 17:03:09.007632 1621002 publisher.cc:406] Waiting for acknowledgments, received 0 out of 8388608 (elapsed: 16s, timeout: 30s) [B0=0 B1=0 B2=0 B3=0 B4=0 B5=0 B6=0 B7=0 B8=0 B9=0 B10=0 B11=0 B12=0 B13=0 B14=0 B15=0 B16=0 B17=0 B18=0 B19=0 B20=0 B21=0 B22=0 B23=0 B24=0 B25=0 B26=0 B27=0 B28=0 B29=0 B30=0 B31=0]
I20260203 17:03:10.007807 1621002 publisher.cc:406] Waiting for acknowledgments, received 0 out of 8388608 (elapsed: 17s, timeout: 30s) [B0=0 B1=0 B2=0 B3=0 B4=0 B5=0 B6=0 B7=0 B8=0 B9=0 B10=0 B11=0 B12=0 B13=0 B14=0 B15=0 B16=0 B17=0 B18=0 B19=0 B20=0 B21=0 B22=0 B23=0 B24=0 B25=0 B26=0 B27=0 B28=0 B29=0 B30=0 B31=0]
I20260203 17:03:11.007892 1621002 publisher.cc:406] Waiting for acknowledgments, received 0 out of 8388608 (elapsed: 18s, timeout: 30s) [B0=0 B1=0 B2=0 B3=0 B4=0 B5=0 B6=0 B7=0 B8=0 B9=0 B10=0 B11=0 B12=0 B13=0 B14=0 B15=0 B16=0 B17=0 B18=0 B19=0 B20=0 B21=0 B22=0 B23=0 B24=0 B25=0 B26=0 B27=0 B28=0 B29=0 B30=0 B31=0]
I20260203 17:03:12.008101 1621002 publisher.cc:406] Waiting for acknowledgments, received 0 out of 8388608 (elapsed: 19s, timeout: 30s) [B0=0 B1=0 B2=0 B3=0 B4=0 B5=0 B6=0 B7=0 B8=0 B9=0 B10=0 B11=0 B12=0 B13=0 B14=0 B15=0 B16=0 B17=0 B18=0 B19=0 B20=0 B21=0 B22=0 B23=0 B24=0 B25=0 B26=0 B27=0 B28=0 B29=0 B30=0 B31=0]
I20260203 17:03:13.008199 1621002 publisher.cc:406] Waiting for acknowledgments, received 0 out of 8388608 (elapsed: 20s, timeout: 30s) [B0=0 B1=0 B2=0 B3=0 B4=0 B5=0 B6=0 B7=0 B8=0 B9=0 B10=0 B11=0 B12=0 B13=0 B14=0 B15=0 B16=0 B17=0 B18=0 B19=0 B20=0 B21=0 B22=0 B23=0 B24=0 B25=0 B26=0 B27=0 B28=0 B29=0 B30=0 B31=0]
I20260203 17:03:14.008327 1621002 publisher.cc:406] Waiting for acknowledgments, received 0 out of 8388608 (elapsed: 21s, timeout: 30s) [B0=0 B1=0 B2=0 B3=0 B4=0 B5=0 B6=0 B7=0 B8=0 B9=0 B10=0 B11=0 B12=0 B13=0 B14=0 B15=0 B16=0 B17=0 B18=0 B19=0 B20=0 B21=0 B22=0 B23=0 B24=0 B25=0 B26=0 B27=0 B28=0 B29=0 B30=0 B31=0]
I20260203 17:03:15.008432 1621002 publisher.cc:406] Waiting for acknowledgments, received 0 out of 8388608 (elapsed: 22s, timeout: 30s) [B0=0 B1=0 B2=0 B3=0 B4=0 B5=0 B6=0 B7=0 B8=0 B9=0 B10=0 B11=0 B12=0 B13=0 B14=0 B15=0 B16=0 B17=0 B18=0 B19=0 B20=0 B21=0 B22=0 B23=0 B24=0 B25=0 B26=0 B27=0 B28=0 B29=0 B30=0 B31=0]
I20260203 17:03:16.008563 1621002 publisher.cc:406] Waiting for acknowledgments, received 0 out of 8388608 (elapsed: 23s, timeout: 30s) [B0=0 B1=0 B2=0 B3=0 B4=0 B5=0 B6=0 B7=0 B8=0 B9=0 B10=0 B11=0 B12=0 B13=0 B14=0 B15=0 B16=0 B17=0 B18=0 B19=0 B20=0 B21=0 B22=0 B23=0 B24=0 B25=0 B26=0 B27=0 B28=0 B29=0 B30=0 B31=0]
I20260203 17:03:17.008627 1621002 publisher.cc:406] Waiting for acknowledgments, received 0 out of 8388608 (elapsed: 24s, timeout: 30s) [B0=0 B1=0 B2=0 B3=0 B4=0 B5=0 B6=0 B7=0 B8=0 B9=0 B10=0 B11=0 B12=0 B13=0 B14=0 B15=0 B16=0 B17=0 B18=0 B19=0 B20=0 B21=0 B22=0 B23=0 B24=0 B25=0 B26=0 B27=0 B28=0 B29=0 B30=0 B31=0]
I20260203 17:03:18.008700 1621002 publisher.cc:406] Waiting for acknowledgments, received 0 out of 8388608 (elapsed: 25s, timeout: 30s) [B0=0 B1=0 B2=0 B3=0 B4=0 B5=0 B6=0 B7=0 B8=0 B9=0 B10=0 B11=0 B12=0 B13=0 B14=0 B15=0 B16=0 B17=0 B18=0 B19=0 B20=0 B21=0 B22=0 B23=0 B24=0 B25=0 B26=0 B27=0 B28=0 B29=0 B30=0 B31=0]
I20260203 17:03:19.008828 1621002 publisher.cc:406] Waiting for acknowledgments, received 0 out of 8388608 (elapsed: 26s, timeout: 30s) [B0=0 B1=0 B2=0 B3=0 B4=0 B5=0 B6=0 B7=0 B8=0 B9=0 B10=0 B11=0 B12=0 B13=0 B14=0 B15=0 B16=0 B17=0 B18=0 B19=0 B20=0 B21=0 B22=0 B23=0 B24=0 B25=0 B26=0 B27=0 B28=0 B29=0 B30=0 B31=0]
I20260203 17:03:20.008919 1621002 publisher.cc:406] Waiting for acknowledgments, received 0 out of 8388608 (elapsed: 27s, timeout: 30s) [B0=0 B1=0 B2=0 B3=0 B4=0 B5=0 B6=0 B7=0 B8=0 B9=0 B10=0 B11=0 B12=0 B13=0 B14=0 B15=0 B16=0 B17=0 B18=0 B19=0 B20=0 B21=0 B22=0 B23=0 B24=0 B25=0 B26=0 B27=0 B28=0 B29=0 B30=0 B31=0]
I20260203 17:03:21.009054 1621002 publisher.cc:406] Waiting for acknowledgments, received 0 out of 8388608 (elapsed: 28s, timeout: 30s) [B0=0 B1=0 B2=0 B3=0 B4=0 B5=0 B6=0 B7=0 B8=0 B9=0 B10=0 B11=0 B12=0 B13=0 B14=0 B15=0 B16=0 B17=0 B18=0 B19=0 B20=0 B21=0 B22=0 B23=0 B24=0 B25=0 B26=0 B27=0 B28=0 B29=0 B30=0 B31=0]
I20260203 17:03:22.009128 1621002 publisher.cc:406] Waiting for acknowledgments, received 0 out of 8388608 (elapsed: 29s, timeout: 30s) [B0=0 B1=0 B2=0 B3=0 B4=0 B5=0 B6=0 B7=0 B8=0 B9=0 B10=0 B11=0 B12=0 B13=0 B14=0 B15=0 B16=0 B17=0 B18=0 B19=0 B20=0 B21=0 B22=0 B23=0 B24=0 B25=0 B26=0 B27=0 B28=0 B29=0 B30=0 B31=0]
E20260203 17:03:23.005692 1621002 publisher.cc:362] [Publisher ACK Timeout]: Waited 30 seconds for ACKs, received 0 out of 8388608 (timeout=30s)
E20260203 17:03:23.005731 1621002 publisher.cc:365] [Publisher ACK Diagnostics]: ack_level=1, last_ack_received=0, client_order=8388608
E20260203 17:03:23.005738 1621002 publisher.cc:367] [Publisher Batch Stats]: total_batches_sent=4353 attempted=4353 failed=0 (sent_all=yes)
E20260203 17:03:23.005749 1621002 publisher.cc:377] [Publisher ACK Per-Broker]: B0=0 B1=0 B2=0 B3=0 B4=0 B5=0 B6=0 B7=0 B8=0 B9=0 B10=0 B11=0 B12=0 B13=0 B14=0 B15=0 B16=0 B17=0 B18=0 B19=0 B20=0 B21=0 B22=0 B23=0 B24=0 B25=0 B26=0 B27=0 B28=0 B29=0 B30=0 B31=0
E20260203 17:03:23.005756 1621002 test_utils.cc:261] Publish test failed: ACK wait timed out
I20260203 17:03:23.013592 1621002 result_writer.cc:193] Publish bandwidth: 0.00 MB/s
Test completed, cleaning up broker processes...
Terminated broker process with PID 1620096
Terminated broker process with PID 1620613
Terminated broker process with PID 1620614
Terminated broker process with PID 1620615
All processes have finished for trial 1 with message size 1024
Cleaning up stale brokers and ports...
All experiments have finished.
