Cleaning up stale brokers and ports...
Running trial 1 with message size 1024
Started head broker with PID 1618018
Waiting for broker to signal readiness (timeout: 60s, PID: 1618018)...
Broker ready! Found ready file: /tmp/embarlet_1618018_ready (PID: 1618018) after 8s
Started follower brokers with PIDs: 1618540 1618541 1618542
Waiting for 3 broker(s) to signal readiness (timeout: 20s, PIDs: 1618540 1618541 1618542)...
All 3 broker(s) ready after 0s
All brokers ready, cluster formed
I20260203 16:59:07.048684 1618927 main.cc:68] Using threads_per_broker from command line: 3
I20260203 16:59:07.591384 1618927 test_utils.cc:51] 

===== Publish Throughput Test =====
	  Message size: 1024 bytes
	  Total message size: 8589934592 bytes
	  Threads per broker: 3
	  ACK level: 1
	  Order level: 5
	  Sequencer: EMBARCADERO
I20260203 16:59:07.592389 1618976 publisher.cc:1399] SubscribeToCluster: Creating gRPC reader for cluster status subscription...
I20260203 16:59:07.593983 1618976 publisher.cc:1420] SubscribeToCluster: Received cluster status update with 4 brokers (using broker_info)
I20260203 16:59:07.594030 1618976 publisher.cc:1443] SubscribeToCluster: Added broker 3 (accepts_publishes=true)
I20260203 16:59:07.594046 1618976 publisher.cc:1443] SubscribeToCluster: Added broker 1 (accepts_publishes=true)
I20260203 16:59:07.594059 1618976 publisher.cc:1443] SubscribeToCluster: Added broker 2 (accepts_publishes=true)
I20260203 16:59:07.594071 1618976 publisher.cc:1443] SubscribeToCluster: Added broker 0 (accepts_publishes=true)
I20260203 16:59:07.594085 1618976 publisher.cc:1505] SubscribeToCluster: Adding publisher threads for broker 0
I20260203 16:59:07.594995 1618976 common.cc:274] Hugepages: 13312 free × 2048 kB = 26624 MB free; need 24579 MB (OK)
I20260203 16:59:12.082290 1618976 publisher.cc:1505] SubscribeToCluster: Adding publisher threads for broker 1
I20260203 16:59:12.082494 1618988 publisher.cc:1019] PublishThread: Handshake sent successfully to broker 0 (client_id=804254, topic=TestTopic)
I20260203 16:59:12.082499 1618989 publisher.cc:1019] PublishThread: Handshake sent successfully to broker 0 (client_id=804254, topic=TestTopic)
I20260203 16:59:12.082643 1618976 publisher.cc:1505] SubscribeToCluster: Adding publisher threads for broker 2
I20260203 16:59:12.082585 1618990 publisher.cc:1019] PublishThread: Handshake sent successfully to broker 0 (client_id=804254, topic=TestTopic)
I20260203 16:59:12.082808 1618991 publisher.cc:1019] PublishThread: Handshake sent successfully to broker 1 (client_id=804254, topic=TestTopic)
I20260203 16:59:12.082864 1618993 publisher.cc:1019] PublishThread: Handshake sent successfully to broker 1 (client_id=804254, topic=TestTopic)
I20260203 16:59:12.083057 1618994 publisher.cc:1019] PublishThread: Handshake sent successfully to broker 2 (client_id=804254, topic=TestTopic)
I20260203 16:59:12.082835 1618992 publisher.cc:1019] PublishThread: Handshake sent successfully to broker 1 (client_id=804254, topic=TestTopic)
I20260203 16:59:12.083120 1618976 publisher.cc:1505] SubscribeToCluster: Adding publisher threads for broker 3
I20260203 16:59:12.083218 1618995 publisher.cc:1019] PublishThread: Handshake sent successfully to broker 2 (client_id=804254, topic=TestTopic)
I20260203 16:59:12.083250 1618996 publisher.cc:1019] PublishThread: Handshake sent successfully to broker 2 (client_id=804254, topic=TestTopic)
I20260203 16:59:12.083671 1618975 publisher.cc:768] AckThread: Received Broker ID 0 from fd=39
I20260203 16:59:12.083732 1618998 publisher.cc:1019] PublishThread: Handshake sent successfully to broker 3 (client_id=804254, topic=TestTopic)
I20260203 16:59:12.083853 1618976 publisher.cc:1521] SubscribeToCluster: Connection established successfully. connected_=true
I20260203 16:59:12.083923 1619000 publisher.cc:1019] PublishThread: Handshake sent successfully to broker 3 (client_id=804254, topic=TestTopic)
I20260203 16:59:12.084059 1619001 publisher.cc:1019] PublishThread: Handshake sent successfully to broker 3 (client_id=804254, topic=TestTopic)
I20260203 16:59:12.084151 1618975 publisher.cc:768] AckThread: Received Broker ID 1 from fd=40
I20260203 16:59:12.084456 1618975 publisher.cc:768] AckThread: Received Broker ID 2 from fd=42
I20260203 16:59:12.084622 1618975 publisher.cc:768] AckThread: Received Broker ID 3 from fd=57
I20260203 16:59:12.134253 1618927 publisher.cc:219] Publisher::Init() All 4 broker ACK connections established
I20260203 16:59:15.548240 1618927 publisher.cc:406] Waiting for acknowledgments, received 271707 out of 8388608 (elapsed: 1s, timeout: 15s) [B0=69372 B1=104058 B2=92496 B3=5781 B4=0 B5=0 B6=0 B7=0 B8=0 B9=0 B10=0 B11=0 B12=0 B13=0 B14=0 B15=0 B16=0 B17=0 B18=0 B19=0 B20=0 B21=0 B22=0 B23=0 B24=0 B25=0 B26=0 B27=0 B28=0 B29=0 B30=0 B31=0]
I20260203 16:59:16.548648 1618927 publisher.cc:406] Waiting for acknowledgments, received 271707 out of 8388608 (elapsed: 2s, timeout: 15s) [B0=69372 B1=104058 B2=92496 B3=5781 B4=0 B5=0 B6=0 B7=0 B8=0 B9=0 B10=0 B11=0 B12=0 B13=0 B14=0 B15=0 B16=0 B17=0 B18=0 B19=0 B20=0 B21=0 B22=0 B23=0 B24=0 B25=0 B26=0 B27=0 B28=0 B29=0 B30=0 B31=0]
I20260203 16:59:17.548878 1618927 publisher.cc:406] Waiting for acknowledgments, received 271707 out of 8388608 (elapsed: 3s, timeout: 15s) [B0=69372 B1=104058 B2=92496 B3=5781 B4=0 B5=0 B6=0 B7=0 B8=0 B9=0 B10=0 B11=0 B12=0 B13=0 B14=0 B15=0 B16=0 B17=0 B18=0 B19=0 B20=0 B21=0 B22=0 B23=0 B24=0 B25=0 B26=0 B27=0 B28=0 B29=0 B30=0 B31=0]
I20260203 16:59:18.549163 1618927 publisher.cc:406] Waiting for acknowledgments, received 271707 out of 8388608 (elapsed: 4s, timeout: 15s) [B0=69372 B1=104058 B2=92496 B3=5781 B4=0 B5=0 B6=0 B7=0 B8=0 B9=0 B10=0 B11=0 B12=0 B13=0 B14=0 B15=0 B16=0 B17=0 B18=0 B19=0 B20=0 B21=0 B22=0 B23=0 B24=0 B25=0 B26=0 B27=0 B28=0 B29=0 B30=0 B31=0]
I20260203 16:59:19.549242 1618927 publisher.cc:406] Waiting for acknowledgments, received 271707 out of 8388608 (elapsed: 5s, timeout: 15s) [B0=69372 B1=104058 B2=92496 B3=5781 B4=0 B5=0 B6=0 B7=0 B8=0 B9=0 B10=0 B11=0 B12=0 B13=0 B14=0 B15=0 B16=0 B17=0 B18=0 B19=0 B20=0 B21=0 B22=0 B23=0 B24=0 B25=0 B26=0 B27=0 B28=0 B29=0 B30=0 B31=0]
I20260203 16:59:20.549355 1618927 publisher.cc:406] Waiting for acknowledgments, received 271707 out of 8388608 (elapsed: 6s, timeout: 15s) [B0=69372 B1=104058 B2=92496 B3=5781 B4=0 B5=0 B6=0 B7=0 B8=0 B9=0 B10=0 B11=0 B12=0 B13=0 B14=0 B15=0 B16=0 B17=0 B18=0 B19=0 B20=0 B21=0 B22=0 B23=0 B24=0 B25=0 B26=0 B27=0 B28=0 B29=0 B30=0 B31=0]
I20260203 16:59:21.549788 1618927 publisher.cc:406] Waiting for acknowledgments, received 271707 out of 8388608 (elapsed: 7s, timeout: 15s) [B0=69372 B1=104058 B2=92496 B3=5781 B4=0 B5=0 B6=0 B7=0 B8=0 B9=0 B10=0 B11=0 B12=0 B13=0 B14=0 B15=0 B16=0 B17=0 B18=0 B19=0 B20=0 B21=0 B22=0 B23=0 B24=0 B25=0 B26=0 B27=0 B28=0 B29=0 B30=0 B31=0]
I20260203 16:59:22.549772 1618927 publisher.cc:406] Waiting for acknowledgments, received 271707 out of 8388608 (elapsed: 8s, timeout: 15s) [B0=69372 B1=104058 B2=92496 B3=5781 B4=0 B5=0 B6=0 B7=0 B8=0 B9=0 B10=0 B11=0 B12=0 B13=0 B14=0 B15=0 B16=0 B17=0 B18=0 B19=0 B20=0 B21=0 B22=0 B23=0 B24=0 B25=0 B26=0 B27=0 B28=0 B29=0 B30=0 B31=0]
I20260203 16:59:23.550323 1618927 publisher.cc:406] Waiting for acknowledgments, received 271707 out of 8388608 (elapsed: 9s, timeout: 15s) [B0=69372 B1=104058 B2=92496 B3=5781 B4=0 B5=0 B6=0 B7=0 B8=0 B9=0 B10=0 B11=0 B12=0 B13=0 B14=0 B15=0 B16=0 B17=0 B18=0 B19=0 B20=0 B21=0 B22=0 B23=0 B24=0 B25=0 B26=0 B27=0 B28=0 B29=0 B30=0 B31=0]
I20260203 16:59:24.550299 1618927 publisher.cc:406] Waiting for acknowledgments, received 271707 out of 8388608 (elapsed: 10s, timeout: 15s) [B0=69372 B1=104058 B2=92496 B3=5781 B4=0 B5=0 B6=0 B7=0 B8=0 B9=0 B10=0 B11=0 B12=0 B13=0 B14=0 B15=0 B16=0 B17=0 B18=0 B19=0 B20=0 B21=0 B22=0 B23=0 B24=0 B25=0 B26=0 B27=0 B28=0 B29=0 B30=0 B31=0]
I20260203 16:59:25.550777 1618927 publisher.cc:406] Waiting for acknowledgments, received 271707 out of 8388608 (elapsed: 11s, timeout: 15s) [B0=69372 B1=104058 B2=92496 B3=5781 B4=0 B5=0 B6=0 B7=0 B8=0 B9=0 B10=0 B11=0 B12=0 B13=0 B14=0 B15=0 B16=0 B17=0 B18=0 B19=0 B20=0 B21=0 B22=0 B23=0 B24=0 B25=0 B26=0 B27=0 B28=0 B29=0 B30=0 B31=0]
I20260203 16:59:26.551138 1618927 publisher.cc:406] Waiting for acknowledgments, received 271707 out of 8388608 (elapsed: 12s, timeout: 15s) [B0=69372 B1=104058 B2=92496 B3=5781 B4=0 B5=0 B6=0 B7=0 B8=0 B9=0 B10=0 B11=0 B12=0 B13=0 B14=0 B15=0 B16=0 B17=0 B18=0 B19=0 B20=0 B21=0 B22=0 B23=0 B24=0 B25=0 B26=0 B27=0 B28=0 B29=0 B30=0 B31=0]
I20260203 16:59:27.551431 1618927 publisher.cc:406] Waiting for acknowledgments, received 271707 out of 8388608 (elapsed: 13s, timeout: 15s) [B0=69372 B1=104058 B2=92496 B3=5781 B4=0 B5=0 B6=0 B7=0 B8=0 B9=0 B10=0 B11=0 B12=0 B13=0 B14=0 B15=0 B16=0 B17=0 B18=0 B19=0 B20=0 B21=0 B22=0 B23=0 B24=0 B25=0 B26=0 B27=0 B28=0 B29=0 B30=0 B31=0]
I20260203 16:59:28.551695 1618927 publisher.cc:406] Waiting for acknowledgments, received 271707 out of 8388608 (elapsed: 14s, timeout: 15s) [B0=69372 B1=104058 B2=92496 B3=5781 B4=0 B5=0 B6=0 B7=0 B8=0 B9=0 B10=0 B11=0 B12=0 B13=0 B14=0 B15=0 B16=0 B17=0 B18=0 B19=0 B20=0 B21=0 B22=0 B23=0 B24=0 B25=0 B26=0 B27=0 B28=0 B29=0 B30=0 B31=0]
E20260203 16:59:29.548430 1618927 publisher.cc:362] [Publisher ACK Timeout]: Waited 15 seconds for ACKs, received 271707 out of 8388608 (timeout=15s)
E20260203 16:59:29.548478 1618927 publisher.cc:365] [Publisher ACK Diagnostics]: ack_level=1, last_ack_received=271707, client_order=8388608
E20260203 16:59:29.548485 1618927 publisher.cc:367] [Publisher Batch Stats]: total_batches_sent=4354 attempted=4354 failed=0 (sent_all=yes)
E20260203 16:59:29.548511 1618927 publisher.cc:377] [Publisher ACK Per-Broker]: B0=69372 B1=104058 B2=92496 B3=5781 B4=0 B5=0 B6=0 B7=0 B8=0 B9=0 B10=0 B11=0 B12=0 B13=0 B14=0 B15=0 B16=0 B17=0 B18=0 B19=0 B20=0 B21=0 B22=0 B23=0 B24=0 B25=0 B26=0 B27=0 B28=0 B29=0 B30=0 B31=0
E20260203 16:59:29.548517 1618927 test_utils.cc:261] Publish test failed: ACK wait timed out
I20260203 16:59:29.556660 1618927 result_writer.cc:193] Publish bandwidth: 0.00 MB/s
Test completed, cleaning up broker processes...
Terminated broker process with PID 1618018
Terminated broker process with PID 1618540
Terminated broker process with PID 1618541
Terminated broker process with PID 1618542
All processes have finished for trial 1 with message size 1024
Cleaning up stale brokers and ports...
All experiments have finished.
