Cleaning up stale brokers and ports...
Running trial 1 with message size 1024
Started head broker with PID 1622789
Waiting for broker to signal readiness (timeout: 60s, PID: 1622789)...
Broker ready! Found ready file: /tmp/embarlet_1622789_ready (PID: 1622789) after 8s
Started follower brokers with PIDs: 1623298 1623299 1623300
Waiting for 3 broker(s) to signal readiness (timeout: 20s, PIDs: 1623298 1623299 1623300)...
All 3 broker(s) ready after 0s
All brokers ready, cluster formed
I20260203 17:05:24.780418 1623687 main.cc:68] Using threads_per_broker from command line: 3
I20260203 17:05:25.321506 1623687 test_utils.cc:51] 

===== Publish Throughput Test =====
	  Message size: 1024 bytes
	  Total message size: 8589934592 bytes
	  Threads per broker: 3
	  ACK level: 1
	  Order level: 5
	  Sequencer: EMBARCADERO
I20260203 17:05:25.322398 1623736 publisher.cc:1385] SubscribeToCluster: Creating gRPC reader for cluster status subscription...
I20260203 17:05:25.324013 1623736 publisher.cc:1406] SubscribeToCluster: Received cluster status update with 4 brokers (using broker_info)
I20260203 17:05:25.324076 1623736 publisher.cc:1429] SubscribeToCluster: Added broker 1 (accepts_publishes=true)
I20260203 17:05:25.324093 1623736 publisher.cc:1429] SubscribeToCluster: Added broker 0 (accepts_publishes=true)
I20260203 17:05:25.324105 1623736 publisher.cc:1429] SubscribeToCluster: Added broker 3 (accepts_publishes=true)
I20260203 17:05:25.324118 1623736 publisher.cc:1429] SubscribeToCluster: Added broker 2 (accepts_publishes=true)
I20260203 17:05:25.324131 1623736 publisher.cc:1486] SubscribeToCluster: Adding publisher threads for broker 0
I20260203 17:05:25.325039 1623736 common.cc:274] Hugepages: 13312 free × 2048 kB = 26624 MB free; need 24579 MB (OK)
I20260203 17:05:29.825479 1623736 publisher.cc:1486] SubscribeToCluster: Adding publisher threads for broker 1
I20260203 17:05:29.825608 1623751 publisher.cc:1005] PublishThread: Handshake sent successfully to broker 0 (client_id=967117, topic=TestTopic)
I20260203 17:05:29.825858 1623736 publisher.cc:1486] SubscribeToCluster: Adding publisher threads for broker 2
I20260203 17:05:29.825623 1623753 publisher.cc:1005] PublishThread: Handshake sent successfully to broker 0 (client_id=967117, topic=TestTopic)
I20260203 17:05:29.825654 1623752 publisher.cc:1005] PublishThread: Handshake sent successfully to broker 0 (client_id=967117, topic=TestTopic)
I20260203 17:05:29.826038 1623755 publisher.cc:1005] PublishThread: Handshake sent successfully to broker 1 (client_id=967117, topic=TestTopic)
I20260203 17:05:29.825959 1623754 publisher.cc:1005] PublishThread: Handshake sent successfully to broker 1 (client_id=967117, topic=TestTopic)
I20260203 17:05:29.826174 1623736 publisher.cc:1486] SubscribeToCluster: Adding publisher threads for broker 3
I20260203 17:05:29.826108 1623756 publisher.cc:1005] PublishThread: Handshake sent successfully to broker 1 (client_id=967117, topic=TestTopic)
I20260203 17:05:29.826354 1623759 publisher.cc:1005] PublishThread: Handshake sent successfully to broker 2 (client_id=967117, topic=TestTopic)
I20260203 17:05:29.826285 1623758 publisher.cc:1005] PublishThread: Handshake sent successfully to broker 2 (client_id=967117, topic=TestTopic)
I20260203 17:05:29.826678 1623761 publisher.cc:1005] PublishThread: Handshake sent successfully to broker 3 (client_id=967117, topic=TestTopic)
I20260203 17:05:29.826191 1623757 publisher.cc:1005] PublishThread: Handshake sent successfully to broker 2 (client_id=967117, topic=TestTopic)
I20260203 17:05:29.826709 1623763 publisher.cc:1005] PublishThread: Handshake sent successfully to broker 3 (client_id=967117, topic=TestTopic)
I20260203 17:05:29.826823 1623735 publisher.cc:754] AckThread: Received Broker ID 0 from fd=38
I20260203 17:05:29.826638 1623736 publisher.cc:1502] SubscribeToCluster: Connection established successfully. connected_=true
I20260203 17:05:29.827092 1623735 publisher.cc:754] AckThread: Received Broker ID 1 from fd=40
I20260203 17:05:29.826875 1623762 publisher.cc:1005] PublishThread: Handshake sent successfully to broker 3 (client_id=967117, topic=TestTopic)
I20260203 17:05:29.827491 1623735 publisher.cc:754] AckThread: Received Broker ID 2 from fd=55
I20260203 17:05:29.827734 1623735 publisher.cc:754] AckThread: Received Broker ID 3 from fd=57
I20260203 17:05:29.877319 1623687 publisher.cc:217] Publisher::Init() All 4 broker ACK connections established
I20260203 17:05:31.630652 1623687 publisher.cc:392] Waiting for acknowledgments, received 360349 out of 8388608 (elapsed: 1s, timeout: 45s) [B0=80934 B1=42394 B2=219678 B3=17343 B4=0 B5=0 B6=0 B7=0 B8=0 B9=0 B10=0 B11=0 B12=0 B13=0 B14=0 B15=0 B16=0 B17=0 B18=0 B19=0 B20=0 B21=0 B22=0 B23=0 B24=0 B25=0 B26=0 B27=0 B28=0 B29=0 B30=0 B31=0]
I20260203 17:05:32.631161 1623687 publisher.cc:392] Waiting for acknowledgments, received 360349 out of 8388608 (elapsed: 2s, timeout: 45s) [B0=80934 B1=42394 B2=219678 B3=17343 B4=0 B5=0 B6=0 B7=0 B8=0 B9=0 B10=0 B11=0 B12=0 B13=0 B14=0 B15=0 B16=0 B17=0 B18=0 B19=0 B20=0 B21=0 B22=0 B23=0 B24=0 B25=0 B26=0 B27=0 B28=0 B29=0 B30=0 B31=0]
I20260203 17:05:33.631410 1623687 publisher.cc:392] Waiting for acknowledgments, received 360349 out of 8388608 (elapsed: 3s, timeout: 45s) [B0=80934 B1=42394 B2=219678 B3=17343 B4=0 B5=0 B6=0 B7=0 B8=0 B9=0 B10=0 B11=0 B12=0 B13=0 B14=0 B15=0 B16=0 B17=0 B18=0 B19=0 B20=0 B21=0 B22=0 B23=0 B24=0 B25=0 B26=0 B27=0 B28=0 B29=0 B30=0 B31=0]
I20260203 17:05:34.631558 1623687 publisher.cc:392] Waiting for acknowledgments, received 360349 out of 8388608 (elapsed: 4s, timeout: 45s) [B0=80934 B1=42394 B2=219678 B3=17343 B4=0 B5=0 B6=0 B7=0 B8=0 B9=0 B10=0 B11=0 B12=0 B13=0 B14=0 B15=0 B16=0 B17=0 B18=0 B19=0 B20=0 B21=0 B22=0 B23=0 B24=0 B25=0 B26=0 B27=0 B28=0 B29=0 B30=0 B31=0]
I20260203 17:05:35.631589 1623687 publisher.cc:392] Waiting for acknowledgments, received 360349 out of 8388608 (elapsed: 5s, timeout: 45s) [B0=80934 B1=42394 B2=219678 B3=17343 B4=0 B5=0 B6=0 B7=0 B8=0 B9=0 B10=0 B11=0 B12=0 B13=0 B14=0 B15=0 B16=0 B17=0 B18=0 B19=0 B20=0 B21=0 B22=0 B23=0 B24=0 B25=0 B26=0 B27=0 B28=0 B29=0 B30=0 B31=0]
I20260203 17:05:36.631717 1623687 publisher.cc:392] Waiting for acknowledgments, received 360349 out of 8388608 (elapsed: 6s, timeout: 45s) [B0=80934 B1=42394 B2=219678 B3=17343 B4=0 B5=0 B6=0 B7=0 B8=0 B9=0 B10=0 B11=0 B12=0 B13=0 B14=0 B15=0 B16=0 B17=0 B18=0 B19=0 B20=0 B21=0 B22=0 B23=0 B24=0 B25=0 B26=0 B27=0 B28=0 B29=0 B30=0 B31=0]
I20260203 17:05:37.631811 1623687 publisher.cc:392] Waiting for acknowledgments, received 360349 out of 8388608 (elapsed: 7s, timeout: 45s) [B0=80934 B1=42394 B2=219678 B3=17343 B4=0 B5=0 B6=0 B7=0 B8=0 B9=0 B10=0 B11=0 B12=0 B13=0 B14=0 B15=0 B16=0 B17=0 B18=0 B19=0 B20=0 B21=0 B22=0 B23=0 B24=0 B25=0 B26=0 B27=0 B28=0 B29=0 B30=0 B31=0]
I20260203 17:05:38.632020 1623687 publisher.cc:392] Waiting for acknowledgments, received 360349 out of 8388608 (elapsed: 8s, timeout: 45s) [B0=80934 B1=42394 B2=219678 B3=17343 B4=0 B5=0 B6=0 B7=0 B8=0 B9=0 B10=0 B11=0 B12=0 B13=0 B14=0 B15=0 B16=0 B17=0 B18=0 B19=0 B20=0 B21=0 B22=0 B23=0 B24=0 B25=0 B26=0 B27=0 B28=0 B29=0 B30=0 B31=0]
I20260203 17:05:39.632522 1623687 publisher.cc:392] Waiting for acknowledgments, received 360349 out of 8388608 (elapsed: 9s, timeout: 45s) [B0=80934 B1=42394 B2=219678 B3=17343 B4=0 B5=0 B6=0 B7=0 B8=0 B9=0 B10=0 B11=0 B12=0 B13=0 B14=0 B15=0 B16=0 B17=0 B18=0 B19=0 B20=0 B21=0 B22=0 B23=0 B24=0 B25=0 B26=0 B27=0 B28=0 B29=0 B30=0 B31=0]
I20260203 17:05:40.632714 1623687 publisher.cc:392] Waiting for acknowledgments, received 360349 out of 8388608 (elapsed: 10s, timeout: 45s) [B0=80934 B1=42394 B2=219678 B3=17343 B4=0 B5=0 B6=0 B7=0 B8=0 B9=0 B10=0 B11=0 B12=0 B13=0 B14=0 B15=0 B16=0 B17=0 B18=0 B19=0 B20=0 B21=0 B22=0 B23=0 B24=0 B25=0 B26=0 B27=0 B28=0 B29=0 B30=0 B31=0]
I20260203 17:05:41.632776 1623687 publisher.cc:392] Waiting for acknowledgments, received 360349 out of 8388608 (elapsed: 11s, timeout: 45s) [B0=80934 B1=42394 B2=219678 B3=17343 B4=0 B5=0 B6=0 B7=0 B8=0 B9=0 B10=0 B11=0 B12=0 B13=0 B14=0 B15=0 B16=0 B17=0 B18=0 B19=0 B20=0 B21=0 B22=0 B23=0 B24=0 B25=0 B26=0 B27=0 B28=0 B29=0 B30=0 B31=0]
I20260203 17:05:42.633253 1623687 publisher.cc:392] Waiting for acknowledgments, received 360349 out of 8388608 (elapsed: 12s, timeout: 45s) [B0=80934 B1=42394 B2=219678 B3=17343 B4=0 B5=0 B6=0 B7=0 B8=0 B9=0 B10=0 B11=0 B12=0 B13=0 B14=0 B15=0 B16=0 B17=0 B18=0 B19=0 B20=0 B21=0 B22=0 B23=0 B24=0 B25=0 B26=0 B27=0 B28=0 B29=0 B30=0 B31=0]
I20260203 17:05:43.633265 1623687 publisher.cc:392] Waiting for acknowledgments, received 360349 out of 8388608 (elapsed: 13s, timeout: 45s) [B0=80934 B1=42394 B2=219678 B3=17343 B4=0 B5=0 B6=0 B7=0 B8=0 B9=0 B10=0 B11=0 B12=0 B13=0 B14=0 B15=0 B16=0 B17=0 B18=0 B19=0 B20=0 B21=0 B22=0 B23=0 B24=0 B25=0 B26=0 B27=0 B28=0 B29=0 B30=0 B31=0]
I20260203 17:05:44.633772 1623687 publisher.cc:392] Waiting for acknowledgments, received 360349 out of 8388608 (elapsed: 14s, timeout: 45s) [B0=80934 B1=42394 B2=219678 B3=17343 B4=0 B5=0 B6=0 B7=0 B8=0 B9=0 B10=0 B11=0 B12=0 B13=0 B14=0 B15=0 B16=0 B17=0 B18=0 B19=0 B20=0 B21=0 B22=0 B23=0 B24=0 B25=0 B26=0 B27=0 B28=0 B29=0 B30=0 B31=0]
I20260203 17:05:45.633773 1623687 publisher.cc:392] Waiting for acknowledgments, received 360349 out of 8388608 (elapsed: 15s, timeout: 45s) [B0=80934 B1=42394 B2=219678 B3=17343 B4=0 B5=0 B6=0 B7=0 B8=0 B9=0 B10=0 B11=0 B12=0 B13=0 B14=0 B15=0 B16=0 B17=0 B18=0 B19=0 B20=0 B21=0 B22=0 B23=0 B24=0 B25=0 B26=0 B27=0 B28=0 B29=0 B30=0 B31=0]
I20260203 17:05:46.633790 1623687 publisher.cc:392] Waiting for acknowledgments, received 360349 out of 8388608 (elapsed: 16s, timeout: 45s) [B0=80934 B1=42394 B2=219678 B3=17343 B4=0 B5=0 B6=0 B7=0 B8=0 B9=0 B10=0 B11=0 B12=0 B13=0 B14=0 B15=0 B16=0 B17=0 B18=0 B19=0 B20=0 B21=0 B22=0 B23=0 B24=0 B25=0 B26=0 B27=0 B28=0 B29=0 B30=0 B31=0]
I20260203 17:05:47.634279 1623687 publisher.cc:392] Waiting for acknowledgments, received 360349 out of 8388608 (elapsed: 17s, timeout: 45s) [B0=80934 B1=42394 B2=219678 B3=17343 B4=0 B5=0 B6=0 B7=0 B8=0 B9=0 B10=0 B11=0 B12=0 B13=0 B14=0 B15=0 B16=0 B17=0 B18=0 B19=0 B20=0 B21=0 B22=0 B23=0 B24=0 B25=0 B26=0 B27=0 B28=0 B29=0 B30=0 B31=0]
I20260203 17:05:48.634730 1623687 publisher.cc:392] Waiting for acknowledgments, received 360349 out of 8388608 (elapsed: 18s, timeout: 45s) [B0=80934 B1=42394 B2=219678 B3=17343 B4=0 B5=0 B6=0 B7=0 B8=0 B9=0 B10=0 B11=0 B12=0 B13=0 B14=0 B15=0 B16=0 B17=0 B18=0 B19=0 B20=0 B21=0 B22=0 B23=0 B24=0 B25=0 B26=0 B27=0 B28=0 B29=0 B30=0 B31=0]
I20260203 17:05:49.634744 1623687 publisher.cc:392] Waiting for acknowledgments, received 360349 out of 8388608 (elapsed: 19s, timeout: 45s) [B0=80934 B1=42394 B2=219678 B3=17343 B4=0 B5=0 B6=0 B7=0 B8=0 B9=0 B10=0 B11=0 B12=0 B13=0 B14=0 B15=0 B16=0 B17=0 B18=0 B19=0 B20=0 B21=0 B22=0 B23=0 B24=0 B25=0 B26=0 B27=0 B28=0 B29=0 B30=0 B31=0]
I20260203 17:05:50.635265 1623687 publisher.cc:392] Waiting for acknowledgments, received 360349 out of 8388608 (elapsed: 20s, timeout: 45s) [B0=80934 B1=42394 B2=219678 B3=17343 B4=0 B5=0 B6=0 B7=0 B8=0 B9=0 B10=0 B11=0 B12=0 B13=0 B14=0 B15=0 B16=0 B17=0 B18=0 B19=0 B20=0 B21=0 B22=0 B23=0 B24=0 B25=0 B26=0 B27=0 B28=0 B29=0 B30=0 B31=0]
I20260203 17:05:51.635658 1623687 publisher.cc:392] Waiting for acknowledgments, received 360349 out of 8388608 (elapsed: 21s, timeout: 45s) [B0=80934 B1=42394 B2=219678 B3=17343 B4=0 B5=0 B6=0 B7=0 B8=0 B9=0 B10=0 B11=0 B12=0 B13=0 B14=0 B15=0 B16=0 B17=0 B18=0 B19=0 B20=0 B21=0 B22=0 B23=0 B24=0 B25=0 B26=0 B27=0 B28=0 B29=0 B30=0 B31=0]
I20260203 17:05:52.636027 1623687 publisher.cc:392] Waiting for acknowledgments, received 360349 out of 8388608 (elapsed: 22s, timeout: 45s) [B0=80934 B1=42394 B2=219678 B3=17343 B4=0 B5=0 B6=0 B7=0 B8=0 B9=0 B10=0 B11=0 B12=0 B13=0 B14=0 B15=0 B16=0 B17=0 B18=0 B19=0 B20=0 B21=0 B22=0 B23=0 B24=0 B25=0 B26=0 B27=0 B28=0 B29=0 B30=0 B31=0]
I20260203 17:05:53.636526 1623687 publisher.cc:392] Waiting for acknowledgments, received 360349 out of 8388608 (elapsed: 23s, timeout: 45s) [B0=80934 B1=42394 B2=219678 B3=17343 B4=0 B5=0 B6=0 B7=0 B8=0 B9=0 B10=0 B11=0 B12=0 B13=0 B14=0 B15=0 B16=0 B17=0 B18=0 B19=0 B20=0 B21=0 B22=0 B23=0 B24=0 B25=0 B26=0 B27=0 B28=0 B29=0 B30=0 B31=0]
I20260203 17:05:54.636729 1623687 publisher.cc:392] Waiting for acknowledgments, received 360349 out of 8388608 (elapsed: 24s, timeout: 45s) [B0=80934 B1=42394 B2=219678 B3=17343 B4=0 B5=0 B6=0 B7=0 B8=0 B9=0 B10=0 B11=0 B12=0 B13=0 B14=0 B15=0 B16=0 B17=0 B18=0 B19=0 B20=0 B21=0 B22=0 B23=0 B24=0 B25=0 B26=0 B27=0 B28=0 B29=0 B30=0 B31=0]
I20260203 17:05:55.637092 1623687 publisher.cc:392] Waiting for acknowledgments, received 360349 out of 8388608 (elapsed: 25s, timeout: 45s) [B0=80934 B1=42394 B2=219678 B3=17343 B4=0 B5=0 B6=0 B7=0 B8=0 B9=0 B10=0 B11=0 B12=0 B13=0 B14=0 B15=0 B16=0 B17=0 B18=0 B19=0 B20=0 B21=0 B22=0 B23=0 B24=0 B25=0 B26=0 B27=0 B28=0 B29=0 B30=0 B31=0]
I20260203 17:05:56.637125 1623687 publisher.cc:392] Waiting for acknowledgments, received 360349 out of 8388608 (elapsed: 26s, timeout: 45s) [B0=80934 B1=42394 B2=219678 B3=17343 B4=0 B5=0 B6=0 B7=0 B8=0 B9=0 B10=0 B11=0 B12=0 B13=0 B14=0 B15=0 B16=0 B17=0 B18=0 B19=0 B20=0 B21=0 B22=0 B23=0 B24=0 B25=0 B26=0 B27=0 B28=0 B29=0 B30=0 B31=0]
I20260203 17:05:57.637517 1623687 publisher.cc:392] Waiting for acknowledgments, received 1566651 out of 8388608 (elapsed: 27s, timeout: 45s) [B0=80934 B1=42394 B2=219678 B3=1223645 B4=0 B5=0 B6=0 B7=0 B8=0 B9=0 B10=0 B11=0 B12=0 B13=0 B14=0 B15=0 B16=0 B17=0 B18=0 B19=0 B20=0 B21=0 B22=0 B23=0 B24=0 B25=0 B26=0 B27=0 B28=0 B29=0 B30=0 B31=0]
I20260203 17:05:58.637996 1623687 publisher.cc:392] Waiting for acknowledgments, received 1566651 out of 8388608 (elapsed: 28s, timeout: 45s) [B0=80934 B1=42394 B2=219678 B3=1223645 B4=0 B5=0 B6=0 B7=0 B8=0 B9=0 B10=0 B11=0 B12=0 B13=0 B14=0 B15=0 B16=0 B17=0 B18=0 B19=0 B20=0 B21=0 B22=0 B23=0 B24=0 B25=0 B26=0 B27=0 B28=0 B29=0 B30=0 B31=0]
I20260203 17:05:59.638473 1623687 publisher.cc:392] Waiting for acknowledgments, received 1566651 out of 8388608 (elapsed: 29s, timeout: 45s) [B0=80934 B1=42394 B2=219678 B3=1223645 B4=0 B5=0 B6=0 B7=0 B8=0 B9=0 B10=0 B11=0 B12=0 B13=0 B14=0 B15=0 B16=0 B17=0 B18=0 B19=0 B20=0 B21=0 B22=0 B23=0 B24=0 B25=0 B26=0 B27=0 B28=0 B29=0 B30=0 B31=0]
I20260203 17:06:00.638940 1623687 publisher.cc:392] Waiting for acknowledgments, received 1566651 out of 8388608 (elapsed: 30s, timeout: 45s) [B0=80934 B1=42394 B2=219678 B3=1223645 B4=0 B5=0 B6=0 B7=0 B8=0 B9=0 B10=0 B11=0 B12=0 B13=0 B14=0 B15=0 B16=0 B17=0 B18=0 B19=0 B20=0 B21=0 B22=0 B23=0 B24=0 B25=0 B26=0 B27=0 B28=0 B29=0 B30=0 B31=0]
I20260203 17:06:01.639320 1623687 publisher.cc:392] Waiting for acknowledgments, received 1566651 out of 8388608 (elapsed: 31s, timeout: 45s) [B0=80934 B1=42394 B2=219678 B3=1223645 B4=0 B5=0 B6=0 B7=0 B8=0 B9=0 B10=0 B11=0 B12=0 B13=0 B14=0 B15=0 B16=0 B17=0 B18=0 B19=0 B20=0 B21=0 B22=0 B23=0 B24=0 B25=0 B26=0 B27=0 B28=0 B29=0 B30=0 B31=0]
I20260203 17:06:02.639755 1623687 publisher.cc:392] Waiting for acknowledgments, received 1566651 out of 8388608 (elapsed: 32s, timeout: 45s) [B0=80934 B1=42394 B2=219678 B3=1223645 B4=0 B5=0 B6=0 B7=0 B8=0 B9=0 B10=0 B11=0 B12=0 B13=0 B14=0 B15=0 B16=0 B17=0 B18=0 B19=0 B20=0 B21=0 B22=0 B23=0 B24=0 B25=0 B26=0 B27=0 B28=0 B29=0 B30=0 B31=0]
I20260203 17:06:03.639760 1623687 publisher.cc:392] Waiting for acknowledgments, received 1566651 out of 8388608 (elapsed: 33s, timeout: 45s) [B0=80934 B1=42394 B2=219678 B3=1223645 B4=0 B5=0 B6=0 B7=0 B8=0 B9=0 B10=0 B11=0 B12=0 B13=0 B14=0 B15=0 B16=0 B17=0 B18=0 B19=0 B20=0 B21=0 B22=0 B23=0 B24=0 B25=0 B26=0 B27=0 B28=0 B29=0 B30=0 B31=0]
I20260203 17:06:04.640185 1623687 publisher.cc:392] Waiting for acknowledgments, received 1566651 out of 8388608 (elapsed: 34s, timeout: 45s) [B0=80934 B1=42394 B2=219678 B3=1223645 B4=0 B5=0 B6=0 B7=0 B8=0 B9=0 B10=0 B11=0 B12=0 B13=0 B14=0 B15=0 B16=0 B17=0 B18=0 B19=0 B20=0 B21=0 B22=0 B23=0 B24=0 B25=0 B26=0 B27=0 B28=0 B29=0 B30=0 B31=0]
I20260203 17:06:05.640280 1623687 publisher.cc:392] Waiting for acknowledgments, received 1566651 out of 8388608 (elapsed: 35s, timeout: 45s) [B0=80934 B1=42394 B2=219678 B3=1223645 B4=0 B5=0 B6=0 B7=0 B8=0 B9=0 B10=0 B11=0 B12=0 B13=0 B14=0 B15=0 B16=0 B17=0 B18=0 B19=0 B20=0 B21=0 B22=0 B23=0 B24=0 B25=0 B26=0 B27=0 B28=0 B29=0 B30=0 B31=0]
I20260203 17:06:06.640772 1623687 publisher.cc:392] Waiting for acknowledgments, received 2227612 out of 8388608 (elapsed: 36s, timeout: 45s) [B0=80934 B1=42394 B2=219678 B3=1884606 B4=0 B5=0 B6=0 B7=0 B8=0 B9=0 B10=0 B11=0 B12=0 B13=0 B14=0 B15=0 B16=0 B17=0 B18=0 B19=0 B20=0 B21=0 B22=0 B23=0 B24=0 B25=0 B26=0 B27=0 B28=0 B29=0 B30=0 B31=0]
I20260203 17:06:07.641259 1623687 publisher.cc:392] Waiting for acknowledgments, received 2227612 out of 8388608 (elapsed: 37s, timeout: 45s) [B0=80934 B1=42394 B2=219678 B3=1884606 B4=0 B5=0 B6=0 B7=0 B8=0 B9=0 B10=0 B11=0 B12=0 B13=0 B14=0 B15=0 B16=0 B17=0 B18=0 B19=0 B20=0 B21=0 B22=0 B23=0 B24=0 B25=0 B26=0 B27=0 B28=0 B29=0 B30=0 B31=0]
I20260203 17:06:08.641261 1623687 publisher.cc:392] Waiting for acknowledgments, received 2227612 out of 8388608 (elapsed: 38s, timeout: 45s) [B0=80934 B1=42394 B2=219678 B3=1884606 B4=0 B5=0 B6=0 B7=0 B8=0 B9=0 B10=0 B11=0 B12=0 B13=0 B14=0 B15=0 B16=0 B17=0 B18=0 B19=0 B20=0 B21=0 B22=0 B23=0 B24=0 B25=0 B26=0 B27=0 B28=0 B29=0 B30=0 B31=0]
I20260203 17:06:09.641763 1623687 publisher.cc:392] Waiting for acknowledgments, received 2227612 out of 8388608 (elapsed: 39s, timeout: 45s) [B0=80934 B1=42394 B2=219678 B3=1884606 B4=0 B5=0 B6=0 B7=0 B8=0 B9=0 B10=0 B11=0 B12=0 B13=0 B14=0 B15=0 B16=0 B17=0 B18=0 B19=0 B20=0 B21=0 B22=0 B23=0 B24=0 B25=0 B26=0 B27=0 B28=0 B29=0 B30=0 B31=0]
I20260203 17:06:10.641772 1623687 publisher.cc:392] Waiting for acknowledgments, received 2227612 out of 8388608 (elapsed: 40s, timeout: 45s) [B0=80934 B1=42394 B2=219678 B3=1884606 B4=0 B5=0 B6=0 B7=0 B8=0 B9=0 B10=0 B11=0 B12=0 B13=0 B14=0 B15=0 B16=0 B17=0 B18=0 B19=0 B20=0 B21=0 B22=0 B23=0 B24=0 B25=0 B26=0 B27=0 B28=0 B29=0 B30=0 B31=0]
I20260203 17:06:11.642220 1623687 publisher.cc:392] Waiting for acknowledgments, received 2227612 out of 8388608 (elapsed: 41s, timeout: 45s) [B0=80934 B1=42394 B2=219678 B3=1884606 B4=0 B5=0 B6=0 B7=0 B8=0 B9=0 B10=0 B11=0 B12=0 B13=0 B14=0 B15=0 B16=0 B17=0 B18=0 B19=0 B20=0 B21=0 B22=0 B23=0 B24=0 B25=0 B26=0 B27=0 B28=0 B29=0 B30=0 B31=0]
I20260203 17:06:12.642284 1623687 publisher.cc:392] Waiting for acknowledgments, received 2227612 out of 8388608 (elapsed: 42s, timeout: 45s) [B0=80934 B1=42394 B2=219678 B3=1884606 B4=0 B5=0 B6=0 B7=0 B8=0 B9=0 B10=0 B11=0 B12=0 B13=0 B14=0 B15=0 B16=0 B17=0 B18=0 B19=0 B20=0 B21=0 B22=0 B23=0 B24=0 B25=0 B26=0 B27=0 B28=0 B29=0 B30=0 B31=0]
I20260203 17:06:13.642773 1623687 publisher.cc:392] Waiting for acknowledgments, received 2227612 out of 8388608 (elapsed: 43s, timeout: 45s) [B0=80934 B1=42394 B2=219678 B3=1884606 B4=0 B5=0 B6=0 B7=0 B8=0 B9=0 B10=0 B11=0 B12=0 B13=0 B14=0 B15=0 B16=0 B17=0 B18=0 B19=0 B20=0 B21=0 B22=0 B23=0 B24=0 B25=0 B26=0 B27=0 B28=0 B29=0 B30=0 B31=0]
I20260203 17:06:14.642777 1623687 publisher.cc:392] Waiting for acknowledgments, received 2227612 out of 8388608 (elapsed: 44s, timeout: 45s) [B0=80934 B1=42394 B2=219678 B3=1884606 B4=0 B5=0 B6=0 B7=0 B8=0 B9=0 B10=0 B11=0 B12=0 B13=0 B14=0 B15=0 B16=0 B17=0 B18=0 B19=0 B20=0 B21=0 B22=0 B23=0 B24=0 B25=0 B26=0 B27=0 B28=0 B29=0 B30=0 B31=0]
E20260203 17:06:15.630743 1623687 publisher.cc:360] [Publisher ACK Timeout]: Waited 45 seconds for ACKs, received 2227612 out of 8388608 (timeout=45s)
E20260203 17:06:15.630800 1623687 publisher.cc:363] [Publisher ACK Diagnostics]: ack_level=1, last_ack_received=2227612, client_order=8388608
E20260203 17:06:15.630807 1623687 publisher.cc:365] [Publisher Batch Stats]: total_batches_sent=4353 attempted=0 failed=0 (sent_all=yes)
E20260203 17:06:15.630820 1623687 publisher.cc:375] [Publisher ACK Per-Broker]: B0=80934 B1=42394 B2=219678 B3=1884606 B4=0 B5=0 B6=0 B7=0 B8=0 B9=0 B10=0 B11=0 B12=0 B13=0 B14=0 B15=0 B16=0 B17=0 B18=0 B19=0 B20=0 B21=0 B22=0 B23=0 B24=0 B25=0 B26=0 B27=0 B28=0 B29=0 B30=0 B31=0
E20260203 17:06:15.630825 1623687 test_utils.cc:261] Publish test failed: ACK wait timed out
I20260203 17:06:15.639225 1623687 result_writer.cc:193] Publish bandwidth: 0.00 MB/s
Test completed, cleaning up broker processes...
Terminated broker process with PID 1622789
Terminated broker process with PID 1623298
Terminated broker process with PID 1623299
Terminated broker process with PID 1623300
All processes have finished for trial 1 with message size 1024
Cleaning up stale brokers and ports...
All experiments have finished.
