Cleaning up stale brokers and ports...
Running trial 1 with message size 1024
Started head broker with PID 2573164
Waiting for broker to signal readiness (timeout: 60s, PID: 2573164)...
Broker ready! Found ready file: /tmp/embarlet_2573164_ready (PID: 2573164) after 8s
Started follower brokers with PIDs: 2573661 2573662 2573663
Waiting for 3 broker(s) to signal readiness (timeout: 20s, PIDs: 2573661 2573662 2573663)...
All 3 broker(s) ready after 0s
All brokers ready, cluster formed
I20260206 06:18:58.990779 2574039 main.cc:68] Using threads_per_broker from command line: 3
I20260206 06:18:59.532639 2574039 test_utils.cc:60] 

===== Publish Throughput Test =====
	  Message size: 1024 bytes
	  Total message size: 8589934592 bytes
	  Threads per broker: 3
	  ACK level: 1
	  Order level: 5
	  Sequencer: EMBARCADERO
I20260206 06:18:59.534045 2574086 publisher.cc:1398] SubscribeToCluster: Creating gRPC reader for cluster status subscription...
I20260206 06:18:59.535985 2574086 publisher.cc:1419] SubscribeToCluster: Received cluster status update with 4 brokers (using broker_info)
I20260206 06:18:59.536049 2574086 publisher.cc:1442] SubscribeToCluster: Added broker 2 (accepts_publishes=true)
I20260206 06:18:59.536067 2574086 publisher.cc:1442] SubscribeToCluster: Added broker 3 (accepts_publishes=true)
I20260206 06:18:59.536078 2574086 publisher.cc:1442] SubscribeToCluster: Added broker 0 (accepts_publishes=true)
I20260206 06:18:59.536094 2574086 publisher.cc:1442] SubscribeToCluster: Added broker 1 (accepts_publishes=true)
I20260206 06:18:59.536108 2574086 publisher.cc:1499] SubscribeToCluster: Adding publisher threads for broker 0
I20260206 06:18:59.536911 2574086 common.cc:274] Hugepages: 13312 free × 2048 kB = 26624 MB free; need 24579 MB (OK)
I20260206 06:19:04.067752 2574086 publisher.cc:1499] SubscribeToCluster: Adding publisher threads for broker 1
I20260206 06:19:04.067926 2574092 publisher.cc:1017] PublishThread: Handshake sent successfully to broker 0 (client_id=606374, topic=TestTopic)
I20260206 06:19:04.068122 2574086 publisher.cc:1499] SubscribeToCluster: Adding publisher threads for broker 2
I20260206 06:19:04.067967 2574093 publisher.cc:1017] PublishThread: Handshake sent successfully to broker 0 (client_id=606374, topic=TestTopic)
I20260206 06:19:04.068221 2574095 publisher.cc:1017] PublishThread: Handshake sent successfully to broker 1 (client_id=606374, topic=TestTopic)
I20260206 06:19:04.068334 2574096 publisher.cc:1017] PublishThread: Handshake sent successfully to broker 1 (client_id=606374, topic=TestTopic)
I20260206 06:19:04.067996 2574094 publisher.cc:1017] PublishThread: Handshake sent successfully to broker 0 (client_id=606374, topic=TestTopic)
I20260206 06:19:04.068310 2574097 publisher.cc:1017] PublishThread: Handshake sent successfully to broker 1 (client_id=606374, topic=TestTopic)
I20260206 06:19:04.068534 2574099 publisher.cc:1017] PublishThread: Handshake sent successfully to broker 2 (client_id=606374, topic=TestTopic)
I20260206 06:19:04.068585 2574086 publisher.cc:1499] SubscribeToCluster: Adding publisher threads for broker 3
I20260206 06:19:04.069023 2574085 publisher.cc:771] AckThread: Received Broker ID 0 from fd=38
I20260206 06:19:04.068425 2574098 publisher.cc:1017] PublishThread: Handshake sent successfully to broker 2 (client_id=606374, topic=TestTopic)
I20260206 06:19:04.068636 2574100 publisher.cc:1017] PublishThread: Handshake sent successfully to broker 2 (client_id=606374, topic=TestTopic)
I20260206 06:19:04.069366 2574085 publisher.cc:771] AckThread: Received Broker ID 1 from fd=39
I20260206 06:19:04.069625 2574086 publisher.cc:1515] SubscribeToCluster: Connection established successfully. connected_=true
I20260206 06:19:04.069633 2574104 publisher.cc:1017] PublishThread: Handshake sent successfully to broker 3 (client_id=606374, topic=TestTopic)
I20260206 06:19:04.069782 2574103 publisher.cc:1017] PublishThread: Handshake sent successfully to broker 3 (client_id=606374, topic=TestTopic)
I20260206 06:19:04.069957 2574085 publisher.cc:771] AckThread: Received Broker ID 2 from fd=40
I20260206 06:19:04.070017 2574106 publisher.cc:1017] PublishThread: Handshake sent successfully to broker 3 (client_id=606374, topic=TestTopic)
I20260206 06:19:04.070807 2574085 publisher.cc:771] AckThread: Received Broker ID 3 from fd=56
I20260206 06:19:04.120311 2574039 publisher.cc:218] Publisher::Init() All 4 broker ACK connections established
I20260206 06:19:04.124511 2574085 publisher.cc:848] [PUB_ACK] Broker 0 ack=1927 (+1927)
I20260206 06:19:04.469194 2574085 publisher.cc:848] [PUB_ACK] Broker 1 ack=1167762 (+3854)
I20260206 06:19:04.684805 2574085 publisher.cc:848] [PUB_ACK] Broker 2 ack=2075379 (+3854)
I20260206 06:19:22.898406 2574039 publisher.cc:393] Waiting for acknowledgments, received 6293959 out of 8388608 (elapsed: 1s, timeout: 60s) [B0=3854 B1=2098503 B2=2098503 B3=2093099 B4=0 B5=0 B6=0 B7=0 B8=0 B9=0 B10=0 B11=0 B12=0 B13=0 B14=0 B15=0 B16=0 B17=0 B18=0 B19=0 B20=0 B21=0 B22=0 B23=0 B24=0 B25=0 B26=0 B27=0 B28=0 B29=0 B30=0 B31=0]
I20260206 06:19:23.898598 2574039 publisher.cc:393] Waiting for acknowledgments, received 6293959 out of 8388608 (elapsed: 2s, timeout: 60s) [B0=3854 B1=2098503 B2=2098503 B3=2093099 B4=0 B5=0 B6=0 B7=0 B8=0 B9=0 B10=0 B11=0 B12=0 B13=0 B14=0 B15=0 B16=0 B17=0 B18=0 B19=0 B20=0 B21=0 B22=0 B23=0 B24=0 B25=0 B26=0 B27=0 B28=0 B29=0 B30=0 B31=0]
I20260206 06:19:24.898828 2574039 publisher.cc:393] Waiting for acknowledgments, received 6293959 out of 8388608 (elapsed: 3s, timeout: 60s) [B0=3854 B1=2098503 B2=2098503 B3=2093099 B4=0 B5=0 B6=0 B7=0 B8=0 B9=0 B10=0 B11=0 B12=0 B13=0 B14=0 B15=0 B16=0 B17=0 B18=0 B19=0 B20=0 B21=0 B22=0 B23=0 B24=0 B25=0 B26=0 B27=0 B28=0 B29=0 B30=0 B31=0]
I20260206 06:19:25.898994 2574039 publisher.cc:393] Waiting for acknowledgments, received 6293959 out of 8388608 (elapsed: 4s, timeout: 60s) [B0=3854 B1=2098503 B2=2098503 B3=2093099 B4=0 B5=0 B6=0 B7=0 B8=0 B9=0 B10=0 B11=0 B12=0 B13=0 B14=0 B15=0 B16=0 B17=0 B18=0 B19=0 B20=0 B21=0 B22=0 B23=0 B24=0 B25=0 B26=0 B27=0 B28=0 B29=0 B30=0 B31=0]
I20260206 06:19:26.899142 2574039 publisher.cc:393] Waiting for acknowledgments, received 6293959 out of 8388608 (elapsed: 5s, timeout: 60s) [B0=3854 B1=2098503 B2=2098503 B3=2093099 B4=0 B5=0 B6=0 B7=0 B8=0 B9=0 B10=0 B11=0 B12=0 B13=0 B14=0 B15=0 B16=0 B17=0 B18=0 B19=0 B20=0 B21=0 B22=0 B23=0 B24=0 B25=0 B26=0 B27=0 B28=0 B29=0 B30=0 B31=0]
I20260206 06:19:27.899286 2574039 publisher.cc:393] Waiting for acknowledgments, received 6293959 out of 8388608 (elapsed: 6s, timeout: 60s) [B0=3854 B1=2098503 B2=2098503 B3=2093099 B4=0 B5=0 B6=0 B7=0 B8=0 B9=0 B10=0 B11=0 B12=0 B13=0 B14=0 B15=0 B16=0 B17=0 B18=0 B19=0 B20=0 B21=0 B22=0 B23=0 B24=0 B25=0 B26=0 B27=0 B28=0 B29=0 B30=0 B31=0]
I20260206 06:19:28.899511 2574039 publisher.cc:393] Waiting for acknowledgments, received 6293959 out of 8388608 (elapsed: 7s, timeout: 60s) [B0=3854 B1=2098503 B2=2098503 B3=2093099 B4=0 B5=0 B6=0 B7=0 B8=0 B9=0 B10=0 B11=0 B12=0 B13=0 B14=0 B15=0 B16=0 B17=0 B18=0 B19=0 B20=0 B21=0 B22=0 B23=0 B24=0 B25=0 B26=0 B27=0 B28=0 B29=0 B30=0 B31=0]
I20260206 06:19:29.899770 2574039 publisher.cc:393] Waiting for acknowledgments, received 6293959 out of 8388608 (elapsed: 8s, timeout: 60s) [B0=3854 B1=2098503 B2=2098503 B3=2093099 B4=0 B5=0 B6=0 B7=0 B8=0 B9=0 B10=0 B11=0 B12=0 B13=0 B14=0 B15=0 B16=0 B17=0 B18=0 B19=0 B20=0 B21=0 B22=0 B23=0 B24=0 B25=0 B26=0 B27=0 B28=0 B29=0 B30=0 B31=0]
I20260206 06:19:30.900075 2574039 publisher.cc:393] Waiting for acknowledgments, received 6293959 out of 8388608 (elapsed: 9s, timeout: 60s) [B0=3854 B1=2098503 B2=2098503 B3=2093099 B4=0 B5=0 B6=0 B7=0 B8=0 B9=0 B10=0 B11=0 B12=0 B13=0 B14=0 B15=0 B16=0 B17=0 B18=0 B19=0 B20=0 B21=0 B22=0 B23=0 B24=0 B25=0 B26=0 B27=0 B28=0 B29=0 B30=0 B31=0]
I20260206 06:19:31.900329 2574039 publisher.cc:393] Waiting for acknowledgments, received 6293959 out of 8388608 (elapsed: 10s, timeout: 60s) [B0=3854 B1=2098503 B2=2098503 B3=2093099 B4=0 B5=0 B6=0 B7=0 B8=0 B9=0 B10=0 B11=0 B12=0 B13=0 B14=0 B15=0 B16=0 B17=0 B18=0 B19=0 B20=0 B21=0 B22=0 B23=0 B24=0 B25=0 B26=0 B27=0 B28=0 B29=0 B30=0 B31=0]
I20260206 06:19:32.900524 2574039 publisher.cc:393] Waiting for acknowledgments, received 6293959 out of 8388608 (elapsed: 11s, timeout: 60s) [B0=3854 B1=2098503 B2=2098503 B3=2093099 B4=0 B5=0 B6=0 B7=0 B8=0 B9=0 B10=0 B11=0 B12=0 B13=0 B14=0 B15=0 B16=0 B17=0 B18=0 B19=0 B20=0 B21=0 B22=0 B23=0 B24=0 B25=0 B26=0 B27=0 B28=0 B29=0 B30=0 B31=0]
I20260206 06:19:33.900767 2574039 publisher.cc:393] Waiting for acknowledgments, received 6293959 out of 8388608 (elapsed: 12s, timeout: 60s) [B0=3854 B1=2098503 B2=2098503 B3=2093099 B4=0 B5=0 B6=0 B7=0 B8=0 B9=0 B10=0 B11=0 B12=0 B13=0 B14=0 B15=0 B16=0 B17=0 B18=0 B19=0 B20=0 B21=0 B22=0 B23=0 B24=0 B25=0 B26=0 B27=0 B28=0 B29=0 B30=0 B31=0]
I20260206 06:19:34.901022 2574039 publisher.cc:393] Waiting for acknowledgments, received 6293959 out of 8388608 (elapsed: 13s, timeout: 60s) [B0=3854 B1=2098503 B2=2098503 B3=2093099 B4=0 B5=0 B6=0 B7=0 B8=0 B9=0 B10=0 B11=0 B12=0 B13=0 B14=0 B15=0 B16=0 B17=0 B18=0 B19=0 B20=0 B21=0 B22=0 B23=0 B24=0 B25=0 B26=0 B27=0 B28=0 B29=0 B30=0 B31=0]
I20260206 06:19:35.901279 2574039 publisher.cc:393] Waiting for acknowledgments, received 6293959 out of 8388608 (elapsed: 14s, timeout: 60s) [B0=3854 B1=2098503 B2=2098503 B3=2093099 B4=0 B5=0 B6=0 B7=0 B8=0 B9=0 B10=0 B11=0 B12=0 B13=0 B14=0 B15=0 B16=0 B17=0 B18=0 B19=0 B20=0 B21=0 B22=0 B23=0 B24=0 B25=0 B26=0 B27=0 B28=0 B29=0 B30=0 B31=0]
I20260206 06:19:36.901520 2574039 publisher.cc:393] Waiting for acknowledgments, received 6293959 out of 8388608 (elapsed: 15s, timeout: 60s) [B0=3854 B1=2098503 B2=2098503 B3=2093099 B4=0 B5=0 B6=0 B7=0 B8=0 B9=0 B10=0 B11=0 B12=0 B13=0 B14=0 B15=0 B16=0 B17=0 B18=0 B19=0 B20=0 B21=0 B22=0 B23=0 B24=0 B25=0 B26=0 B27=0 B28=0 B29=0 B30=0 B31=0]
I20260206 06:19:37.901786 2574039 publisher.cc:393] Waiting for acknowledgments, received 6293959 out of 8388608 (elapsed: 16s, timeout: 60s) [B0=3854 B1=2098503 B2=2098503 B3=2093099 B4=0 B5=0 B6=0 B7=0 B8=0 B9=0 B10=0 B11=0 B12=0 B13=0 B14=0 B15=0 B16=0 B17=0 B18=0 B19=0 B20=0 B21=0 B22=0 B23=0 B24=0 B25=0 B26=0 B27=0 B28=0 B29=0 B30=0 B31=0]
I20260206 06:19:38.901999 2574039 publisher.cc:393] Waiting for acknowledgments, received 6293959 out of 8388608 (elapsed: 17s, timeout: 60s) [B0=3854 B1=2098503 B2=2098503 B3=2093099 B4=0 B5=0 B6=0 B7=0 B8=0 B9=0 B10=0 B11=0 B12=0 B13=0 B14=0 B15=0 B16=0 B17=0 B18=0 B19=0 B20=0 B21=0 B22=0 B23=0 B24=0 B25=0 B26=0 B27=0 B28=0 B29=0 B30=0 B31=0]
I20260206 06:19:39.902220 2574039 publisher.cc:393] Waiting for acknowledgments, received 6293959 out of 8388608 (elapsed: 18s, timeout: 60s) [B0=3854 B1=2098503 B2=2098503 B3=2093099 B4=0 B5=0 B6=0 B7=0 B8=0 B9=0 B10=0 B11=0 B12=0 B13=0 B14=0 B15=0 B16=0 B17=0 B18=0 B19=0 B20=0 B21=0 B22=0 B23=0 B24=0 B25=0 B26=0 B27=0 B28=0 B29=0 B30=0 B31=0]
I20260206 06:19:40.902415 2574039 publisher.cc:393] Waiting for acknowledgments, received 6293959 out of 8388608 (elapsed: 19s, timeout: 60s) [B0=3854 B1=2098503 B2=2098503 B3=2093099 B4=0 B5=0 B6=0 B7=0 B8=0 B9=0 B10=0 B11=0 B12=0 B13=0 B14=0 B15=0 B16=0 B17=0 B18=0 B19=0 B20=0 B21=0 B22=0 B23=0 B24=0 B25=0 B26=0 B27=0 B28=0 B29=0 B30=0 B31=0]
I20260206 06:19:41.902634 2574039 publisher.cc:393] Waiting for acknowledgments, received 6293959 out of 8388608 (elapsed: 20s, timeout: 60s) [B0=3854 B1=2098503 B2=2098503 B3=2093099 B4=0 B5=0 B6=0 B7=0 B8=0 B9=0 B10=0 B11=0 B12=0 B13=0 B14=0 B15=0 B16=0 B17=0 B18=0 B19=0 B20=0 B21=0 B22=0 B23=0 B24=0 B25=0 B26=0 B27=0 B28=0 B29=0 B30=0 B31=0]
I20260206 06:19:42.902833 2574039 publisher.cc:393] Waiting for acknowledgments, received 6293959 out of 8388608 (elapsed: 21s, timeout: 60s) [B0=3854 B1=2098503 B2=2098503 B3=2093099 B4=0 B5=0 B6=0 B7=0 B8=0 B9=0 B10=0 B11=0 B12=0 B13=0 B14=0 B15=0 B16=0 B17=0 B18=0 B19=0 B20=0 B21=0 B22=0 B23=0 B24=0 B25=0 B26=0 B27=0 B28=0 B29=0 B30=0 B31=0]
I20260206 06:19:43.903019 2574039 publisher.cc:393] Waiting for acknowledgments, received 6293959 out of 8388608 (elapsed: 22s, timeout: 60s) [B0=3854 B1=2098503 B2=2098503 B3=2093099 B4=0 B5=0 B6=0 B7=0 B8=0 B9=0 B10=0 B11=0 B12=0 B13=0 B14=0 B15=0 B16=0 B17=0 B18=0 B19=0 B20=0 B21=0 B22=0 B23=0 B24=0 B25=0 B26=0 B27=0 B28=0 B29=0 B30=0 B31=0]
I20260206 06:19:44.903223 2574039 publisher.cc:393] Waiting for acknowledgments, received 6293959 out of 8388608 (elapsed: 23s, timeout: 60s) [B0=3854 B1=2098503 B2=2098503 B3=2093099 B4=0 B5=0 B6=0 B7=0 B8=0 B9=0 B10=0 B11=0 B12=0 B13=0 B14=0 B15=0 B16=0 B17=0 B18=0 B19=0 B20=0 B21=0 B22=0 B23=0 B24=0 B25=0 B26=0 B27=0 B28=0 B29=0 B30=0 B31=0]
I20260206 06:19:45.903491 2574039 publisher.cc:393] Waiting for acknowledgments, received 6293959 out of 8388608 (elapsed: 24s, timeout: 60s) [B0=3854 B1=2098503 B2=2098503 B3=2093099 B4=0 B5=0 B6=0 B7=0 B8=0 B9=0 B10=0 B11=0 B12=0 B13=0 B14=0 B15=0 B16=0 B17=0 B18=0 B19=0 B20=0 B21=0 B22=0 B23=0 B24=0 B25=0 B26=0 B27=0 B28=0 B29=0 B30=0 B31=0]
I20260206 06:19:46.903730 2574039 publisher.cc:393] Waiting for acknowledgments, received 6293959 out of 8388608 (elapsed: 25s, timeout: 60s) [B0=3854 B1=2098503 B2=2098503 B3=2093099 B4=0 B5=0 B6=0 B7=0 B8=0 B9=0 B10=0 B11=0 B12=0 B13=0 B14=0 B15=0 B16=0 B17=0 B18=0 B19=0 B20=0 B21=0 B22=0 B23=0 B24=0 B25=0 B26=0 B27=0 B28=0 B29=0 B30=0 B31=0]
I20260206 06:19:47.903971 2574039 publisher.cc:393] Waiting for acknowledgments, received 6293959 out of 8388608 (elapsed: 26s, timeout: 60s) [B0=3854 B1=2098503 B2=2098503 B3=2093099 B4=0 B5=0 B6=0 B7=0 B8=0 B9=0 B10=0 B11=0 B12=0 B13=0 B14=0 B15=0 B16=0 B17=0 B18=0 B19=0 B20=0 B21=0 B22=0 B23=0 B24=0 B25=0 B26=0 B27=0 B28=0 B29=0 B30=0 B31=0]
I20260206 06:19:48.904202 2574039 publisher.cc:393] Waiting for acknowledgments, received 6293959 out of 8388608 (elapsed: 27s, timeout: 60s) [B0=3854 B1=2098503 B2=2098503 B3=2093099 B4=0 B5=0 B6=0 B7=0 B8=0 B9=0 B10=0 B11=0 B12=0 B13=0 B14=0 B15=0 B16=0 B17=0 B18=0 B19=0 B20=0 B21=0 B22=0 B23=0 B24=0 B25=0 B26=0 B27=0 B28=0 B29=0 B30=0 B31=0]
I20260206 06:19:49.904469 2574039 publisher.cc:393] Waiting for acknowledgments, received 6293959 out of 8388608 (elapsed: 28s, timeout: 60s) [B0=3854 B1=2098503 B2=2098503 B3=2093099 B4=0 B5=0 B6=0 B7=0 B8=0 B9=0 B10=0 B11=0 B12=0 B13=0 B14=0 B15=0 B16=0 B17=0 B18=0 B19=0 B20=0 B21=0 B22=0 B23=0 B24=0 B25=0 B26=0 B27=0 B28=0 B29=0 B30=0 B31=0]
I20260206 06:19:50.904723 2574039 publisher.cc:393] Waiting for acknowledgments, received 6293959 out of 8388608 (elapsed: 29s, timeout: 60s) [B0=3854 B1=2098503 B2=2098503 B3=2093099 B4=0 B5=0 B6=0 B7=0 B8=0 B9=0 B10=0 B11=0 B12=0 B13=0 B14=0 B15=0 B16=0 B17=0 B18=0 B19=0 B20=0 B21=0 B22=0 B23=0 B24=0 B25=0 B26=0 B27=0 B28=0 B29=0 B30=0 B31=0]
I20260206 06:19:51.904964 2574039 publisher.cc:393] Waiting for acknowledgments, received 6293959 out of 8388608 (elapsed: 30s, timeout: 60s) [B0=3854 B1=2098503 B2=2098503 B3=2093099 B4=0 B5=0 B6=0 B7=0 B8=0 B9=0 B10=0 B11=0 B12=0 B13=0 B14=0 B15=0 B16=0 B17=0 B18=0 B19=0 B20=0 B21=0 B22=0 B23=0 B24=0 B25=0 B26=0 B27=0 B28=0 B29=0 B30=0 B31=0]
I20260206 06:19:52.905185 2574039 publisher.cc:393] Waiting for acknowledgments, received 6293959 out of 8388608 (elapsed: 31s, timeout: 60s) [B0=3854 B1=2098503 B2=2098503 B3=2093099 B4=0 B5=0 B6=0 B7=0 B8=0 B9=0 B10=0 B11=0 B12=0 B13=0 B14=0 B15=0 B16=0 B17=0 B18=0 B19=0 B20=0 B21=0 B22=0 B23=0 B24=0 B25=0 B26=0 B27=0 B28=0 B29=0 B30=0 B31=0]
I20260206 06:19:53.905405 2574039 publisher.cc:393] Waiting for acknowledgments, received 6293959 out of 8388608 (elapsed: 32s, timeout: 60s) [B0=3854 B1=2098503 B2=2098503 B3=2093099 B4=0 B5=0 B6=0 B7=0 B8=0 B9=0 B10=0 B11=0 B12=0 B13=0 B14=0 B15=0 B16=0 B17=0 B18=0 B19=0 B20=0 B21=0 B22=0 B23=0 B24=0 B25=0 B26=0 B27=0 B28=0 B29=0 B30=0 B31=0]
I20260206 06:19:54.905643 2574039 publisher.cc:393] Waiting for acknowledgments, received 6293959 out of 8388608 (elapsed: 33s, timeout: 60s) [B0=3854 B1=2098503 B2=2098503 B3=2093099 B4=0 B5=0 B6=0 B7=0 B8=0 B9=0 B10=0 B11=0 B12=0 B13=0 B14=0 B15=0 B16=0 B17=0 B18=0 B19=0 B20=0 B21=0 B22=0 B23=0 B24=0 B25=0 B26=0 B27=0 B28=0 B29=0 B30=0 B31=0]
I20260206 06:19:55.905830 2574039 publisher.cc:393] Waiting for acknowledgments, received 6293959 out of 8388608 (elapsed: 34s, timeout: 60s) [B0=3854 B1=2098503 B2=2098503 B3=2093099 B4=0 B5=0 B6=0 B7=0 B8=0 B9=0 B10=0 B11=0 B12=0 B13=0 B14=0 B15=0 B16=0 B17=0 B18=0 B19=0 B20=0 B21=0 B22=0 B23=0 B24=0 B25=0 B26=0 B27=0 B28=0 B29=0 B30=0 B31=0]
I20260206 06:19:56.906029 2574039 publisher.cc:393] Waiting for acknowledgments, received 6293959 out of 8388608 (elapsed: 35s, timeout: 60s) [B0=3854 B1=2098503 B2=2098503 B3=2093099 B4=0 B5=0 B6=0 B7=0 B8=0 B9=0 B10=0 B11=0 B12=0 B13=0 B14=0 B15=0 B16=0 B17=0 B18=0 B19=0 B20=0 B21=0 B22=0 B23=0 B24=0 B25=0 B26=0 B27=0 B28=0 B29=0 B30=0 B31=0]
I20260206 06:19:57.906275 2574039 publisher.cc:393] Waiting for acknowledgments, received 6293959 out of 8388608 (elapsed: 36s, timeout: 60s) [B0=3854 B1=2098503 B2=2098503 B3=2093099 B4=0 B5=0 B6=0 B7=0 B8=0 B9=0 B10=0 B11=0 B12=0 B13=0 B14=0 B15=0 B16=0 B17=0 B18=0 B19=0 B20=0 B21=0 B22=0 B23=0 B24=0 B25=0 B26=0 B27=0 B28=0 B29=0 B30=0 B31=0]
I20260206 06:19:58.906488 2574039 publisher.cc:393] Waiting for acknowledgments, received 6293959 out of 8388608 (elapsed: 37s, timeout: 60s) [B0=3854 B1=2098503 B2=2098503 B3=2093099 B4=0 B5=0 B6=0 B7=0 B8=0 B9=0 B10=0 B11=0 B12=0 B13=0 B14=0 B15=0 B16=0 B17=0 B18=0 B19=0 B20=0 B21=0 B22=0 B23=0 B24=0 B25=0 B26=0 B27=0 B28=0 B29=0 B30=0 B31=0]
I20260206 06:19:59.906731 2574039 publisher.cc:393] Waiting for acknowledgments, received 6293959 out of 8388608 (elapsed: 38s, timeout: 60s) [B0=3854 B1=2098503 B2=2098503 B3=2093099 B4=0 B5=0 B6=0 B7=0 B8=0 B9=0 B10=0 B11=0 B12=0 B13=0 B14=0 B15=0 B16=0 B17=0 B18=0 B19=0 B20=0 B21=0 B22=0 B23=0 B24=0 B25=0 B26=0 B27=0 B28=0 B29=0 B30=0 B31=0]
I20260206 06:20:00.906949 2574039 publisher.cc:393] Waiting for acknowledgments, received 6293959 out of 8388608 (elapsed: 39s, timeout: 60s) [B0=3854 B1=2098503 B2=2098503 B3=2093099 B4=0 B5=0 B6=0 B7=0 B8=0 B9=0 B10=0 B11=0 B12=0 B13=0 B14=0 B15=0 B16=0 B17=0 B18=0 B19=0 B20=0 B21=0 B22=0 B23=0 B24=0 B25=0 B26=0 B27=0 B28=0 B29=0 B30=0 B31=0]
I20260206 06:20:01.907197 2574039 publisher.cc:393] Waiting for acknowledgments, received 6293959 out of 8388608 (elapsed: 40s, timeout: 60s) [B0=3854 B1=2098503 B2=2098503 B3=2093099 B4=0 B5=0 B6=0 B7=0 B8=0 B9=0 B10=0 B11=0 B12=0 B13=0 B14=0 B15=0 B16=0 B17=0 B18=0 B19=0 B20=0 B21=0 B22=0 B23=0 B24=0 B25=0 B26=0 B27=0 B28=0 B29=0 B30=0 B31=0]
I20260206 06:20:02.907433 2574039 publisher.cc:393] Waiting for acknowledgments, received 6293959 out of 8388608 (elapsed: 41s, timeout: 60s) [B0=3854 B1=2098503 B2=2098503 B3=2093099 B4=0 B5=0 B6=0 B7=0 B8=0 B9=0 B10=0 B11=0 B12=0 B13=0 B14=0 B15=0 B16=0 B17=0 B18=0 B19=0 B20=0 B21=0 B22=0 B23=0 B24=0 B25=0 B26=0 B27=0 B28=0 B29=0 B30=0 B31=0]
I20260206 06:20:03.907647 2574039 publisher.cc:393] Waiting for acknowledgments, received 6293959 out of 8388608 (elapsed: 42s, timeout: 60s) [B0=3854 B1=2098503 B2=2098503 B3=2093099 B4=0 B5=0 B6=0 B7=0 B8=0 B9=0 B10=0 B11=0 B12=0 B13=0 B14=0 B15=0 B16=0 B17=0 B18=0 B19=0 B20=0 B21=0 B22=0 B23=0 B24=0 B25=0 B26=0 B27=0 B28=0 B29=0 B30=0 B31=0]
I20260206 06:20:04.907830 2574039 publisher.cc:393] Waiting for acknowledgments, received 6293959 out of 8388608 (elapsed: 43s, timeout: 60s) [B0=3854 B1=2098503 B2=2098503 B3=2093099 B4=0 B5=0 B6=0 B7=0 B8=0 B9=0 B10=0 B11=0 B12=0 B13=0 B14=0 B15=0 B16=0 B17=0 B18=0 B19=0 B20=0 B21=0 B22=0 B23=0 B24=0 B25=0 B26=0 B27=0 B28=0 B29=0 B30=0 B31=0]
I20260206 06:20:05.908033 2574039 publisher.cc:393] Waiting for acknowledgments, received 6293959 out of 8388608 (elapsed: 44s, timeout: 60s) [B0=3854 B1=2098503 B2=2098503 B3=2093099 B4=0 B5=0 B6=0 B7=0 B8=0 B9=0 B10=0 B11=0 B12=0 B13=0 B14=0 B15=0 B16=0 B17=0 B18=0 B19=0 B20=0 B21=0 B22=0 B23=0 B24=0 B25=0 B26=0 B27=0 B28=0 B29=0 B30=0 B31=0]
I20260206 06:20:06.908272 2574039 publisher.cc:393] Waiting for acknowledgments, received 6293959 out of 8388608 (elapsed: 45s, timeout: 60s) [B0=3854 B1=2098503 B2=2098503 B3=2093099 B4=0 B5=0 B6=0 B7=0 B8=0 B9=0 B10=0 B11=0 B12=0 B13=0 B14=0 B15=0 B16=0 B17=0 B18=0 B19=0 B20=0 B21=0 B22=0 B23=0 B24=0 B25=0 B26=0 B27=0 B28=0 B29=0 B30=0 B31=0]
I20260206 06:20:07.908499 2574039 publisher.cc:393] Waiting for acknowledgments, received 6293959 out of 8388608 (elapsed: 46s, timeout: 60s) [B0=3854 B1=2098503 B2=2098503 B3=2093099 B4=0 B5=0 B6=0 B7=0 B8=0 B9=0 B10=0 B11=0 B12=0 B13=0 B14=0 B15=0 B16=0 B17=0 B18=0 B19=0 B20=0 B21=0 B22=0 B23=0 B24=0 B25=0 B26=0 B27=0 B28=0 B29=0 B30=0 B31=0]
I20260206 06:20:08.908715 2574039 publisher.cc:393] Waiting for acknowledgments, received 6293959 out of 8388608 (elapsed: 47s, timeout: 60s) [B0=3854 B1=2098503 B2=2098503 B3=2093099 B4=0 B5=0 B6=0 B7=0 B8=0 B9=0 B10=0 B11=0 B12=0 B13=0 B14=0 B15=0 B16=0 B17=0 B18=0 B19=0 B20=0 B21=0 B22=0 B23=0 B24=0 B25=0 B26=0 B27=0 B28=0 B29=0 B30=0 B31=0]
I20260206 06:20:09.908974 2574039 publisher.cc:393] Waiting for acknowledgments, received 6293959 out of 8388608 (elapsed: 48s, timeout: 60s) [B0=3854 B1=2098503 B2=2098503 B3=2093099 B4=0 B5=0 B6=0 B7=0 B8=0 B9=0 B10=0 B11=0 B12=0 B13=0 B14=0 B15=0 B16=0 B17=0 B18=0 B19=0 B20=0 B21=0 B22=0 B23=0 B24=0 B25=0 B26=0 B27=0 B28=0 B29=0 B30=0 B31=0]
I20260206 06:20:10.909210 2574039 publisher.cc:393] Waiting for acknowledgments, received 6293959 out of 8388608 (elapsed: 49s, timeout: 60s) [B0=3854 B1=2098503 B2=2098503 B3=2093099 B4=0 B5=0 B6=0 B7=0 B8=0 B9=0 B10=0 B11=0 B12=0 B13=0 B14=0 B15=0 B16=0 B17=0 B18=0 B19=0 B20=0 B21=0 B22=0 B23=0 B24=0 B25=0 B26=0 B27=0 B28=0 B29=0 B30=0 B31=0]
I20260206 06:20:11.909471 2574039 publisher.cc:393] Waiting for acknowledgments, received 6293959 out of 8388608 (elapsed: 50s, timeout: 60s) [B0=3854 B1=2098503 B2=2098503 B3=2093099 B4=0 B5=0 B6=0 B7=0 B8=0 B9=0 B10=0 B11=0 B12=0 B13=0 B14=0 B15=0 B16=0 B17=0 B18=0 B19=0 B20=0 B21=0 B22=0 B23=0 B24=0 B25=0 B26=0 B27=0 B28=0 B29=0 B30=0 B31=0]
I20260206 06:20:12.909680 2574039 publisher.cc:393] Waiting for acknowledgments, received 6293959 out of 8388608 (elapsed: 51s, timeout: 60s) [B0=3854 B1=2098503 B2=2098503 B3=2093099 B4=0 B5=0 B6=0 B7=0 B8=0 B9=0 B10=0 B11=0 B12=0 B13=0 B14=0 B15=0 B16=0 B17=0 B18=0 B19=0 B20=0 B21=0 B22=0 B23=0 B24=0 B25=0 B26=0 B27=0 B28=0 B29=0 B30=0 B31=0]
I20260206 06:20:13.909937 2574039 publisher.cc:393] Waiting for acknowledgments, received 6293959 out of 8388608 (elapsed: 52s, timeout: 60s) [B0=3854 B1=2098503 B2=2098503 B3=2093099 B4=0 B5=0 B6=0 B7=0 B8=0 B9=0 B10=0 B11=0 B12=0 B13=0 B14=0 B15=0 B16=0 B17=0 B18=0 B19=0 B20=0 B21=0 B22=0 B23=0 B24=0 B25=0 B26=0 B27=0 B28=0 B29=0 B30=0 B31=0]
I20260206 06:20:14.910203 2574039 publisher.cc:393] Waiting for acknowledgments, received 6293959 out of 8388608 (elapsed: 53s, timeout: 60s) [B0=3854 B1=2098503 B2=2098503 B3=2093099 B4=0 B5=0 B6=0 B7=0 B8=0 B9=0 B10=0 B11=0 B12=0 B13=0 B14=0 B15=0 B16=0 B17=0 B18=0 B19=0 B20=0 B21=0 B22=0 B23=0 B24=0 B25=0 B26=0 B27=0 B28=0 B29=0 B30=0 B31=0]
I20260206 06:20:15.910413 2574039 publisher.cc:393] Waiting for acknowledgments, received 6293959 out of 8388608 (elapsed: 54s, timeout: 60s) [B0=3854 B1=2098503 B2=2098503 B3=2093099 B4=0 B5=0 B6=0 B7=0 B8=0 B9=0 B10=0 B11=0 B12=0 B13=0 B14=0 B15=0 B16=0 B17=0 B18=0 B19=0 B20=0 B21=0 B22=0 B23=0 B24=0 B25=0 B26=0 B27=0 B28=0 B29=0 B30=0 B31=0]
I20260206 06:20:16.910666 2574039 publisher.cc:393] Waiting for acknowledgments, received 6293959 out of 8388608 (elapsed: 55s, timeout: 60s) [B0=3854 B1=2098503 B2=2098503 B3=2093099 B4=0 B5=0 B6=0 B7=0 B8=0 B9=0 B10=0 B11=0 B12=0 B13=0 B14=0 B15=0 B16=0 B17=0 B18=0 B19=0 B20=0 B21=0 B22=0 B23=0 B24=0 B25=0 B26=0 B27=0 B28=0 B29=0 B30=0 B31=0]
I20260206 06:20:17.910938 2574039 publisher.cc:393] Waiting for acknowledgments, received 6293959 out of 8388608 (elapsed: 56s, timeout: 60s) [B0=3854 B1=2098503 B2=2098503 B3=2093099 B4=0 B5=0 B6=0 B7=0 B8=0 B9=0 B10=0 B11=0 B12=0 B13=0 B14=0 B15=0 B16=0 B17=0 B18=0 B19=0 B20=0 B21=0 B22=0 B23=0 B24=0 B25=0 B26=0 B27=0 B28=0 B29=0 B30=0 B31=0]
I20260206 06:20:18.911196 2574039 publisher.cc:393] Waiting for acknowledgments, received 6293959 out of 8388608 (elapsed: 57s, timeout: 60s) [B0=3854 B1=2098503 B2=2098503 B3=2093099 B4=0 B5=0 B6=0 B7=0 B8=0 B9=0 B10=0 B11=0 B12=0 B13=0 B14=0 B15=0 B16=0 B17=0 B18=0 B19=0 B20=0 B21=0 B22=0 B23=0 B24=0 B25=0 B26=0 B27=0 B28=0 B29=0 B30=0 B31=0]
I20260206 06:20:19.911473 2574039 publisher.cc:393] Waiting for acknowledgments, received 6293959 out of 8388608 (elapsed: 58s, timeout: 60s) [B0=3854 B1=2098503 B2=2098503 B3=2093099 B4=0 B5=0 B6=0 B7=0 B8=0 B9=0 B10=0 B11=0 B12=0 B13=0 B14=0 B15=0 B16=0 B17=0 B18=0 B19=0 B20=0 B21=0 B22=0 B23=0 B24=0 B25=0 B26=0 B27=0 B28=0 B29=0 B30=0 B31=0]
I20260206 06:20:20.911731 2574039 publisher.cc:393] Waiting for acknowledgments, received 6293959 out of 8388608 (elapsed: 59s, timeout: 60s) [B0=3854 B1=2098503 B2=2098503 B3=2093099 B4=0 B5=0 B6=0 B7=0 B8=0 B9=0 B10=0 B11=0 B12=0 B13=0 B14=0 B15=0 B16=0 B17=0 B18=0 B19=0 B20=0 B21=0 B22=0 B23=0 B24=0 B25=0 B26=0 B27=0 B28=0 B29=0 B30=0 B31=0]
E20260206 06:20:21.898478 2574039 publisher.cc:361] [Publisher ACK Timeout]: Waited 60 seconds for ACKs, received 6293959 out of 8388608 (timeout=60s)
E20260206 06:20:21.898520 2574039 publisher.cc:364] [Publisher ACK Diagnostics]: ack_level=1, last_ack_received=6293959, client_order=8388608
E20260206 06:20:21.898526 2574039 publisher.cc:366] [Publisher Batch Stats]: total_batches_sent=4354 attempted=0 failed=0 (sent_all=yes)
E20260206 06:20:21.898541 2574039 publisher.cc:376] [Publisher ACK Per-Broker]: B0=3854 B1=2098503 B2=2098503 B3=2093099 B4=0 B5=0 B6=0 B7=0 B8=0 B9=0 B10=0 B11=0 B12=0 B13=0 B14=0 B15=0 B16=0 B17=0 B18=0 B19=0 B20=0 B21=0 B22=0 B23=0 B24=0 B25=0 B26=0 B27=0 B28=0 B29=0 B30=0 B31=0
E20260206 06:20:21.898547 2574039 test_utils.cc:270] Publish test failed: ACK wait timed out
I20260206 06:20:21.905777 2574039 result_writer.cc:193] Publish bandwidth: 0.00 MB/s
--- broker_0_trial1.log Order0 connection close (final_written) ---
--- broker_0_trial1.log [Broker recv] near end ---
--- broker_1_trial1.log Order0 connection close (final_written) ---
--- broker_1_trial1.log [Broker recv] near end ---
--- broker_2_trial1.log Order0 connection close (final_written) ---
--- broker_2_trial1.log [Broker recv] near end ---
--- broker_3_trial1.log Order0 connection close (final_written) ---
--- broker_3_trial1.log [Broker recv] near end ---
--- broker_4_trial1.log Order0 connection close (final_written) ---
--- broker_4_trial1.log [Broker recv] near end ---
Test completed, cleaning up broker processes...
Terminated broker process with PID 2573164
Terminated broker process with PID 2573661
Terminated broker process with PID 2573662
Terminated broker process with PID 2573663
All processes have finished for trial 1 with message size 1024
Cleaning up stale brokers and ports...
All experiments have finished.
