
=================================================================
  EMBARCADERO SEQUENCER - ABLATION STUDY
=================================================================

Config: 4 brokers, 1 producers, 5s, 10% L5, 3 runs, std::sort, validate=yes, steady_state=yes, pbr_threshold=0.1%, validity=max, pbr_entries=4194304 --suite=ablation,levels,scalability

=================================================================
  ABLATION 1: Per-Batch vs Per-Epoch (paired, 3 runs)
=================================================================
  (Per-epoch: atomics = epochs with non-empty output; when sequencer is bottleneck,
   epochs << duration/τ, so atomics << 10000 for 5s @ 500μs.)
  Warmup... done
  Steady-state... reached (cv=0.0%, backlog_max=0)
  Running... done
  Validating... PASSED
  WARNING: PBR_full=61201 (0.9% of attempts). Run may be saturation-bound; consider larger pbr_entries or fewer producers for interpretable throughput.
  [COMPLETENESS WARN] large in-flight at t1: 16777216 (injected=25491508, accounted=8714292)
  [SANITY WARN] P99 latency 8445.6 ms is high; system is backlogged.
  [SANITY WARN] PBR full 0.9% exceeds threshold 0.1%.
  Warmup... done
  Steady-state... reached (cv=0.0%, backlog_max=0)
  Running... done
  Validating... PASSED
  WARNING: PBR_full=66565 (1.7% of attempts). Run may be saturation-bound; consider larger pbr_entries or fewer producers for interpretable throughput.
  [COMPLETENESS WARN] large in-flight at t1: 16777216 (injected=21878642, accounted=5101426)
  [SANITY WARN] P99 latency 10832.1 ms is high; system is backlogged.
  [SANITY WARN] PBR full 1.7% exceeds threshold 0.1%.
  Warmup... done
  Steady-state... reached (cv=0.0%, backlog_max=0)
  Running... done
  Validating... PASSED
  WARNING: PBR_full=68788 (2.2% of attempts). Run may be saturation-bound; consider larger pbr_entries or fewer producers for interpretable throughput.
  [COMPLETENESS WARN] large in-flight at t1: 16777216 (injected=21215405, accounted=4438189)
  [SANITY WARN] P99 latency 8903.1 ms is high; system is backlogged.
  [SANITY WARN] PBR full 2.2% exceeds threshold 0.1%.
  Warmup... done
  Steady-state... reached (cv=0.0%, backlog_max=1)
  Running... done
  Validating... PASSED
  WARNING: Zero throughput. PBR_full=80048 (if high: PBR saturated - try larger pbr_entries or fewer producers).
  [INVALID RUN] Zero throughput in non-stress mode.
  WARNING: PBR_full=80048 (100.0% of attempts). Run may be saturation-bound; consider larger pbr_entries or fewer producers for interpretable throughput.
  [COMPLETENESS WARN] large in-flight at t1: 16777216 (injected=20379348, accounted=3602132)
  [SANITY WARN] P99 latency 7375.7 ms is high; system is backlogged.
  [SANITY WARN] PBR full 100.0% exceeds threshold 0.1%.
  Warmup... done
  Steady-state... reached (cv=0.0%, backlog_max=1)
  Running... done
  Validating... PASSED
  WARNING: PBR_full=64428 (1.2% of attempts). Run may be saturation-bound; consider larger pbr_entries or fewer producers for interpretable throughput.
  [COMPLETENESS WARN] large in-flight at t1: 16777216 (injected=24550323, accounted=7773107)
  [SANITY WARN] P99 latency 8964.0 ms is high; system is backlogged.
  [SANITY WARN] PBR full 1.2% exceeds threshold 0.1%.
  Warmup... done
  Steady-state... reached (cv=0.0%, backlog_max=0)
  Running... done
  Validating... PASSED
  WARNING: PBR_full=63814 (1.6% of attempts). Run may be saturation-bound; consider larger pbr_entries or fewer producers for interpretable throughput.
  [COMPLETENESS WARN] large in-flight at t1: 16777216 (injected=22066954, accounted=5289738)
  [SANITY WARN] P99 latency 11017.1 ms is high; system is backlogged.
  [SANITY WARN] PBR full 1.6% exceeds threshold 0.1%.
  Warmup... done
  Steady-state... reached (cv=0.0%, backlog_max=1)
  Running... done
  Validating... PASSED
  WARNING: PBR_full=74938 (0.7% of attempts). Run may be saturation-bound; consider larger pbr_entries or fewer producers for interpretable throughput.
  [COMPLETENESS WARN] large in-flight at t1: 5654052 (injected=21035737, accounted=15381685)
  [SANITY WARN] P99 latency 6374.3 ms is high; system is backlogged.
  [SANITY WARN] PBR full 0.7% exceeds threshold 0.1%.
  Warmup... done
  Steady-state... reached (cv=0.0%, backlog_max=1)
  Running... done
  Validating... PASSED
  WARNING: Zero throughput. PBR_full=79668 (if high: PBR saturated - try larger pbr_entries or fewer producers).
  [INVALID RUN] Zero throughput in non-stress mode.
  WARNING: PBR_full=79668 (100.0% of attempts). Run may be saturation-bound; consider larger pbr_entries or fewer producers for interpretable throughput.
  [COMPLETENESS WARN] large in-flight at t1: 16777216 (injected=20064231, accounted=3287015)
  [SANITY WARN] P99 latency 7676.3 ms is high; system is backlogged.
  [SANITY WARN] PBR full 100.0% exceeds threshold 0.1%.
-----------------------------------------------------------------
  Per-Batch Atomic (Baseline) (3/3 valid runs)
-----------------------------------------------------------------
  Throughput: 1.07 M/s [0.61, 2.29] ±0.71 M/s (cv 66.4%, 95% CI ±0.8 M/s)
  P99 Latency: 8903053.95 μs [6374261.88, 8964027.46]
  Atomics: 15805125  Epochs: 3  Gaps: 0  PBR_full: 69384
  Efficiency: 5.2% of theoretical max (21 GB/s)
-----------------------------------------------------------------
  Per-Epoch Atomic (Optimized) (1/3 valid runs)
-----------------------------------------------------------------
  Throughput: 0.81 M/s [0.81, 0.81] ±0.00 M/s (cv 0.0%, 95% CI ±0.0 M/s)
  P99 Latency: 11017147.83 μs [11017147.83, 11017147.83]
  Atomics: 4  Epochs: 4  Gaps: 0  PBR_full: 63814
  Efficiency: 3.9% of theoretical max (21 GB/s)

  >>> SPEEDUP: [INVALID COMPARISON] One or both modes were PBR-bound; speedup only computed when PBR saturation < 0.10%.
  >>> ATOMIC REDUCTION: 3951281×

=================================================================
  Level 0 (Total Order)
=================================================================
  Warmup... done
  Steady-state... reached (cv=0.0%, backlog_max=0)
  Running... done
  Validating... PASSED
  WARNING: PBR_full=56154 (0.7% of attempts). Run may be saturation-bound; consider larger pbr_entries or fewer producers for interpretable throughput.
  [COMPLETENESS WARN] large in-flight at t1: 16777216 (injected=26695366, accounted=9918150)
  [SANITY WARN] P99 latency 10941.1 ms is high; system is backlogged.
  [SANITY WARN] PBR full 0.7% exceeds threshold 0.1%.
  Warmup... done
  Steady-state... reached (cv=0.0%, backlog_max=0)
  Running... done
  Validating... PASSED
  WARNING: Zero throughput. PBR_full=73274 (if high: PBR saturated - try larger pbr_entries or fewer producers).
  [INVALID RUN] Zero throughput in non-stress mode.
  WARNING: PBR_full=73274 (100.0% of attempts). Run may be saturation-bound; consider larger pbr_entries or fewer producers for interpretable throughput.
  [COMPLETENESS WARN] large in-flight at t1: 16777216 (injected=19862330, accounted=3085114)
  [SANITY WARN] P99 latency 6985.1 ms is high; system is backlogged.
  [SANITY WARN] PBR full 100.0% exceeds threshold 0.1%.
  [RUN SKIPPED] invalid run (steady-state/saturation/sanity failure)
  Warmup... done
  Steady-state... reached (cv=0.0%, backlog_max=0)
  Running... done
  Validating... PASSED
  WARNING: Zero throughput. PBR_full=80020 (if high: PBR saturated - try larger pbr_entries or fewer producers).
  [INVALID RUN] Zero throughput in non-stress mode.
  WARNING: PBR_full=80020 (100.0% of attempts). Run may be saturation-bound; consider larger pbr_entries or fewer producers for interpretable throughput.
  [COMPLETENESS WARN] large in-flight at t1: 16777216 (injected=19581372, accounted=2804156)
  [SANITY WARN] P99 latency 7504.2 ms is high; system is backlogged.
  [SANITY WARN] PBR full 100.0% exceeds threshold 0.1%.
  [RUN SKIPPED] invalid run (steady-state/saturation/sanity failure)
  Warmup... done
  Steady-state... reached (cv=0.0%, backlog_max=1)
  Running... done
  Validating... PASSED
  WARNING: PBR_full=56747 (0.6% of attempts). Run may be saturation-bound; consider larger pbr_entries or fewer producers for interpretable throughput.
  [COMPLETENESS WARN] large in-flight at t1: 16777216 (injected=29441293, accounted=12664077)
  [SANITY WARN] P99 latency 8772.9 ms is high; system is backlogged.
  [SANITY WARN] PBR full 0.6% exceeds threshold 0.1%.
  [WARN] Valid runs 1/3 (invalid runs excluded from stats)
-----------------------------------------------------------------
  Level 0 (Total Order) (1/3 valid runs)
-----------------------------------------------------------------
  Throughput: 1.84 M/s [1.84, 1.84] ±0.00 M/s (cv 0.0%, 95% CI ±0.0 M/s)
  P99 Latency: 8772860.90 μs [8772860.90, 8772860.90]
  Atomics: 4  Epochs: 4  Gaps: 0  PBR_full: 56747
  Efficiency: 9.0% of theoretical max (21 GB/s)

=================================================================
  Mixed 10% L5
=================================================================
  Warmup... done
  Steady-state... reached (cv=0.0%, backlog_max=0)
  Running... done
  Validating... PASSED
  WARNING: Zero throughput. PBR_full=75999 (if high: PBR saturated - try larger pbr_entries or fewer producers).
  [INVALID RUN] Zero throughput in non-stress mode.
  WARNING: PBR_full=75999 (100.0% of attempts). Run may be saturation-bound; consider larger pbr_entries or fewer producers for interpretable throughput.
  [COMPLETENESS WARN] large in-flight at t1: 16777216 (injected=19054950, accounted=2277734)
  [SANITY WARN] P99 latency 8245.5 ms is high; system is backlogged.
  [SANITY WARN] PBR full 100.0% exceeds threshold 0.1%.
  Warmup... done
  Steady-state... reached (cv=0.0%, backlog_max=1)
  Running... done
  Validating... PASSED
  WARNING: PBR_full=73685 (1.1% of attempts). Run may be saturation-bound; consider larger pbr_entries or fewer producers for interpretable throughput.
  [COMPLETENESS WARN] large in-flight at t1: 10448741 (injected=20261320, accounted=9812579)
  [SANITY WARN] P99 latency 9090.2 ms is high; system is backlogged.
  [SANITY WARN] PBR full 1.1% exceeds threshold 0.1%.
  Warmup... done
  Steady-state... reached (cv=0.0%, backlog_max=1)
  Running... done
  Validating... PASSED
  WARNING: PBR_full=62684 (0.9% of attempts). Run may be saturation-bound; consider larger pbr_entries or fewer producers for interpretable throughput.
  [COMPLETENESS WARN] large in-flight at t1: 14267997 (injected=23694644, accounted=9426647)
  [SANITY WARN] P99 latency 19522.4 ms is high; system is backlogged.
  [SANITY WARN] PBR full 0.9% exceeds threshold 0.1%.
  Warmup... done
  Steady-state... reached (cv=0.0%, backlog_max=1)
  Running... done
  Validating... PASSED
  WARNING: Zero throughput. PBR_full=74328 (if high: PBR saturated - try larger pbr_entries or fewer producers).
  [INVALID RUN] Zero throughput in non-stress mode.
  WARNING: PBR_full=74328 (100.0% of attempts). Run may be saturation-bound; consider larger pbr_entries or fewer producers for interpretable throughput.
  [COMPLETENESS WARN] large in-flight at t1: 16777216 (injected=20294896, accounted=3517680)
  [SANITY WARN] P99 latency 8799.4 ms is high; system is backlogged.
  [SANITY WARN] PBR full 100.0% exceeds threshold 0.1%.
  [RUN SKIPPED] invalid run (steady-state/saturation/sanity failure)
  [WARN] Valid runs 2/3 (invalid runs excluded from stats)
-----------------------------------------------------------------
  Mixed 10% L5 (2/3 valid runs)
-----------------------------------------------------------------
  Throughput: 1.35 M/s [1.34, 1.37] ±0.02 M/s (cv 1.3%, 95% CI ±0.0 M/s)
  P99 Latency: 14306327.98 μs [9090248.25, 19522407.70]
  Atomics: 3  Epochs: 3  Gaps: 0  PBR_full: 68184
  Efficiency: 6.6% of theoretical max (21 GB/s)

=================================================================
  Stress Test (100% L5)
=================================================================
  Warmup... done
  Steady-state... reached (cv=0.0%, backlog_max=1)
  Running... done
  Validating... PASSED
  WARNING: Zero throughput. PBR_full=77345 (if high: PBR saturated - try larger pbr_entries or fewer producers).
  WARNING: PBR_full=77345 (100.0% of attempts). Run may be saturation-bound; consider larger pbr_entries or fewer producers for interpretable throughput.
  [COMPLETENESS WARN] large in-flight at t1: 16777217 (injected=17639913, accounted=862696)
  [SANITY WARN] P99 latency 281737.3 ms is high; system is backlogged.
  [SANITY WARN] PBR full 100.0% exceeds threshold 0.1%.
  Warmup... done
  Steady-state... reached (cv=0.0%, backlog_max=1)
  Running... done
  Validating... PASSED
  WARNING: Zero throughput. PBR_full=74866 (if high: PBR saturated - try larger pbr_entries or fewer producers).
  WARNING: PBR_full=74866 (100.0% of attempts). Run may be saturation-bound; consider larger pbr_entries or fewer producers for interpretable throughput.
  [COMPLETENESS WARN] large in-flight at t1: 16777225 (injected=17891799, accounted=1114574)
  [SANITY WARN] P99 latency 463471.5 ms is high; system is backlogged.
  [SANITY WARN] PBR full 100.0% exceeds threshold 0.1%.
  Warmup... done
  Steady-state... reached (cv=0.0%, backlog_max=1)
  Running... done
  Validating... PASSED
  WARNING: PBR_full=74008 (9.5% of attempts). Run may be saturation-bound; consider larger pbr_entries or fewer producers for interpretable throughput.
  [COMPLETENESS WARN] large in-flight at t1: 16777222 (injected=18029794, accounted=1252572)
  [SANITY WARN] P99 latency 173561.4 ms is high; system is backlogged.
  [SANITY WARN] PBR full 9.5% exceeds threshold 0.1%.
  Warmup... done
  Steady-state... reached (cv=0.0%, backlog_max=1)
  Running... done
  Validating... PASSED
  WARNING: Zero throughput. PBR_full=74334 (if high: PBR saturated - try larger pbr_entries or fewer producers).
  WARNING: PBR_full=74334 (100.0% of attempts). Run may be saturation-bound; consider larger pbr_entries or fewer producers for interpretable throughput.
  [COMPLETENESS WARN] large in-flight at t1: 16777216 (injected=17626467, accounted=849251)
  [SANITY WARN] P99 latency 445565.8 ms is high; system is backlogged.
  [SANITY WARN] PBR full 100.0% exceeds threshold 0.1%.
-----------------------------------------------------------------
  Stress Test (100% L5) (3/3 valid runs)
-----------------------------------------------------------------
  Throughput: 0.00 M/s [0.00, 0.14] ±0.07 M/s (cv 0.0%, 95% CI ±0.1 M/s)
  P99 Latency: 445565827.58 μs [173561444.53, 463471522.27]
  Atomics: 1  Epochs: 1  Gaps: 0  PBR_full: 74402
  Efficiency: 0.7% of theoretical max (21 GB/s)

=================================================================
  SCALABILITY: Threads (median of 3 runs)
=================================================================
 Threads     Batches/s  [min, max]      MB/s   P99 μs
-----------------------------------------------------------------
  Warmup... done
  Steady-state... reached (cv=0.0%, backlog_max=0)
  Running... done
  Validating... PASSED
  WARNING: PBR_full=62641 (1.7% of attempts). Run may be saturation-bound; consider larger pbr_entries or fewer producers for interpretable throughput.
  [COMPLETENESS WARN] large in-flight at t1: 16777216 (injected=21739798, accounted=4962582)
  [SANITY WARN] P99 latency 23837.8 ms is high; system is backlogged.
  [SANITY WARN] PBR full 1.7% exceeds threshold 0.1%.
  Warmup... done
  Steady-state... reached (cv=0.0%, backlog_max=0)
  Running... done
  Validating... PASSED
  WARNING: Zero throughput. PBR_full=74464 (if high: PBR saturated - try larger pbr_entries or fewer producers).
  [INVALID RUN] Zero throughput in non-stress mode.
  WARNING: PBR_full=74464 (100.0% of attempts). Run may be saturation-bound; consider larger pbr_entries or fewer producers for interpretable throughput.
  [COMPLETENESS WARN] large in-flight at t1: 16777216 (injected=19063253, accounted=2286037)
  [SANITY WARN] P99 latency 12067.7 ms is high; system is backlogged.
  [SANITY WARN] PBR full 100.0% exceeds threshold 0.1%.
  [RUN SKIPPED] invalid run (steady-state/saturation/sanity failure)
  Warmup... done
  Steady-state... reached (cv=0.0%, backlog_max=0)
  Running... done
  Validating... PASSED
  WARNING: PBR_full=59005 (1.1% of attempts). Run may be saturation-bound; consider larger pbr_entries or fewer producers for interpretable throughput.
  [COMPLETENESS WARN] large in-flight at t1: 16777216 (injected=23567645, accounted=6790429)
  [SANITY WARN] P99 latency 22022.0 ms is high; system is backlogged.
  [SANITY WARN] PBR full 1.1% exceeds threshold 0.1%.
  Warmup... done
  Steady-state... reached (cv=0.0%, backlog_max=1)
  Running... done
  Validating... PASSED
  WARNING: PBR_full=65094 (1.1% of attempts). Run may be saturation-bound; consider larger pbr_entries or fewer producers for interpretable throughput.
  [COMPLETENESS WARN] large in-flight at t1: 13324002 (injected=21928705, accounted=8604703)
  [SANITY WARN] P99 latency 20402.1 ms is high; system is backlogged.
  [SANITY WARN] PBR full 1.1% exceeds threshold 0.1%.
  [WARN] Valid runs 2/3 (invalid runs excluded from stats)
       1       1127145 [1029976, 1224313]   1154.20 MB/s 21212073.5 μs
  Warmup... done
  Steady-state... reached (cv=0.0%, backlog_max=0)
  Running... done
  Validating... PASSED
  WARNING: PBR_full=89306 (2.4% of attempts). Run may be saturation-bound; consider larger pbr_entries or fewer producers for interpretable throughput.
  [COMPLETENESS WARN] large in-flight at t1: 16777216 (injected=22734560, accounted=5957344)
  [SANITY WARN] P99 latency 22297.2 ms is high; system is backlogged.
  [SANITY WARN] Throughput 718507.0 << expected min ~1000000 batches/s.
  [SANITY WARN] PBR full 2.4% exceeds threshold 0.1%.
  Warmup... done
  Steady-state... reached (cv=0.0%, backlog_max=1)
  Running... done
  Validating... PASSED
  WARNING: PBR_full=79429 (1.3% of attempts). Run may be saturation-bound; consider larger pbr_entries or fewer producers for interpretable throughput.
  [COMPLETENESS WARN] large in-flight at t1: 14888405 (injected=24083425, accounted=9195020)
  [SANITY WARN] P99 latency 19926.6 ms is high; system is backlogged.
  [SANITY WARN] PBR full 1.3% exceeds threshold 0.1%.
  Warmup... done
  Steady-state... reached (cv=0.0%, backlog_max=0)
  Running... done
  Validating... PASSED
  WARNING: PBR_full=63148 (2.4% of attempts). Run may be saturation-bound; consider larger pbr_entries or fewer producers for interpretable throughput.
  [COMPLETENESS WARN] large in-flight at t1: 16777216 (injected=21384600, accounted=4607384)
  [SANITY WARN] P99 latency 15038.9 ms is high; system is backlogged.
  [SANITY WARN] Throughput 514095.7 << expected min ~1000000 batches/s.
  [SANITY WARN] PBR full 2.4% exceeds threshold 0.1%.
  Warmup... done
  Steady-state... reached (cv=0.0%, backlog_max=1)
  Running... done
  Validating... PASSED
  WARNING: PBR_full=95973 (2.7% of attempts). Run may be saturation-bound; consider larger pbr_entries or fewer producers for interpretable throughput.
  [COMPLETENESS WARN] large in-flight at t1: 16777218 (injected=22749984, accounted=5972766)
  [SANITY WARN] P99 latency 15000.2 ms is high; system is backlogged.
  [SANITY WARN] Throughput 699982.2 << expected min ~1000000 batches/s.
  [SANITY WARN] PBR full 2.7% exceeds threshold 0.1%.
       2        699982 [514096, 1172564]    716.78 MB/s 15038883.6 μs
  Warmup... done
  Steady-state... reached (cv=0.0%, backlog_max=0)
  Running... done
  Validating... PASSED
  WARNING: Zero throughput. PBR_full=309518 (if high: PBR saturated - try larger pbr_entries or fewer producers).
  [INVALID RUN] Zero throughput in non-stress mode.
  WARNING: PBR_full=309518 (100.0% of attempts). Run may be saturation-bound; consider larger pbr_entries or fewer producers for interpretable throughput.
  [COMPLETENESS WARN] large in-flight at t1: 16777216 (injected=18951823, accounted=2174607)
  [SANITY WARN] P99 latency 9295.8 ms is high; system is backlogged.
  [SANITY WARN] Throughput 0.0 << expected min ~2000000 batches/s.
  [SANITY WARN] PBR full 100.0% exceeds threshold 0.1%.
  Warmup... done
  Steady-state... reached (cv=0.0%, backlog_max=1)
  Running... done
  Validating... PASSED
  WARNING: PBR_full=230713 (11.0% of attempts). Run may be saturation-bound; consider larger pbr_entries or fewer producers for interpretable throughput.
  [COMPLETENESS WARN] large in-flight at t1: 16777216 (injected=22243307, accounted=5466091)
  [SANITY WARN] P99 latency 25483.2 ms is high; system is backlogged.
  [SANITY WARN] Throughput 373182.4 << expected min ~2000000 batches/s.
  [SANITY WARN] PBR full 11.0% exceeds threshold 0.1%.
  Warmup... done
  Steady-state... reached (cv=0.0%, backlog_max=0)
  Running... done
  Validating... PASSED
  WARNING: PBR_full=175277 (3.5% of attempts). Run may be saturation-bound; consider larger pbr_entries or fewer producers for interpretable throughput.
  [COMPLETENESS WARN] large in-flight at t1: 16777216 (injected=23186843, accounted=6409627)
  [SANITY WARN] P99 latency 21841.2 ms is high; system is backlogged.
  [SANITY WARN] Throughput 954519.0 << expected min ~2000000 batches/s.
  [SANITY WARN] PBR full 3.5% exceeds threshold 0.1%.
  Warmup... done
  Steady-state... reached (cv=0.0%, backlog_max=1)
  Running... done
  Validating... PASSED
  WARNING: PBR_full=267102 (3.6% of attempts). Run may be saturation-bound; consider larger pbr_entries or fewer producers for interpretable throughput.
  [COMPLETENESS WARN] large in-flight at t1: 11683398 (injected=21444275, accounted=9760877)
  [SANITY WARN] P99 latency 18535.4 ms is high; system is backlogged.
  [SANITY WARN] Throughput 1419296.3 << expected min ~2000000 batches/s.
  [SANITY WARN] PBR full 3.6% exceeds threshold 0.1%.
       4        954519 [373182, 1419296]    977.43 MB/s 21841226.9 μs
  Warmup... done
  Steady-state... reached (cv=0.0%, backlog_max=0)
  Running... done
  Validating... PASSED
  WARNING: PBR_full=450900 (7.0% of attempts). Run may be saturation-bound; consider larger pbr_entries or fewer producers for interpretable throughput.
  [COMPLETENESS WARN] large in-flight at t1: 4194305 (injected=11613307, accounted=7419002)
  [SANITY WARN] P99 latency 2803.1 ms is high; system is backlogged.
  [SANITY WARN] Throughput 1201609.8 << expected min ~4000000 batches/s.
  [SANITY WARN] PBR full 7.0% exceeds threshold 0.1%.
  Warmup... done
  Steady-state... reached (cv=0.0%, backlog_max=0)
  Running... done
  Validating... PASSED
  WARNING: PBR_full=433025 (5.2% of attempts). Run may be saturation-bound; consider larger pbr_entries or fewer producers for interpretable throughput.
  [COMPLETENESS WARN] large in-flight at t1: 4215662 (injected=13192696, accounted=8977034)
  [SANITY WARN] P99 latency 3225.5 ms is high; system is backlogged.
  [SANITY WARN] Throughput 1586721.5 << expected min ~4000000 batches/s.
  [SANITY WARN] PBR full 5.2% exceeds threshold 0.1%.
  [SANITY WARN] Drop rate 1.06% is too high for a log system.
  [INVALID RUN] Drops not allowed for this validity mode.
  [RUN SKIPPED] invalid run (steady-state/saturation/sanity failure)
  Warmup... done
  Steady-state... reached (cv=0.0%, backlog_max=0)
  Running... done
  Validating... PASSED
  WARNING: PBR_full=327914 (4.4% of attempts). Run may be saturation-bound; consider larger pbr_entries or fewer producers for interpretable throughput.
  [COMPLETENESS WARN] large in-flight at t1: 1097186 (injected=10250902, accounted=9153716)
  [SANITY WARN] P99 latency 5674.8 ms is high; system is backlogged.
  [SANITY WARN] Throughput 1421909.0 << expected min ~4000000 batches/s.
  [SANITY WARN] PBR full 4.4% exceeds threshold 0.1%.
  [SANITY WARN] Drop rate 0.78% is too high for a log system.
  [INVALID RUN] Drops not allowed for this validity mode.
  [RUN SKIPPED] invalid run (steady-state/saturation/sanity failure)
  Warmup... done
  Steady-state... reached (cv=0.0%, backlog_max=1)
  Running... done
  Validating... PASSED
  WARNING: PBR_full=353002 (4.5% of attempts). Run may be saturation-bound; consider larger pbr_entries or fewer producers for interpretable throughput.
  [COMPLETENESS WARN] large in-flight at t1: 4291471 (injected=14428938, accounted=10137467)
  [SANITY WARN] P99 latency 3556.5 ms is high; system is backlogged.
  [SANITY WARN] Throughput 1496660.0 << expected min ~4000000 batches/s.
  [SANITY WARN] PBR full 4.5% exceeds threshold 0.1%.
  [SANITY WARN] Drop rate 0.26% is too high for a log system.
  [INVALID RUN] Drops not allowed for this validity mode.
  [RUN SKIPPED] invalid run (steady-state/saturation/sanity failure)
  [WARN] Valid runs 0/3 (invalid runs excluded from stats)
       8             0 [0, 0]      0.00 MB/s 0.0 μs
  Warmup... done
  Steady-state... reached (cv=0.0%, backlog_max=0)
  Running... done
  Validating... PASSED
  WARNING: PBR_full=964467 (12.6% of attempts). Run may be saturation-bound; consider larger pbr_entries or fewer producers for interpretable throughput.
  [COMPLETENESS WARN] large in-flight at t1: 4249760 (injected=12380852, accounted=8131092)
  [SANITY WARN] P99 latency 3449.9 ms is high; system is backlogged.
  [SANITY WARN] Throughput 1343493.8 << expected min ~8000000 batches/s.
  [SANITY WARN] PBR full 12.6% exceeds threshold 0.1%.
  Warmup... done
  Steady-state... reached (cv=0.0%, backlog_max=0)
  Running... done
  Validating... PASSED
  WARNING: PBR_full=655652 (10.1% of attempts). Run may be saturation-bound; consider larger pbr_entries or fewer producers for interpretable throughput.
  [COMPLETENESS WARN] large in-flight at t1: 4293128 (injected=12472721, accounted=8179593)
  [SANITY WARN] P99 latency 3299.3 ms is high; system is backlogged.
  [SANITY WARN] Throughput 1166087.1 << expected min ~8000000 batches/s.
  [SANITY WARN] PBR full 10.1% exceeds threshold 0.1%.
  Warmup... done
  Steady-state... reached (cv=0.0%, backlog_max=0)
  Running... done
  Validating... PASSED
  WARNING: PBR_full=874118 (9.9% of attempts). Run may be saturation-bound; consider larger pbr_entries or fewer producers for interpretable throughput.
  [COMPLETENESS WARN] large in-flight at t1: 3527565 (injected=12675106, accounted=9147541)
  [SANITY WARN] P99 latency 3458.3 ms is high; system is backlogged.
  [SANITY WARN] Throughput 1584047.3 << expected min ~8000000 batches/s.
  [SANITY WARN] PBR full 9.9% exceeds threshold 0.1%.
  [SANITY WARN] Drop rate 1.31% is too high for a log system.
  [INVALID RUN] Drops not allowed for this validity mode.
  [RUN SKIPPED] invalid run (steady-state/saturation/sanity failure)
  Warmup... done
  Steady-state... reached (cv=0.0%, backlog_max=0)
  Running... done
  Validating... PASSED
  WARNING: PBR_full=864162 (12.9% of attempts). Run may be saturation-bound; consider larger pbr_entries or fewer producers for interpretable throughput.
  [COMPLETENESS WARN] large in-flight at t1: 4254318 (injected=12791593, accounted=8537275)
  [SANITY WARN] P99 latency 3179.6 ms is high; system is backlogged.
  [SANITY WARN] Throughput 1170592.3 << expected min ~8000000 batches/s.
  [SANITY WARN] PBR full 12.9% exceeds threshold 0.1%.
  [WARN] Valid runs 2/3 (invalid runs excluded from stats)
      16       1168340 [1166087, 1170592]   1196.38 MB/s 3239402.8 μs

=================================================================
  Complete
=================================================================

