I20260722 09:48:27.833633 1400598 main.cc:72] Using threads_per_broker from config: 3
I20260722 09:48:28.341143 1400598 test_utils.cc:1054] 

===== Publish Throughput Test =====
	  Message size: 1024 bytes
	  Total message size: 8589934592 bytes
	  Threads per broker: 4
	  ACK level: 1
	  Order level: 5
	  Sequencer: EMBARCADERO
I20260722 09:48:28.341341 1400598 publisher.cc:463] Publisher: Expecting 4 brokers (from NUM_BROKERS env)
I20260722 09:48:28.341420 1400598 publisher.cc:2001] Publisher runtime mode=throughput ack_drain_ms_success=50 ack_drain_ms_failure=3000 ack_timeout_sec=30 epoll_wait_writable_ms=1
I20260722 09:48:28.341436 1400598 publisher.cc:2007] Publisher session lease_ns=180000000000 unacked_byte_cap_pre_pool=2319282339840 ack_level=1 memory_emulated_ack2=0 unacked_retention=pool_pin
I20260722 09:48:28.342010 1400598 common.cc:392] Hugepages: 2048 free × 2048 kB = 4096 MB free; need 1023 MB (OK)
W20260722 09:48:28.342063 1400598 common.cc:461] mmap_large_buffer: MAP_HUGETLB unavailable, falling back to THP/madvise path for 1073479552 bytes
I20260722 09:48:29.853781 1400598 queue_buffer.cc:203] QueueBuffer::AddBuffers region_slots=2047 slot_size=524416 pool_bytes=1073479552 hint_bytes=1073741824 max_pool_bytes=4294967296 queues=16 (pipeline_slots_per_queue=32)
I20260722 09:48:29.853823 1400598 publisher.cc:2072] Publisher unacked_byte_cap=2319282339840 pool_bytes=1073479552 unacked_retention=pool_pin
I20260722 09:48:29.863339 1406057 publisher.cc:762] [SESSION_OPEN_ACK] broker_id=0 client_id=359356 assigned_session_epoch=1 committed_hwm=0 has_committed_prefix=0 status=0
I20260722 09:48:29.903523 1406059 publisher.cc:762] [SESSION_OPEN_ACK] broker_id=0 client_id=359356 assigned_session_epoch=1 committed_hwm=0 has_committed_prefix=0 status=0
I20260722 09:48:29.943714 1406061 publisher.cc:762] [SESSION_OPEN_ACK] broker_id=0 client_id=359356 assigned_session_epoch=1 committed_hwm=0 has_committed_prefix=0 status=0
I20260722 09:48:29.983830 1406062 publisher.cc:762] [SESSION_OPEN_ACK] broker_id=0 client_id=359356 assigned_session_epoch=1 committed_hwm=0 has_committed_prefix=0 status=0
I20260722 09:48:30.023864 1406064 publisher.cc:762] [SESSION_OPEN_ACK] broker_id=1 client_id=359356 assigned_session_epoch=1 committed_hwm=0 has_committed_prefix=0 status=0
I20260722 09:48:30.064077 1406066 publisher.cc:762] [SESSION_OPEN_ACK] broker_id=1 client_id=359356 assigned_session_epoch=1 committed_hwm=0 has_committed_prefix=0 status=0
I20260722 09:48:30.104177 1406068 publisher.cc:762] [SESSION_OPEN_ACK] broker_id=1 client_id=359356 assigned_session_epoch=1 committed_hwm=0 has_committed_prefix=0 status=0
I20260722 09:48:30.144280 1406070 publisher.cc:762] [SESSION_OPEN_ACK] broker_id=1 client_id=359356 assigned_session_epoch=1 committed_hwm=0 has_committed_prefix=0 status=0
I20260722 09:48:30.184540 1406072 publisher.cc:762] [SESSION_OPEN_ACK] broker_id=2 client_id=359356 assigned_session_epoch=1 committed_hwm=0 has_committed_prefix=0 status=0
I20260722 09:48:30.224437 1406074 publisher.cc:762] [SESSION_OPEN_ACK] broker_id=2 client_id=359356 assigned_session_epoch=1 committed_hwm=0 has_committed_prefix=0 status=0
I20260722 09:48:30.264736 1406076 publisher.cc:762] [SESSION_OPEN_ACK] broker_id=2 client_id=359356 assigned_session_epoch=1 committed_hwm=0 has_committed_prefix=0 status=0
I20260722 09:48:30.304601 1406078 publisher.cc:762] [SESSION_OPEN_ACK] broker_id=2 client_id=359356 assigned_session_epoch=1 committed_hwm=0 has_committed_prefix=0 status=0
I20260722 09:48:30.345112 1406080 publisher.cc:762] [SESSION_OPEN_ACK] broker_id=3 client_id=359356 assigned_session_epoch=1 committed_hwm=0 has_committed_prefix=0 status=0
I20260722 09:48:30.384900 1406082 publisher.cc:762] [SESSION_OPEN_ACK] broker_id=3 client_id=359356 assigned_session_epoch=1 committed_hwm=0 has_committed_prefix=0 status=0
I20260722 09:48:30.424986 1406084 publisher.cc:762] [SESSION_OPEN_ACK] broker_id=3 client_id=359356 assigned_session_epoch=1 committed_hwm=0 has_committed_prefix=0 status=0
I20260722 09:48:30.465174 1406086 publisher.cc:762] [SESSION_OPEN_ACK] broker_id=3 client_id=359356 assigned_session_epoch=1 committed_hwm=0 has_committed_prefix=0 status=0
I20260722 09:48:30.465597 1400598 test_utils.cc:1426] Push-ready barrier: wrote ready file /tmp/embarcadero_e4_ready_t3_c40_657087
I20260722 09:48:31.971786 1400598 test_utils.cc:1438] Push-ready barrier: go_ns=1784681311806237897  spinning until system clock reaches go time...
I20260722 09:48:31.971817 1400598 test_utils.cc:1444] Push-ready barrier: go time reached, starting push
I20260722 09:48:31.971840 1400598 test_utils.cc:1458] Publisher push start (wall ns): 1784681311971840080
I20260722 09:48:31.971863 1400598 test_utils.cc:1479] PublishThroughput pacing: target_mbps=500 steady_rate=true
E20260722 09:48:31.989938 1406064 publisher.cc:4198] Failed to send batch header: Broken pipe
E20260722 09:48:31.990410 1406064 publisher.cc:4235] Exception sending batch header: send failed
W20260722 09:48:31.990450 1406064 publisher.h:334] Failure/Event @ 3649 ms: Header Send Fail Broker 1 (send failed)
I20260722 09:48:31.990995 1406064 publisher.cc:762] [SESSION_OPEN_ACK] broker_id=0 client_id=359356 assigned_session_epoch=1 committed_hwm=3 has_committed_prefix=1 status=0
W20260722 09:48:31.991024 1406064 publisher.h:334] Failure/Event @ 3649 ms: Reconnect Success Broker 0 (from 1)
W20260722 09:48:32.023909 1406057 publisher.cc:3989] [ORDER5_GAP_INJECT] phase=start batch_seq=64 delay_ms=3000 wall_ms=1784681312023 event_rel_ms=4218
I20260722 09:48:34.800107 1405933 publisher.cc:762] [SESSION_OPEN_ACK] broker_id=0 client_id=359356 assigned_session_epoch=1 committed_hwm=3 has_committed_prefix=1 status=0
I20260722 09:48:34.802857 1405933 publisher.cc:762] [SESSION_OPEN_ACK] broker_id=3 client_id=359356 assigned_session_epoch=1 committed_hwm=3 has_committed_prefix=1 status=0
I20260722 09:48:34.805297 1405933 publisher.cc:762] [SESSION_OPEN_ACK] broker_id=2 client_id=359356 assigned_session_epoch=1 committed_hwm=63 has_committed_prefix=1 status=0
W20260722 09:48:35.024019 1406057 publisher.cc:4001] [ORDER5_GAP_INJECT] phase=end batch_seq=64 wall_ms=1784681315024
I20260722 09:48:49.457371 1400598 publisher.cc:2851] [ACK_VERIFY] normalized_received=8388608 raw_received=8388608 target=8388608 100%
I20260722 09:48:49.622438 1400598 publisher.cc:2864] [UNACKED_DRAIN] bytes=0 batches=0 session_sent_hwm=8388608 ack_base=0
I20260722 09:48:49.622460 1400598 publisher.cc:594] [ORDER5_ROUTING] client_id=359356 home_brokers=0 broker0_msgs=2622076 broker1_msgs=1573252 broker2_msgs=2097063 broker3_msgs=2096217
I20260722 09:48:49.622473 1400598 publisher.cc:2900] [POLL_BREAKDOWN] target_messages=8388608 ack_enabled=1 queue_drain_ms=0.044 publisher_join_ms=77.430 ack_wait_ms=0.000 post_ack_ms=165.105 total_poll_ms=242.580 target_acks=8388608 normalized_acks=8388608
I20260722 09:48:49.622491 1400598 test_utils.cc:1527] Publish test completed in 17.65 seconds (Poll overhead: 242 ms)
I20260722 09:48:49.622503 1400598 test_utils.cc:1531] Bandwidth: 464.12 MB/s | Send-done: 470.58 MB/s
I20260722 09:48:49.630407 1406164 publisher.cc:2366] Wrote throughput timeseries to /home/domin/Embarcadero/build/bin/throughput_timeseries_trial3_c40.csv
I20260722 09:48:49.996690 1400598 result_writer.cc:193] Publish bandwidth: 464.12 MB/s
