I20260722 09:46:58.845530 1394085 main.cc:72] Using threads_per_broker from config: 3
I20260722 09:46:59.353025 1394085 test_utils.cc:1054] 

===== Publish Throughput Test =====
	  Message size: 1024 bytes
	  Total message size: 8589934592 bytes
	  Threads per broker: 4
	  ACK level: 1
	  Order level: 5
	  Sequencer: EMBARCADERO
I20260722 09:46:59.353228 1394085 publisher.cc:463] Publisher: Expecting 4 brokers (from NUM_BROKERS env)
I20260722 09:46:59.353313 1394085 publisher.cc:2001] Publisher runtime mode=throughput ack_drain_ms_success=50 ack_drain_ms_failure=3000 ack_timeout_sec=30 epoll_wait_writable_ms=1
I20260722 09:46:59.353338 1394085 publisher.cc:2007] Publisher session lease_ns=180000000000 unacked_byte_cap_pre_pool=2319282339840 ack_level=1 memory_emulated_ack2=0 unacked_retention=pool_pin
I20260722 09:46:59.353948 1394085 common.cc:392] Hugepages: 2048 free × 2048 kB = 4096 MB free; need 1023 MB (OK)
W20260722 09:46:59.354000 1394085 common.cc:461] mmap_large_buffer: MAP_HUGETLB unavailable, falling back to THP/madvise path for 1073479552 bytes
I20260722 09:47:00.868012 1394085 queue_buffer.cc:203] QueueBuffer::AddBuffers region_slots=2047 slot_size=524416 pool_bytes=1073479552 hint_bytes=1073741824 max_pool_bytes=4294967296 queues=16 (pipeline_slots_per_queue=32)
I20260722 09:47:00.868038 1394085 publisher.cc:2072] Publisher unacked_byte_cap=2319282339840 pool_bytes=1073479552 unacked_retention=pool_pin
I20260722 09:47:00.870577 1399399 publisher.cc:762] [SESSION_OPEN_ACK] broker_id=0 client_id=813833 assigned_session_epoch=1 committed_hwm=0 has_committed_prefix=0 status=0
I20260722 09:47:00.910836 1399400 publisher.cc:762] [SESSION_OPEN_ACK] broker_id=0 client_id=813833 assigned_session_epoch=1 committed_hwm=0 has_committed_prefix=0 status=0
I20260722 09:47:00.950932 1399401 publisher.cc:762] [SESSION_OPEN_ACK] broker_id=0 client_id=813833 assigned_session_epoch=1 committed_hwm=0 has_committed_prefix=0 status=0
I20260722 09:47:00.991180 1399402 publisher.cc:762] [SESSION_OPEN_ACK] broker_id=0 client_id=813833 assigned_session_epoch=1 committed_hwm=0 has_committed_prefix=0 status=0
I20260722 09:47:01.031162 1399403 publisher.cc:762] [SESSION_OPEN_ACK] broker_id=1 client_id=813833 assigned_session_epoch=1 committed_hwm=0 has_committed_prefix=0 status=0
I20260722 09:47:01.071337 1399404 publisher.cc:762] [SESSION_OPEN_ACK] broker_id=1 client_id=813833 assigned_session_epoch=1 committed_hwm=0 has_committed_prefix=0 status=0
I20260722 09:47:01.111284 1399405 publisher.cc:762] [SESSION_OPEN_ACK] broker_id=1 client_id=813833 assigned_session_epoch=1 committed_hwm=0 has_committed_prefix=0 status=0
I20260722 09:47:01.151711 1399406 publisher.cc:762] [SESSION_OPEN_ACK] broker_id=1 client_id=813833 assigned_session_epoch=1 committed_hwm=0 has_committed_prefix=0 status=0
I20260722 09:47:01.191725 1399407 publisher.cc:762] [SESSION_OPEN_ACK] broker_id=2 client_id=813833 assigned_session_epoch=1 committed_hwm=0 has_committed_prefix=0 status=0
I20260722 09:47:01.231833 1399408 publisher.cc:762] [SESSION_OPEN_ACK] broker_id=2 client_id=813833 assigned_session_epoch=1 committed_hwm=0 has_committed_prefix=0 status=0
I20260722 09:47:01.271878 1399410 publisher.cc:762] [SESSION_OPEN_ACK] broker_id=2 client_id=813833 assigned_session_epoch=1 committed_hwm=0 has_committed_prefix=0 status=0
I20260722 09:47:01.311935 1399411 publisher.cc:762] [SESSION_OPEN_ACK] broker_id=2 client_id=813833 assigned_session_epoch=1 committed_hwm=0 has_committed_prefix=0 status=0
I20260722 09:47:01.352078 1399412 publisher.cc:762] [SESSION_OPEN_ACK] broker_id=3 client_id=813833 assigned_session_epoch=1 committed_hwm=0 has_committed_prefix=0 status=0
I20260722 09:47:01.392222 1399413 publisher.cc:762] [SESSION_OPEN_ACK] broker_id=3 client_id=813833 assigned_session_epoch=1 committed_hwm=0 has_committed_prefix=0 status=0
I20260722 09:47:01.432575 1399414 publisher.cc:762] [SESSION_OPEN_ACK] broker_id=3 client_id=813833 assigned_session_epoch=1 committed_hwm=0 has_committed_prefix=0 status=0
I20260722 09:47:01.472632 1399415 publisher.cc:762] [SESSION_OPEN_ACK] broker_id=3 client_id=813833 assigned_session_epoch=1 committed_hwm=0 has_committed_prefix=0 status=0
I20260722 09:47:01.473163 1394085 test_utils.cc:1426] Push-ready barrier: wrote ready file /tmp/embarcadero_e4_ready_t2_c41_657087
I20260722 09:47:02.910372 1394085 test_utils.cc:1438] Push-ready barrier: go_ns=1784681222740353986  spinning until system clock reaches go time...
I20260722 09:47:02.910399 1394085 test_utils.cc:1444] Push-ready barrier: go time reached, starting push
I20260722 09:47:02.910414 1394085 test_utils.cc:1458] Publisher push start (wall ns): 1784681222910414451
I20260722 09:47:02.910430 1394085 test_utils.cc:1479] PublishThroughput pacing: target_mbps=500 steady_rate=true
I20260722 09:47:20.319355 1394085 publisher.cc:2851] [ACK_VERIFY] normalized_received=8388608 raw_received=8388608 target=8388608 100%
I20260722 09:47:20.319406 1394085 publisher.cc:2864] [UNACKED_DRAIN] bytes=0 batches=0 session_sent_hwm=8388608 ack_base=0
I20260722 09:47:20.319432 1394085 publisher.cc:594] [ORDER5_ROUTING] client_id=813833 home_brokers=0 broker0_msgs=2097664 broker1_msgs=2097664 broker2_msgs=2097063 broker3_msgs=2096217
I20260722 09:47:20.319445 1394085 publisher.cc:2900] [POLL_BREAKDOWN] target_messages=8388608 ack_enabled=1 queue_drain_ms=0.047 publisher_join_ms=0.815 ack_wait_ms=0.000 post_ack_ms=0.095 total_poll_ms=0.958 target_acks=8388608 normalized_acks=8388608
I20260722 09:47:20.319465 1394085 test_utils.cc:1527] Publish test completed in 17.41 seconds (Poll overhead: 1 ms)
I20260722 09:47:20.319479 1394085 test_utils.cc:1531] Bandwidth: 470.56 MB/s | Send-done: 470.58 MB/s
I20260722 09:47:20.327715 1399478 publisher.cc:2366] Wrote throughput timeseries to /home/domin/Embarcadero/build/bin/throughput_timeseries_trial2_c41.csv
I20260722 09:47:20.678787 1394085 result_writer.cc:193] Publish bandwidth: 470.56 MB/s
