I20260722 09:46:58.845508 1393888 main.cc:72] Using threads_per_broker from config: 3
I20260722 09:46:59.353081 1393888 test_utils.cc:1054] 

===== Publish Throughput Test =====
	  Message size: 1024 bytes
	  Total message size: 8589934592 bytes
	  Threads per broker: 4
	  ACK level: 1
	  Order level: 5
	  Sequencer: EMBARCADERO
I20260722 09:46:59.353286 1393888 publisher.cc:463] Publisher: Expecting 4 brokers (from NUM_BROKERS env)
I20260722 09:46:59.353356 1393888 publisher.cc:2001] Publisher runtime mode=throughput ack_drain_ms_success=50 ack_drain_ms_failure=3000 ack_timeout_sec=30 epoll_wait_writable_ms=1
I20260722 09:46:59.353371 1393888 publisher.cc:2007] Publisher session lease_ns=180000000000 unacked_byte_cap_pre_pool=2319282339840 ack_level=1 memory_emulated_ack2=0 unacked_retention=pool_pin
I20260722 09:46:59.354049 1393888 common.cc:392] Hugepages: 2048 free × 2048 kB = 4096 MB free; need 1023 MB (OK)
W20260722 09:46:59.354100 1393888 common.cc:461] mmap_large_buffer: MAP_HUGETLB unavailable, falling back to THP/madvise path for 1073479552 bytes
I20260722 09:47:00.858847 1393888 queue_buffer.cc:203] QueueBuffer::AddBuffers region_slots=2047 slot_size=524416 pool_bytes=1073479552 hint_bytes=1073741824 max_pool_bytes=4294967296 queues=16 (pipeline_slots_per_queue=32)
I20260722 09:47:00.858876 1393888 publisher.cc:2072] Publisher unacked_byte_cap=2319282339840 pool_bytes=1073479552 unacked_retention=pool_pin
I20260722 09:47:00.861784 1399376 publisher.cc:762] [SESSION_OPEN_ACK] broker_id=0 client_id=525514 assigned_session_epoch=1 committed_hwm=0 has_committed_prefix=0 status=0
I20260722 09:47:00.901861 1399377 publisher.cc:762] [SESSION_OPEN_ACK] broker_id=0 client_id=525514 assigned_session_epoch=1 committed_hwm=0 has_committed_prefix=0 status=0
I20260722 09:47:00.942034 1399378 publisher.cc:762] [SESSION_OPEN_ACK] broker_id=0 client_id=525514 assigned_session_epoch=1 committed_hwm=0 has_committed_prefix=0 status=0
I20260722 09:47:00.982532 1399379 publisher.cc:762] [SESSION_OPEN_ACK] broker_id=0 client_id=525514 assigned_session_epoch=1 committed_hwm=0 has_committed_prefix=0 status=0
I20260722 09:47:01.022388 1399380 publisher.cc:762] [SESSION_OPEN_ACK] broker_id=1 client_id=525514 assigned_session_epoch=1 committed_hwm=0 has_committed_prefix=0 status=0
I20260722 09:47:01.062611 1399381 publisher.cc:762] [SESSION_OPEN_ACK] broker_id=1 client_id=525514 assigned_session_epoch=1 committed_hwm=0 has_committed_prefix=0 status=0
I20260722 09:47:01.102582 1399382 publisher.cc:762] [SESSION_OPEN_ACK] broker_id=1 client_id=525514 assigned_session_epoch=1 committed_hwm=0 has_committed_prefix=0 status=0
I20260722 09:47:01.142756 1399383 publisher.cc:762] [SESSION_OPEN_ACK] broker_id=1 client_id=525514 assigned_session_epoch=1 committed_hwm=0 has_committed_prefix=0 status=0
I20260722 09:47:01.182837 1399384 publisher.cc:762] [SESSION_OPEN_ACK] broker_id=2 client_id=525514 assigned_session_epoch=1 committed_hwm=0 has_committed_prefix=0 status=0
I20260722 09:47:01.222942 1399385 publisher.cc:762] [SESSION_OPEN_ACK] broker_id=2 client_id=525514 assigned_session_epoch=1 committed_hwm=0 has_committed_prefix=0 status=0
I20260722 09:47:01.263175 1399387 publisher.cc:762] [SESSION_OPEN_ACK] broker_id=2 client_id=525514 assigned_session_epoch=1 committed_hwm=0 has_committed_prefix=0 status=0
I20260722 09:47:01.303131 1399388 publisher.cc:762] [SESSION_OPEN_ACK] broker_id=2 client_id=525514 assigned_session_epoch=1 committed_hwm=0 has_committed_prefix=0 status=0
I20260722 09:47:01.343315 1399389 publisher.cc:762] [SESSION_OPEN_ACK] broker_id=3 client_id=525514 assigned_session_epoch=1 committed_hwm=0 has_committed_prefix=0 status=0
I20260722 09:47:01.383306 1399390 publisher.cc:762] [SESSION_OPEN_ACK] broker_id=3 client_id=525514 assigned_session_epoch=1 committed_hwm=0 has_committed_prefix=0 status=0
I20260722 09:47:01.423595 1399391 publisher.cc:762] [SESSION_OPEN_ACK] broker_id=3 client_id=525514 assigned_session_epoch=1 committed_hwm=0 has_committed_prefix=0 status=0
I20260722 09:47:01.463763 1399392 publisher.cc:762] [SESSION_OPEN_ACK] broker_id=3 client_id=525514 assigned_session_epoch=1 committed_hwm=0 has_committed_prefix=0 status=0
I20260722 09:47:01.464350 1393888 test_utils.cc:1426] Push-ready barrier: wrote ready file /tmp/embarcadero_e4_ready_t2_c40_657087
I20260722 09:47:02.906283 1393888 test_utils.cc:1438] Push-ready barrier: go_ns=1784681222740353986  spinning until system clock reaches go time...
I20260722 09:47:02.906307 1393888 test_utils.cc:1444] Push-ready barrier: go time reached, starting push
I20260722 09:47:02.906320 1393888 test_utils.cc:1458] Publisher push start (wall ns): 1784681222906320949
I20260722 09:47:02.906335 1393888 test_utils.cc:1479] PublishThroughput pacing: target_mbps=500 steady_rate=true
W20260722 09:47:02.958385 1399376 publisher.cc:3989] [ORDER5_GAP_INJECT] phase=start batch_seq=64 delay_ms=3000 wall_ms=1784681222958 event_rel_ms=4142
I20260722 09:47:05.814169 1399250 publisher.cc:762] [SESSION_OPEN_ACK] broker_id=3 client_id=525514 assigned_session_epoch=1 committed_hwm=63 has_committed_prefix=1 status=0
I20260722 09:47:05.816974 1399250 publisher.cc:762] [SESSION_OPEN_ACK] broker_id=1 client_id=525514 assigned_session_epoch=1 committed_hwm=63 has_committed_prefix=1 status=0
I20260722 09:47:05.820120 1399250 publisher.cc:762] [SESSION_OPEN_ACK] broker_id=0 client_id=525514 assigned_session_epoch=1 committed_hwm=63 has_committed_prefix=1 status=0
I20260722 09:47:05.823454 1399250 publisher.cc:762] [SESSION_OPEN_ACK] broker_id=2 client_id=525514 assigned_session_epoch=1 committed_hwm=63 has_committed_prefix=1 status=0
W20260722 09:47:05.958503 1399376 publisher.cc:4001] [ORDER5_GAP_INJECT] phase=end batch_seq=64 wall_ms=1784681225958
I20260722 09:47:20.393174 1393888 publisher.cc:2851] [ACK_VERIFY] normalized_received=8388608 raw_received=8388608 target=8388608 100%
I20260722 09:47:20.555078 1393888 publisher.cc:2864] [UNACKED_DRAIN] bytes=0 batches=0 session_sent_hwm=8388608 ack_base=0
I20260722 09:47:20.555100 1393888 publisher.cc:594] [ORDER5_ROUTING] client_id=525514 home_brokers=0 broker0_msgs=2097664 broker1_msgs=2097664 broker2_msgs=2097063 broker3_msgs=2096217
I20260722 09:47:20.555114 1393888 publisher.cc:2900] [POLL_BREAKDOWN] target_messages=8388608 ack_enabled=1 queue_drain_ms=0.027 publisher_join_ms=78.783 ack_wait_ms=0.000 post_ack_ms=161.945 total_poll_ms=240.756 target_acks=8388608 normalized_acks=8388608
I20260722 09:47:20.555135 1393888 test_utils.cc:1527] Publish test completed in 17.65 seconds (Poll overhead: 241 ms)
I20260722 09:47:20.555148 1393888 test_utils.cc:1531] Bandwidth: 464.17 MB/s | Send-done: 470.58 MB/s
I20260722 09:47:20.560283 1399477 publisher.cc:2366] Wrote throughput timeseries to /home/domin/Embarcadero/build/bin/throughput_timeseries_trial2_c40.csv
I20260722 09:47:20.914220 1393888 result_writer.cc:193] Publish bandwidth: 464.17 MB/s
